step=0001 retired_pc=0x80000000 debug_pc=0x80000004 inst=0x800000b7 asm="lui x1,0x80000" lsu_addr=0x00000000 lsu_addr16=0x0000 lsu_data=0x00000000 lsu_wen=0x0 lsu_ren=0x0 lsu_width=0
x00=0x00000000 x01=0x80000000 x02=0x00000000 x03=0x00000000 x04=0x00000000 x05=0x00000000 x06=0x00000000 x07=0x00000000 x08=0x00000000 x09=0x00000000 x10=0x00000000 x11=0x00000000 x12=0x00000000 x13=0x00000000 x14=0x00000000 x15=0x00000000 x16=0x00000000 x17=0x00000000 x18=0x00000000 x19=0x00000000 x20=0x00000000 x21=0x00000000 x22=0x00000000 x23=0x00000000 x24=0x00000000 x25=0x00000000 x26=0x00000000 x27=0x00000000 x28=0x00000000 x29=0x00000000 x30=0x00000000 x31=0x00000000
step=0002 retired_pc=0x80000004 debug_pc=0x80000008 inst=0x07f00293 asm="addi x5,x0,127" lsu_addr=0x00000000 lsu_addr16=0x0000 lsu_data=0x00000000 lsu_wen=0x0 lsu_ren=0x0 lsu_width=0
x00=0x00000000 x01=0x80000000 x02=0x00000000 x03=0x00000000 x04=0x00000000 x05=0x0000007f x06=0x00000000 x07=0x00000000 x08=0x00000000 x09=0x00000000 x10=0x00000000 x11=0x00000000 x12=0x00000000 x13=0x00000000 x14=0x00000000 x15=0x00000000 x16=0x00000000 x17=0x00000000 x18=0x00000000 x19=0x00000000 x20=0x00000000 x21=0x00000000 x22=0x00000000 x23=0x00000000 x24=0x00000000 x25=0x00000000 x26=0x00000000 x27=0x00000000 x28=0x00000000 x29=0x00000000 x30=0x00000000 x31=0x00000000
step=0003 retired_pc=0x80000008 debug_pc=0x8000000c inst=0x00508023 asm="sb x5,0(x1)" lsu_addr=0x80000000 lsu_addr16=0x0000 lsu_data=0x0000007f lsu_wen=0x1 lsu_ren=0x0 lsu_width=1
x00=0x00000000 x01=0x80000000 x02=0x00000000 x03=0x00000000 x04=0x00000000 x05=0x0000007f x06=0x00000000 x07=0x00000000 x08=0x00000000 x09=0x00000000 x10=0x00000000 x11=0x00000000 x12=0x00000000 x13=0x00000000 x14=0x00000000 x15=0x00000000 x16=0x00000000 x17=0x00000000 x18=0x00000000 x19=0x00000000 x20=0x00000000 x21=0x00000000 x22=0x00000000 x23=0x00000000 x24=0x00000000 x25=0x00000000 x26=0x00000000 x27=0x00000000 x28=0x00000000 x29=0x00000000 x30=0x00000000 x31=0x00000000
step=0004 retired_pc=0x8000000c debug_pc=0x80000010 inst=0x00008303 asm="lb x6,0(x1)" lsu_addr=0x80000000 lsu_addr16=0x0000 lsu_data=0x0000007f lsu_wen=0x0 lsu_ren=0x1 lsu_width=1
x00=0x00000000 x01=0x80000000 x02=0x00000000 x03=0x00000000 x04=0x00000000 x05=0x0000007f x06=0x0000007f x07=0x00000000 x08=0x00000000 x09=0x00000000 x10=0x00000000 x11=0x00000000 x12=0x00000000 x13=0x00000000 x14=0x00000000 x15=0x00000000 x16=0x00000000 x17=0x00000000 x18=0x00000000 x19=0x00000000 x20=0x00000000 x21=0x00000000 x22=0x00000000 x23=0x00000000 x24=0x00000000 x25=0x00000000 x26=0x00000000 x27=0x00000000 x28=0x00000000 x29=0x00000000 x30=0x00000000 x31=0x00000000
step=0005 retired_pc=0x80000010 debug_pc=0x80000014 inst=0xf8000293 asm="addi x5,x0,-128" lsu_addr=0x00000000 lsu_addr16=0x0000 lsu_data=0x00000000 lsu_wen=0x0 lsu_ren=0x0 lsu_width=0
x00=0x00000000 x01=0x80000000 x02=0x00000000 x03=0x00000000 x04=0x00000000 x05=0xffffff80 x06=0x0000007f x07=0x00000000 x08=0x00000000 x09=0x00000000 x10=0x00000000 x11=0x00000000 x12=0x00000000 x13=0x00000000 x14=0x00000000 x15=0x00000000 x16=0x00000000 x17=0x00000000 x18=0x00000000 x19=0x00000000 x20=0x00000000 x21=0x00000000 x22=0x00000000 x23=0x00000000 x24=0x00000000 x25=0x00000000 x26=0x00000000 x27=0x00000000 x28=0x00000000 x29=0x00000000 x30=0x00000000 x31=0x00000000
step=0006 retired_pc=0x80000014 debug_pc=0x80000018 inst=0x005080a3 asm="sb x5,1(x1)" lsu_addr=0x80000001 lsu_addr16=0x0001 lsu_data=0x00008000 lsu_wen=0x2 lsu_ren=0x0 lsu_width=1
x00=0x00000000 x01=0x80000000 x02=0x00000000 x03=0x00000000 x04=0x00000000 x05=0xffffff80 x06=0x0000007f x07=0x00000000 x08=0x00000000 x09=0x00000000 x10=0x00000000 x11=0x00000000 x12=0x00000000 x13=0x00000000 x14=0x00000000 x15=0x00000000 x16=0x00000000 x17=0x00000000 x18=0x00000000 x19=0x00000000 x20=0x00000000 x21=0x00000000 x22=0x00000000 x23=0x00000000 x24=0x00000000 x25=0x00000000 x26=0x00000000 x27=0x00000000 x28=0x00000000 x29=0x00000000 x30=0x00000000 x31=0x00000000
step=0007 retired_pc=0x80000018 debug_pc=0x8000001c inst=0x00108383 asm="lb x7,1(x1)" lsu_addr=0x80000001 lsu_addr16=0x0001 lsu_data=0xffffff80 lsu_wen=0x0 lsu_ren=0x1 lsu_width=1
x00=0x00000000 x01=0x80000000 x02=0x00000000 x03=0x00000000 x04=0x00000000 x05=0xffffff80 x06=0x0000007f x07=0xffffff80 x08=0x00000000 x09=0x00000000 x10=0x00000000 x11=0x00000000 x12=0x00000000 x13=0x00000000 x14=0x00000000 x15=0x00000000 x16=0x00000000 x17=0x00000000 x18=0x00000000 x19=0x00000000 x20=0x00000000 x21=0x00000000 x22=0x00000000 x23=0x00000000 x24=0x00000000 x25=0x00000000 x26=0x00000000 x27=0x00000000 x28=0x00000000 x29=0x00000000 x30=0x00000000 x31=0x00000000
step=0008 retired_pc=0x8000001c debug_pc=0x80000020 inst=0xfff00293 asm="addi x5,x0,-1" lsu_addr=0x00000000 lsu_addr16=0x0000 lsu_data=0x00000000 lsu_wen=0x0 lsu_ren=0x0 lsu_width=0
x00=0x00000000 x01=0x80000000 x02=0x00000000 x03=0x00000000 x04=0x00000000 x05=0xffffffff x06=0x0000007f x07=0xffffff80 x08=0x00000000 x09=0x00000000 x10=0x00000000 x11=0x00000000 x12=0x00000000 x13=0x00000000 x14=0x00000000 x15=0x00000000 x16=0x00000000 x17=0x00000000 x18=0x00000000 x19=0x00000000 x20=0x00000000 x21=0x00000000 x22=0x00000000 x23=0x00000000 x24=0x00000000 x25=0x00000000 x26=0x00000000 x27=0x00000000 x28=0x00000000 x29=0x00000000 x30=0x00000000 x31=0x00000000
step=0009 retired_pc=0x80000020 debug_pc=0x80000024 inst=0x00508123 asm="sb x5,2(x1)" lsu_addr=0x80000002 lsu_addr16=0x0002 lsu_data=0x00ff0000 lsu_wen=0x4 lsu_ren=0x0 lsu_width=1
x00=0x00000000 x01=0x80000000 x02=0x00000000 x03=0x00000000 x04=0x00000000 x05=0xffffffff x06=0x0000007f x07=0xffffff80 x08=0x00000000 x09=0x00000000 x10=0x00000000 x11=0x00000000 x12=0x00000000 x13=0x00000000 x14=0x00000000 x15=0x00000000 x16=0x00000000 x17=0x00000000 x18=0x00000000 x19=0x00000000 x20=0x00000000 x21=0x00000000 x22=0x00000000 x23=0x00000000 x24=0x00000000 x25=0x00000000 x26=0x00000000 x27=0x00000000 x28=0x00000000 x29=0x00000000 x30=0x00000000 x31=0x00000000
step=0010 retired_pc=0x80000024 debug_pc=0x80000028 inst=0x00208403 asm="lb x8,2(x1)" lsu_addr=0x80000002 lsu_addr16=0x0002 lsu_data=0xffffffff lsu_wen=0x0 lsu_ren=0x1 lsu_width=1
x00=0x00000000 x01=0x80000000 x02=0x00000000 x03=0x00000000 x04=0x00000000 x05=0xffffffff x06=0x0000007f x07=0xffffff80 x08=0xffffffff x09=0x00000000 x10=0x00000000 x11=0x00000000 x12=0x00000000 x13=0x00000000 x14=0x00000000 x15=0x00000000 x16=0x00000000 x17=0x00000000 x18=0x00000000 x19=0x00000000 x20=0x00000000 x21=0x00000000 x22=0x00000000 x23=0x00000000 x24=0x00000000 x25=0x00000000 x26=0x00000000 x27=0x00000000 x28=0x00000000 x29=0x00000000 x30=0x00000000 x31=0x00000000
step=0011 retired_pc=0x80000028 debug_pc=0x8000002c inst=0x00100293 asm="addi x5,x0,1" lsu_addr=0x00000000 lsu_addr16=0x0000 lsu_data=0x00000000 lsu_wen=0x0 lsu_ren=0x0 lsu_width=0
x00=0x00000000 x01=0x80000000 x02=0x00000000 x03=0x00000000 x04=0x00000000 x05=0x00000001 x06=0x0000007f x07=0xffffff80 x08=0xffffffff x09=0x00000000 x10=0x00000000 x11=0x00000000 x12=0x00000000 x13=0x00000000 x14=0x00000000 x15=0x00000000 x16=0x00000000 x17=0x00000000 x18=0x00000000 x19=0x00000000 x20=0x00000000 x21=0x00000000 x22=0x00000000 x23=0x00000000 x24=0x00000000 x25=0x00000000 x26=0x00000000 x27=0x00000000 x28=0x00000000 x29=0x00000000 x30=0x00000000 x31=0x00000000
step=0012 retired_pc=0x8000002c debug_pc=0x80000030 inst=0x005081a3 asm="sb x5,3(x1)" lsu_addr=0x80000003 lsu_addr16=0x0003 lsu_data=0x01000000 lsu_wen=0x8 lsu_ren=0x0 lsu_width=1
x00=0x00000000 x01=0x80000000 x02=0x00000000 x03=0x00000000 x04=0x00000000 x05=0x00000001 x06=0x0000007f x07=0xffffff80 x08=0xffffffff x09=0x00000000 x10=0x00000000 x11=0x00000000 x12=0x00000000 x13=0x00000000 x14=0x00000000 x15=0x00000000 x16=0x00000000 x17=0x00000000 x18=0x00000000 x19=0x00000000 x20=0x00000000 x21=0x00000000 x22=0x00000000 x23=0x00000000 x24=0x00000000 x25=0x00000000 x26=0x00000000 x27=0x00000000 x28=0x00000000 x29=0x00000000 x30=0x00000000 x31=0x00000000
step=0013 retired_pc=0x80000030 debug_pc=0x80000034 inst=0x00308483 asm="lb x9,3(x1)" lsu_addr=0x80000003 lsu_addr16=0x0003 lsu_data=0x00000001 lsu_wen=0x0 lsu_ren=0x1 lsu_width=1
x00=0x00000000 x01=0x80000000 x02=0x00000000 x03=0x00000000 x04=0x00000000 x05=0x00000001 x06=0x0000007f x07=0xffffff80 x08=0xffffffff x09=0x00000001 x10=0x00000000 x11=0x00000000 x12=0x00000000 x13=0x00000000 x14=0x00000000 x15=0x00000000 x16=0x00000000 x17=0x00000000 x18=0x00000000 x19=0x00000000 x20=0x00000000 x21=0x00000000 x22=0x00000000 x23=0x00000000 x24=0x00000000 x25=0x00000000 x26=0x00000000 x27=0x00000000 x28=0x00000000 x29=0x00000000 x30=0x00000000 x31=0x00000000
step=0014 retired_pc=0x80000034 debug_pc=0x80000038 inst=0x0000a503 asm="lw x10,0(x1)" lsu_addr=0x80000000 lsu_addr16=0x0000 lsu_data=0x01ff807f lsu_wen=0x0 lsu_ren=0x1 lsu_width=4
x00=0x00000000 x01=0x80000000 x02=0x00000000 x03=0x00000000 x04=0x00000000 x05=0x00000001 x06=0x0000007f x07=0xffffff80 x08=0xffffffff x09=0x00000001 x10=0x01ff807f x11=0x00000000 x12=0x00000000 x13=0x00000000 x14=0x00000000 x15=0x00000000 x16=0x00000000 x17=0x00000000 x18=0x00000000 x19=0x00000000 x20=0x00000000 x21=0x00000000 x22=0x00000000 x23=0x00000000 x24=0x00000000 x25=0x00000000 x26=0x00000000 x27=0x00000000 x28=0x00000000 x29=0x00000000 x30=0x00000000 x31=0x00000000
step=0015 retired_pc=0x80000038 debug_pc=0x8000003c inst=0x00100113 asm="addi x2,x0,1" lsu_addr=0x00000000 lsu_addr16=0x0000 lsu_data=0x00000000 lsu_wen=0x0 lsu_ren=0x0 lsu_width=0
x00=0x00000000 x01=0x80000000 x02=0x00000001 x03=0x00000000 x04=0x00000000 x05=0x00000001 x06=0x0000007f x07=0xffffff80 x08=0xffffffff x09=0x00000001 x10=0x01ff807f x11=0x00000000 x12=0x00000000 x13=0x00000000 x14=0x00000000 x15=0x00000000 x16=0x00000000 x17=0x00000000 x18=0x00000000 x19=0x00000000 x20=0x00000000 x21=0x00000000 x22=0x00000000 x23=0x00000000 x24=0x00000000 x25=0x00000000 x26=0x00000000 x27=0x00000000 x28=0x00000000 x29=0x00000000 x30=0x00000000 x31=0x00000000
step=0016 retired_pc=0x8000003c debug_pc=0x80000040 inst=0x00100193 asm="addi x3,x0,1" lsu_addr=0x00000000 lsu_addr16=0x0000 lsu_data=0x00000000 lsu_wen=0x0 lsu_ren=0x0 lsu_width=0
x00=0x00000000 x01=0x80000000 x02=0x00000001 x03=0x00000001 x04=0x00000000 x05=0x00000001 x06=0x0000007f x07=0xffffff80 x08=0xffffffff x09=0x00000001 x10=0x01ff807f x11=0x00000000 x12=0x00000000 x13=0x00000000 x14=0x00000000 x15=0x00000000 x16=0x00000000 x17=0x00000000 x18=0x00000000 x19=0x00000000 x20=0x00000000 x21=0x00000000 x22=0x00000000 x23=0x00000000 x24=0x00000000 x25=0x00000000 x26=0x00000000 x27=0x00000000 x28=0x00000000 x29=0x00000000 x30=0x00000000 x31=0x00000000
step=0017 retired_pc=0x80000040 debug_pc=0x8000004c inst=0x00310663 asm="beq x2,x3,12" lsu_addr=0x00000000 lsu_addr16=0x0000 lsu_data=0x00000000 lsu_wen=0x0 lsu_ren=0x0 lsu_width=0
x00=0x00000000 x01=0x80000000 x02=0x00000001 x03=0x00000001 x04=0x00000000 x05=0x00000001 x06=0x0000007f x07=0xffffff80 x08=0xffffffff x09=0x00000001 x10=0x01ff807f x11=0x00000000 x12=0x00000000 x13=0x00000000 x14=0x00000000 x15=0x00000000 x16=0x00000000 x17=0x00000000 x18=0x00000000 x19=0x00000000 x20=0x00000000 x21=0x00000000 x22=0x00000000 x23=0x00000000 x24=0x00000000 x25=0x00000000 x26=0x00000000 x27=0x00000000 x28=0x00000000 x29=0x00000000 x30=0x00000000 x31=0x00000000
step=0018 retired_pc=0x8000004c debug_pc=0x80000050 inst=0x01600813 asm="addi x16,x0,22" lsu_addr=0x00000000 lsu_addr16=0x0000 lsu_data=0x00000000 lsu_wen=0x0 lsu_ren=0x0 lsu_width=0
x00=0x00000000 x01=0x80000000 x02=0x00000001 x03=0x00000001 x04=0x00000000 x05=0x00000001 x06=0x0000007f x07=0xffffff80 x08=0xffffffff x09=0x00000001 x10=0x01ff807f x11=0x00000000 x12=0x00000000 x13=0x00000000 x14=0x00000000 x15=0x00000000 x16=0x00000016 x17=0x00000000 x18=0x00000000 x19=0x00000000 x20=0x00000000 x21=0x00000000 x22=0x00000000 x23=0x00000000 x24=0x00000000 x25=0x00000000 x26=0x00000000 x27=0x00000000 x28=0x00000000 x29=0x00000000 x30=0x00000000 x31=0x00000000
step=0019 retired_pc=0x80000050 debug_pc=0x80000054 inst=0x00200913 asm="addi x18,x0,2" lsu_addr=0x00000000 lsu_addr16=0x0000 lsu_data=0x00000000 lsu_wen=0x0 lsu_ren=0x0 lsu_width=0
x00=0x00000000 x01=0x80000000 x02=0x00000001 x03=0x00000001 x04=0x00000000 x05=0x00000001 x06=0x0000007f x07=0xffffff80 x08=0xffffffff x09=0x00000001 x10=0x01ff807f x11=0x00000000 x12=0x00000000 x13=0x00000000 x14=0x00000000 x15=0x00000000 x16=0x00000016 x17=0x00000000 x18=0x00000002 x19=0x00000000 x20=0x00000000 x21=0x00000000 x22=0x00000000 x23=0x00000000 x24=0x00000000 x25=0x00000000 x26=0x00000000 x27=0x00000000 x28=0x00000000 x29=0x00000000 x30=0x00000000 x31=0x00000000
step=0020 retired_pc=0x80000054 debug_pc=0x80000058 inst=0x00000993 asm="addi x19,x0,0" lsu_addr=0x00000000 lsu_addr16=0x0000 lsu_data=0x00000000 lsu_wen=0x0 lsu_ren=0x0 lsu_width=0
x00=0x00000000 x01=0x80000000 x02=0x00000001 x03=0x00000001 x04=0x00000000 x05=0x00000001 x06=0x0000007f x07=0xffffff80 x08=0xffffffff x09=0x00000001 x10=0x01ff807f x11=0x00000000 x12=0x00000000 x13=0x00000000 x14=0x00000000 x15=0x00000000 x16=0x00000016 x17=0x00000000 x18=0x00000002 x19=0x00000000 x20=0x00000000 x21=0x00000000 x22=0x00000000 x23=0x00000000 x24=0x00000000 x25=0x00000000 x26=0x00000000 x27=0x00000000 x28=0x00000000 x29=0x00000000 x30=0x00000000 x31=0x00000000
step=0021 retired_pc=0x80000058 debug_pc=0x8000005c inst=0x00198993 asm="addi x19,x19,1" lsu_addr=0x00000000 lsu_addr16=0x0000 lsu_data=0x00000000 lsu_wen=0x0 lsu_ren=0x0 lsu_width=0
x00=0x00000000 x01=0x80000000 x02=0x00000001 x03=0x00000001 x04=0x00000000 x05=0x00000001 x06=0x0000007f x07=0xffffff80 x08=0xffffffff x09=0x00000001 x10=0x01ff807f x11=0x00000000 x12=0x00000000 x13=0x00000000 x14=0x00000000 x15=0x00000000 x16=0x00000016 x17=0x00000000 x18=0x00000002 x19=0x00000001 x20=0x00000000 x21=0x00000000 x22=0x00000000 x23=0x00000000 x24=0x00000000 x25=0x00000000 x26=0x00000000 x27=0x00000000 x28=0x00000000 x29=0x00000000 x30=0x00000000 x31=0x00000000
step=0022 retired_pc=0x8000005c debug_pc=0x80000058 inst=0xff29cee3 asm="blt x19,x18,-4" lsu_addr=0x00000000 lsu_addr16=0x0000 lsu_data=0x00000000 lsu_wen=0x0 lsu_ren=0x0 lsu_width=0
x00=0x00000000 x01=0x80000000 x02=0x00000001 x03=0x00000001 x04=0x00000000 x05=0x00000001 x06=0x0000007f x07=0xffffff80 x08=0xffffffff x09=0x00000001 x10=0x01ff807f x11=0x00000000 x12=0x00000000 x13=0x00000000 x14=0x00000000 x15=0x00000000 x16=0x00000016 x17=0x00000000 x18=0x00000002 x19=0x00000001 x20=0x00000000 x21=0x00000000 x22=0x00000000 x23=0x00000000 x24=0x00000000 x25=0x00000000 x26=0x00000000 x27=0x00000000 x28=0x00000000 x29=0x00000000 x30=0x00000000 x31=0x00000000
step=0023 retired_pc=0x80000058 debug_pc=0x8000005c inst=0x00198993 asm="addi x19,x19,1" lsu_addr=0x00000000 lsu_addr16=0x0000 lsu_data=0x00000000 lsu_wen=0x0 lsu_ren=0x0 lsu_width=0
x00=0x00000000 x01=0x80000000 x02=0x00000001 x03=0x00000001 x04=0x00000000 x05=0x00000001 x06=0x0000007f x07=0xffffff80 x08=0xffffffff x09=0x00000001 x10=0x01ff807f x11=0x00000000 x12=0x00000000 x13=0x00000000 x14=0x00000000 x15=0x00000000 x16=0x00000016 x17=0x00000000 x18=0x00000002 x19=0x00000002 x20=0x00000000 x21=0x00000000 x22=0x00000000 x23=0x00000000 x24=0x00000000 x25=0x00000000 x26=0x00000000 x27=0x00000000 x28=0x00000000 x29=0x00000000 x30=0x00000000 x31=0x00000000
step=0024 retired_pc=0x8000005c debug_pc=0x80000060 inst=0xff29cee3 asm="blt x19,x18,-4" lsu_addr=0x00000000 lsu_addr16=0x0000 lsu_data=0x00000000 lsu_wen=0x0 lsu_ren=0x0 lsu_width=0
x00=0x00000000 x01=0x80000000 x02=0x00000001 x03=0x00000001 x04=0x00000000 x05=0x00000001 x06=0x0000007f x07=0xffffff80 x08=0xffffffff x09=0x00000001 x10=0x01ff807f x11=0x00000000 x12=0x00000000 x13=0x00000000 x14=0x00000000 x15=0x00000000 x16=0x00000016 x17=0x00000000 x18=0x00000002 x19=0x00000002 x20=0x00000000 x21=0x00000000 x22=0x00000000 x23=0x00000000 x24=0x00000000 x25=0x00000000 x26=0x00000000 x27=0x00000000 x28=0x00000000 x29=0x00000000 x30=0x00000000 x31=0x00000000
step=0025 retired_pc=0x80000060 debug_pc=0x80000068 inst=0x0080046f asm="jal x8,8" lsu_addr=0x00000000 lsu_addr16=0x0000 lsu_data=0x00000000 lsu_wen=0x0 lsu_ren=0x0 lsu_width=0
x00=0x00000000 x01=0x80000000 x02=0x00000001 x03=0x00000001 x04=0x00000000 x05=0x00000001 x06=0x0000007f x07=0xffffff80 x08=0x80000064 x09=0x00000001 x10=0x01ff807f x11=0x00000000 x12=0x00000000 x13=0x00000000 x14=0x00000000 x15=0x00000000 x16=0x00000016 x17=0x00000000 x18=0x00000002 x19=0x00000002 x20=0x00000000 x21=0x00000000 x22=0x00000000 x23=0x00000000 x24=0x00000000 x25=0x00000000 x26=0x00000000 x27=0x00000000 x28=0x00000000 x29=0x00000000 x30=0x00000000 x31=0x00000000
step=0026 retired_pc=0x80000068 debug_pc=0x8000006c inst=0x06600693 asm="addi x13,x0,102" lsu_addr=0x00000000 lsu_addr16=0x0000 lsu_data=0x00000000 lsu_wen=0x0 lsu_ren=0x0 lsu_width=0
x00=0x00000000 x01=0x80000000 x02=0x00000001 x03=0x00000001 x04=0x00000000 x05=0x00000001 x06=0x0000007f x07=0xffffff80 x08=0x80000064 x09=0x00000001 x10=0x01ff807f x11=0x00000000 x12=0x00000000 x13=0x00000066 x14=0x00000000 x15=0x00000000 x16=0x00000016 x17=0x00000000 x18=0x00000002 x19=0x00000002 x20=0x00000000 x21=0x00000000 x22=0x00000000 x23=0x00000000 x24=0x00000000 x25=0x00000000 x26=0x00000000 x27=0x00000000 x28=0x00000000 x29=0x00000000 x30=0x00000000 x31=0x00000000
step=0027 retired_pc=0x8000006c debug_pc=0x80000078 inst=0x07808567 asm="jalr x10,120(x1)" lsu_addr=0x00000000 lsu_addr16=0x0000 lsu_data=0x00000000 lsu_wen=0x0 lsu_ren=0x0 lsu_width=0
x00=0x00000000 x01=0x80000000 x02=0x00000001 x03=0x00000001 x04=0x00000000 x05=0x00000001 x06=0x0000007f x07=0xffffff80 x08=0x80000064 x09=0x00000001 x10=0x80000070 x11=0x00000000 x12=0x00000000 x13=0x00000066 x14=0x00000000 x15=0x00000000 x16=0x00000016 x17=0x00000000 x18=0x00000002 x19=0x00000002 x20=0x00000000 x21=0x00000000 x22=0x00000000 x23=0x00000000 x24=0x00000000 x25=0x00000000 x26=0x00000000 x27=0x00000000 x28=0x00000000 x29=0x00000000 x30=0x00000000 x31=0x00000000
step=0028 retired_pc=0x80000078 debug_pc=0x8000007c inst=0x02000a13 asm="addi x20,x0,32" lsu_addr=0x00000000 lsu_addr16=0x0000 lsu_data=0x00000000 lsu_wen=0x0 lsu_ren=0x0 lsu_width=0
x00=0x00000000 x01=0x80000000 x02=0x00000001 x03=0x00000001 x04=0x00000000 x05=0x00000001 x06=0x0000007f x07=0xffffff80 x08=0x80000064 x09=0x00000001 x10=0x80000070 x11=0x00000000 x12=0x00000000 x13=0x00000066 x14=0x00000000 x15=0x00000000 x16=0x00000016 x17=0x00000000 x18=0x00000002 x19=0x00000002 x20=0x00000020 x21=0x00000000 x22=0x00000000 x23=0x00000000 x24=0x00000000 x25=0x00000000 x26=0x00000000 x27=0x00000000 x28=0x00000000 x29=0x00000000 x30=0x00000000 x31=0x00000000
step=0029 retired_pc=0x8000007c debug_pc=0x80000080 inst=0x41c95233 asm="sra x4,x18,x28" lsu_addr=0x00000000 lsu_addr16=0x0000 lsu_data=0x00000000 lsu_wen=0x0 lsu_ren=0x0 lsu_width=0
x00=0x00000000 x01=0x80000000 x02=0x00000001 x03=0x00000001 x04=0x00000002 x05=0x00000001 x06=0x0000007f x07=0xffffff80 x08=0x80000064 x09=0x00000001 x10=0x80000070 x11=0x00000000 x12=0x00000000 x13=0x00000066 x14=0x00000000 x15=0x00000000 x16=0x00000016 x17=0x00000000 x18=0x00000002 x19=0x00000002 x20=0x00000020 x21=0x00000000 x22=0x00000000 x23=0x00000000 x24=0x00000000 x25=0x00000000 x26=0x00000000 x27=0x00000000 x28=0x00000000 x29=0x00000000 x30=0x00000000 x31=0x00000000
step=0030 retired_pc=0x80000080 debug_pc=0x80000084 inst=0x2db86f13 asm="ori x30,x16,731" lsu_addr=0x00000000 lsu_addr16=0x0000 lsu_data=0x00000000 lsu_wen=0x0 lsu_ren=0x0 lsu_width=0
x00=0x00000000 x01=0x80000000 x02=0x00000001 x03=0x00000001 x04=0x00000002 x05=0x00000001 x06=0x0000007f x07=0xffffff80 x08=0x80000064 x09=0x00000001 x10=0x80000070 x11=0x00000000 x12=0x00000000 x13=0x00000066 x14=0x00000000 x15=0x00000000 x16=0x00000016 x17=0x00000000 x18=0x00000002 x19=0x00000002 x20=0x00000020 x21=0x00000000 x22=0x00000000 x23=0x00000000 x24=0x00000000 x25=0x00000000 x26=0x00000000 x27=0x00000000 x28=0x00000000 x29=0x00000000 x30=0x000002df x31=0x00000000
step=0031 retired_pc=0x80000084 debug_pc=0x80000088 inst=0xa1107113 asm="andi x2,x0,-1519" lsu_addr=0x00000000 lsu_addr16=0x0000 lsu_data=0x00000000 lsu_wen=0x0 lsu_ren=0x0 lsu_width=0
x00=0x00000000 x01=0x80000000 x02=0x00000000 x03=0x00000001 x04=0x00000002 x05=0x00000001 x06=0x0000007f x07=0xffffff80 x08=0x80000064 x09=0x00000001 x10=0x80000070 x11=0x00000000 x12=0x00000000 x13=0x00000066 x14=0x00000000 x15=0x00000000 x16=0x00000016 x17=0x00000000 x18=0x00000002 x19=0x00000002 x20=0x00000020 x21=0x00000000 x22=0x00000000 x23=0x00000000 x24=0x00000000 x25=0x00000000 x26=0x00000000 x27=0x00000000 x28=0x00000000 x29=0x00000000 x30=0x000002df x31=0x00000000
step=0032 retired_pc=0x80000088 debug_pc=0x8000008c inst=0x003b0533 asm="add x10,x22,x3" lsu_addr=0x00000000 lsu_addr16=0x0000 lsu_data=0x00000000 lsu_wen=0x0 lsu_ren=0x0 lsu_width=0
x00=0x00000000 x01=0x80000000 x02=0x00000000 x03=0x00000001 x04=0x00000002 x05=0x00000001 x06=0x0000007f x07=0xffffff80 x08=0x80000064 x09=0x00000001 x10=0x00000001 x11=0x00000000 x12=0x00000000 x13=0x00000066 x14=0x00000000 x15=0x00000000 x16=0x00000016 x17=0x00000000 x18=0x00000002 x19=0x00000002 x20=0x00000020 x21=0x00000000 x22=0x00000000 x23=0x00000000 x24=0x00000000 x25=0x00000000 x26=0x00000000 x27=0x00000000 x28=0x00000000 x29=0x00000000 x30=0x000002df x31=0x00000000
step=0033 retired_pc=0x8000008c debug_pc=0x80000090 inst=0x01231f93 asm="slli x31,x6,18" lsu_addr=0x00000000 lsu_addr16=0x0000 lsu_data=0x00000000 lsu_wen=0x0 lsu_ren=0x0 lsu_width=0
x00=0x00000000 x01=0x80000000 x02=0x00000000 x03=0x00000001 x04=0x00000002 x05=0x00000001 x06=0x0000007f x07=0xffffff80 x08=0x80000064 x09=0x00000001 x10=0x00000001 x11=0x00000000 x12=0x00000000 x13=0x00000066 x14=0x00000000 x15=0x00000000 x16=0x00000016 x17=0x00000000 x18=0x00000002 x19=0x00000002 x20=0x00000020 x21=0x00000000 x22=0x00000000 x23=0x00000000 x24=0x00000000 x25=0x00000000 x26=0x00000000 x27=0x00000000 x28=0x00000000 x29=0x00000000 x30=0x000002df x31=0x01fc0000
step=0034 retired_pc=0x80000090 debug_pc=0x80000094 inst=0x00ec9893 asm="slli x17,x25,14" lsu_addr=0x00000000 lsu_addr16=0x0000 lsu_data=0x00000000 lsu_wen=0x0 lsu_ren=0x0 lsu_width=0
x00=0x00000000 x01=0x80000000 x02=0x00000000 x03=0x00000001 x04=0x00000002 x05=0x00000001 x06=0x0000007f x07=0xffffff80 x08=0x80000064 x09=0x00000001 x10=0x00000001 x11=0x00000000 x12=0x00000000 x13=0x00000066 x14=0x00000000 x15=0x00000000 x16=0x00000016 x17=0x00000000 x18=0x00000002 x19=0x00000002 x20=0x00000020 x21=0x00000000 x22=0x00000000 x23=0x00000000 x24=0x00000000 x25=0x00000000 x26=0x00000000 x27=0x00000000 x28=0x00000000 x29=0x00000000 x30=0x000002df x31=0x01fc0000
step=0035 retired_pc=0x80000094 debug_pc=0x80000098 inst=0xe0897913 asm="andi x18,x18,-504" lsu_addr=0x00000000 lsu_addr16=0x0000 lsu_data=0x00000000 lsu_wen=0x0 lsu_ren=0x0 lsu_width=0
x00=0x00000000 x01=0x80000000 x02=0x00000000 x03=0x00000001 x04=0x00000002 x05=0x00000001 x06=0x0000007f x07=0xffffff80 x08=0x80000064 x09=0x00000001 x10=0x00000001 x11=0x00000000 x12=0x00000000 x13=0x00000066 x14=0x00000000 x15=0x00000000 x16=0x00000016 x17=0x00000000 x18=0x00000000 x19=0x00000002 x20=0x00000020 x21=0x00000000 x22=0x00000000 x23=0x00000000 x24=0x00000000 x25=0x00000000 x26=0x00000000 x27=0x00000000 x28=0x00000000 x29=0x00000000 x30=0x000002df x31=0x01fc0000
step=0036 retired_pc=0x80000098 debug_pc=0x8000009c inst=0x1bc0a223 asm="sw x28,420(x1)" lsu_addr=0x800001a4 lsu_addr16=0x01a4 lsu_data=0x00000000 lsu_wen=0xf lsu_ren=0x0 lsu_width=4
x00=0x00000000 x01=0x80000000 x02=0x00000000 x03=0x00000001 x04=0x00000002 x05=0x00000001 x06=0x0000007f x07=0xffffff80 x08=0x80000064 x09=0x00000001 x10=0x00000001 x11=0x00000000 x12=0x00000000 x13=0x00000066 x14=0x00000000 x15=0x00000000 x16=0x00000016 x17=0x00000000 x18=0x00000000 x19=0x00000002 x20=0x00000020 x21=0x00000000 x22=0x00000000 x23=0x00000000 x24=0x00000000 x25=0x00000000 x26=0x00000000 x27=0x00000000 x28=0x00000000 x29=0x00000000 x30=0x000002df x31=0x01fc0000
step=0037 retired_pc=0x8000009c debug_pc=0x800000a0 inst=0x003513b3 asm="sll x7,x10,x3" lsu_addr=0x00000000 lsu_addr16=0x0000 lsu_data=0x00000000 lsu_wen=0x0 lsu_ren=0x0 lsu_width=0
x00=0x00000000 x01=0x80000000 x02=0x00000000 x03=0x00000001 x04=0x00000002 x05=0x00000001 x06=0x0000007f x07=0x00000002 x08=0x80000064 x09=0x00000001 x10=0x00000001 x11=0x00000000 x12=0x00000000 x13=0x00000066 x14=0x00000000 x15=0x00000000 x16=0x00000016 x17=0x00000000 x18=0x00000000 x19=0x00000002 x20=0x00000020 x21=0x00000000 x22=0x00000000 x23=0x00000000 x24=0x00000000 x25=0x00000000 x26=0x00000000 x27=0x00000000 x28=0x00000000 x29=0x00000000 x30=0x000002df x31=0x01fc0000
step=0038 retired_pc=0x800000a0 debug_pc=0x800000a4 inst=0x10db3193 asm="sltiu x3,x22,269" lsu_addr=0x00000000 lsu_addr16=0x0000 lsu_data=0x00000000 lsu_wen=0x0 lsu_ren=0x0 lsu_width=0
x00=0x00000000 x01=0x80000000 x02=0x00000000 x03=0x00000001 x04=0x00000002 x05=0x00000001 x06=0x0000007f x07=0x00000002 x08=0x80000064 x09=0x00000001 x10=0x00000001 x11=0x00000000 x12=0x00000000 x13=0x00000066 x14=0x00000000 x15=0x00000000 x16=0x00000016 x17=0x00000000 x18=0x00000000 x19=0x00000002 x20=0x00000020 x21=0x00000000 x22=0x00000000 x23=0x00000000 x24=0x00000000 x25=0x00000000 x26=0x00000000 x27=0x00000000 x28=0x00000000 x29=0x00000000 x30=0x000002df x31=0x01fc0000
step=0039 retired_pc=0x800000a4 debug_pc=0x800000a8 inst=0x0885a717 asm="auipc x14,0x885a" lsu_addr=0x00000000 lsu_addr16=0x0000 lsu_data=0x00000000 lsu_wen=0x0 lsu_ren=0x0 lsu_width=0
x00=0x00000000 x01=0x80000000 x02=0x00000000 x03=0x00000001 x04=0x00000002 x05=0x00000001 x06=0x0000007f x07=0x00000002 x08=0x80000064 x09=0x00000001 x10=0x00000001 x11=0x00000000 x12=0x00000000 x13=0x00000066 x14=0x8885a0a4 x15=0x00000000 x16=0x00000016 x17=0x00000000 x18=0x00000000 x19=0x00000002 x20=0x00000020 x21=0x00000000 x22=0x00000000 x23=0x00000000 x24=0x00000000 x25=0x00000000 x26=0x00000000 x27=0x00000000 x28=0x00000000 x29=0x00000000 x30=0x000002df x31=0x01fc0000
step=0040 retired_pc=0x800000a8 debug_pc=0x800000ac inst=0xcfba6037 asm="lui x0,0xcfba6" lsu_addr=0x00000000 lsu_addr16=0x0000 lsu_data=0x00000000 lsu_wen=0x0 lsu_ren=0x0 lsu_width=0
x00=0x00000000 x01=0x80000000 x02=0x00000000 x03=0x00000001 x04=0x00000002 x05=0x00000001 x06=0x0000007f x07=0x00000002 x08=0x80000064 x09=0x00000001 x10=0x00000001 x11=0x00000000 x12=0x00000000 x13=0x00000066 x14=0x8885a0a4 x15=0x00000000 x16=0x00000016 x17=0x00000000 x18=0x00000000 x19=0x00000002 x20=0x00000020 x21=0x00000000 x22=0x00000000 x23=0x00000000 x24=0x00000000 x25=0x00000000 x26=0x00000000 x27=0x00000000 x28=0x00000000 x29=0x00000000 x30=0x000002df x31=0x01fc0000
step=0041 retired_pc=0x800000ac debug_pc=0x800000b0 inst=0x00d9d263 asm="bge x19,x13,4" lsu_addr=0x00000000 lsu_addr16=0x0000 lsu_data=0x00000000 lsu_wen=0x0 lsu_ren=0x0 lsu_width=0
x00=0x00000000 x01=0x80000000 x02=0x00000000 x03=0x00000001 x04=0x00000002 x05=0x00000001 x06=0x0000007f x07=0x00000002 x08=0x80000064 x09=0x00000001 x10=0x00000001 x11=0x00000000 x12=0x00000000 x13=0x00000066 x14=0x8885a0a4 x15=0x00000000 x16=0x00000016 x17=0x00000000 x18=0x00000000 x19=0x00000002 x20=0x00000020 x21=0x00000000 x22=0x00000000 x23=0x00000000 x24=0x00000000 x25=0x00000000 x26=0x00000000 x27=0x00000000 x28=0x00000000 x29=0x00000000 x30=0x000002df x31=0x01fc0000
step=0042 retired_pc=0x800000b0 debug_pc=0x800000b4 inst=0x20b0a223 asm="sw x11,516(x1)" lsu_addr=0x80000204 lsu_addr16=0x0204 lsu_data=0x00000000 lsu_wen=0xf lsu_ren=0x0 lsu_width=4
x00=0x00000000 x01=0x80000000 x02=0x00000000 x03=0x00000001 x04=0x00000002 x05=0x00000001 x06=0x0000007f x07=0x00000002 x08=0x80000064 x09=0x00000001 x10=0x00000001 x11=0x00000000 x12=0x00000000 x13=0x00000066 x14=0x8885a0a4 x15=0x00000000 x16=0x00000016 x17=0x00000000 x18=0x00000000 x19=0x00000002 x20=0x00000020 x21=0x00000000 x22=0x00000000 x23=0x00000000 x24=0x00000000 x25=0x00000000 x26=0x00000000 x27=0x00000000 x28=0x00000000 x29=0x00000000 x30=0x000002df x31=0x01fc0000
step=0043 retired_pc=0x800000b4 debug_pc=0x800000b8 inst=0x00400fef asm="jal x31,4" lsu_addr=0x00000000 lsu_addr16=0x0000 lsu_data=0x00000000 lsu_wen=0x0 lsu_ren=0x0 lsu_width=0
x00=0x00000000 x01=0x80000000 x02=0x00000000 x03=0x00000001 x04=0x00000002 x05=0x00000001 x06=0x0000007f x07=0x00000002 x08=0x80000064 x09=0x00000001 x10=0x00000001 x11=0x00000000 x12=0x00000000 x13=0x00000066 x14=0x8885a0a4 x15=0x00000000 x16=0x00000016 x17=0x00000000 x18=0x00000000 x19=0x00000002 x20=0x00000020 x21=0x00000000 x22=0x00000000 x23=0x00000000 x24=0x00000000 x25=0x00000000 x26=0x00000000 x27=0x00000000 x28=0x00000000 x29=0x00000000 x30=0x000002df x31=0x800000b8
step=0044 retired_pc=0x800000b8 debug_pc=0x800000bc inst=0xdf6c6793 asm="ori x15,x24,-522" lsu_addr=0x00000000 lsu_addr16=0x0000 lsu_data=0x00000000 lsu_wen=0x0 lsu_ren=0x0 lsu_width=0
x00=0x00000000 x01=0x80000000 x02=0x00000000 x03=0x00000001 x04=0x00000002 x05=0x00000001 x06=0x0000007f x07=0x00000002 x08=0x80000064 x09=0x00000001 x10=0x00000001 x11=0x00000000 x12=0x00000000 x13=0x00000066 x14=0x8885a0a4 x15=0xfffffdf6 x16=0x00000016 x17=0x00000000 x18=0x00000000 x19=0x00000002 x20=0x00000020 x21=0x00000000 x22=0x00000000 x23=0x00000000 x24=0x00000000 x25=0x00000000 x26=0x00000000 x27=0x00000000 x28=0x00000000 x29=0x00000000 x30=0x000002df x31=0x800000b8
step=0045 retired_pc=0x800000bc debug_pc=0x800000c0 inst=0x016ed263 asm="bge x29,x22,4" lsu_addr=0x00000000 lsu_addr16=0x0000 lsu_data=0x00000000 lsu_wen=0x0 lsu_ren=0x0 lsu_width=0
x00=0x00000000 x01=0x80000000 x02=0x00000000 x03=0x00000001 x04=0x00000002 x05=0x00000001 x06=0x0000007f x07=0x00000002 x08=0x80000064 x09=0x00000001 x10=0x00000001 x11=0x00000000 x12=0x00000000 x13=0x00000066 x14=0x8885a0a4 x15=0xfffffdf6 x16=0x00000016 x17=0x00000000 x18=0x00000000 x19=0x00000002 x20=0x00000020 x21=0x00000000 x22=0x00000000 x23=0x00000000 x24=0x00000000 x25=0x00000000 x26=0x00000000 x27=0x00000000 x28=0x00000000 x29=0x00000000 x30=0x000002df x31=0x800000b8
step=0046 retired_pc=0x800000c0 debug_pc=0x800000c4 inst=0x21c0a423 asm="sw x28,520(x1)" lsu_addr=0x80000208 lsu_addr16=0x0208 lsu_data=0x00000000 lsu_wen=0xf lsu_ren=0x0 lsu_width=4
x00=0x00000000 x01=0x80000000 x02=0x00000000 x03=0x00000001 x04=0x00000002 x05=0x00000001 x06=0x0000007f x07=0x00000002 x08=0x80000064 x09=0x00000001 x10=0x00000001 x11=0x00000000 x12=0x00000000 x13=0x00000066 x14=0x8885a0a4 x15=0xfffffdf6 x16=0x00000016 x17=0x00000000 x18=0x00000000 x19=0x00000002 x20=0x00000020 x21=0x00000000 x22=0x00000000 x23=0x00000000 x24=0x00000000 x25=0x00000000 x26=0x00000000 x27=0x00000000 x28=0x00000000 x29=0x00000000 x30=0x000002df x31=0x800000b8
step=0047 retired_pc=0x800000c4 debug_pc=0x800000c8 inst=0x0178d833 asm="srl x16,x17,x23" lsu_addr=0x00000000 lsu_addr16=0x0000 lsu_data=0x00000000 lsu_wen=0x0 lsu_ren=0x0 lsu_width=0
x00=0x00000000 x01=0x80000000 x02=0x00000000 x03=0x00000001 x04=0x00000002 x05=0x00000001 x06=0x0000007f x07=0x00000002 x08=0x80000064 x09=0x00000001 x10=0x00000001 x11=0x00000000 x12=0x00000000 x13=0x00000066 x14=0x8885a0a4 x15=0xfffffdf6 x16=0x00000000 x17=0x00000000 x18=0x00000000 x19=0x00000002 x20=0x00000020 x21=0x00000000 x22=0x00000000 x23=0x00000000 x24=0x00000000 x25=0x00000000 x26=0x00000000 x27=0x00000000 x28=0x00000000 x29=0x00000000 x30=0x000002df x31=0x800000b8
step=0048 retired_pc=0x800000c8 debug_pc=0x800000cc inst=0xb66d6297 asm="auipc x5,0xb66d6" lsu_addr=0x00000000 lsu_addr16=0x0000 lsu_data=0x00000000 lsu_wen=0x0 lsu_ren=0x0 lsu_width=0
x00=0x00000000 x01=0x80000000 x02=0x00000000 x03=0x00000001 x04=0x00000002 x05=0x366d60c8 x06=0x0000007f x07=0x00000002 x08=0x80000064 x09=0x00000001 x10=0x00000001 x11=0x00000000 x12=0x00000000 x13=0x00000066 x14=0x8885a0a4 x15=0xfffffdf6 x16=0x00000000 x17=0x00000000 x18=0x00000000 x19=0x00000002 x20=0x00000020 x21=0x00000000 x22=0x00000000 x23=0x00000000 x24=0x00000000 x25=0x00000000 x26=0x00000000 x27=0x00000000 x28=0x00000000 x29=0x00000000 x30=0x000002df x31=0x800000b8
step=0049 retired_pc=0x800000cc debug_pc=0x800000d0 inst=0x01119263 asm="bne x3,x17,4" lsu_addr=0x00000000 lsu_addr16=0x0000 lsu_data=0x00000000 lsu_wen=0x0 lsu_ren=0x0 lsu_width=0
x00=0x00000000 x01=0x80000000 x02=0x00000000 x03=0x00000001 x04=0x00000002 x05=0x366d60c8 x06=0x0000007f x07=0x00000002 x08=0x80000064 x09=0x00000001 x10=0x00000001 x11=0x00000000 x12=0x00000000 x13=0x00000066 x14=0x8885a0a4 x15=0xfffffdf6 x16=0x00000000 x17=0x00000000 x18=0x00000000 x19=0x00000002 x20=0x00000020 x21=0x00000000 x22=0x00000000 x23=0x00000000 x24=0x00000000 x25=0x00000000 x26=0x00000000 x27=0x00000000 x28=0x00000000 x29=0x00000000 x30=0x000002df x31=0x800000b8
step=0050 retired_pc=0x800000d0 debug_pc=0x800000d4 inst=0x0d308503 asm="lb x10,211(x1)" lsu_addr=0x800000d3 lsu_addr16=0x00d3 lsu_data=0x00000000 lsu_wen=0x0 lsu_ren=0x1 lsu_width=1
x00=0x00000000 x01=0x80000000 x02=0x00000000 x03=0x00000001 x04=0x00000002 x05=0x366d60c8 x06=0x0000007f x07=0x00000002 x08=0x80000064 x09=0x00000001 x10=0x00000000 x11=0x00000000 x12=0x00000000 x13=0x00000066 x14=0x8885a0a4 x15=0xfffffdf6 x16=0x00000000 x17=0x00000000 x18=0x00000000 x19=0x00000002 x20=0x00000020 x21=0x00000000 x22=0x00000000 x23=0x00000000 x24=0x00000000 x25=0x00000000 x26=0x00000000 x27=0x00000000 x28=0x00000000 x29=0x00000000 x30=0x000002df x31=0x800000b8
step=0051 retired_pc=0x800000d4 debug_pc=0x800000d8 inst=0x4126dd13 asm="srai x26,x13,18" lsu_addr=0x00000000 lsu_addr16=0x0000 lsu_data=0x00000000 lsu_wen=0x0 lsu_ren=0x0 lsu_width=0
x00=0x00000000 x01=0x80000000 x02=0x00000000 x03=0x00000001 x04=0x00000002 x05=0x366d60c8 x06=0x0000007f x07=0x00000002 x08=0x80000064 x09=0x00000001 x10=0x00000000 x11=0x00000000 x12=0x00000000 x13=0x00000066 x14=0x8885a0a4 x15=0xfffffdf6 x16=0x00000000 x17=0x00000000 x18=0x00000000 x19=0x00000002 x20=0x00000020 x21=0x00000000 x22=0x00000000 x23=0x00000000 x24=0x00000000 x25=0x00000000 x26=0x00000000 x27=0x00000000 x28=0x00000000 x29=0x00000000 x30=0x000002df x31=0x800000b8
step=0052 retired_pc=0x800000d8 debug_pc=0x800000dc inst=0x4113dc93 asm="srai x25,x7,17" lsu_addr=0x00000000 lsu_addr16=0x0000 lsu_data=0x00000000 lsu_wen=0x0 lsu_ren=0x0 lsu_width=0
x00=0x00000000 x01=0x80000000 x02=0x00000000 x03=0x00000001 x04=0x00000002 x05=0x366d60c8 x06=0x0000007f x07=0x00000002 x08=0x80000064 x09=0x00000001 x10=0x00000000 x11=0x00000000 x12=0x00000000 x13=0x00000066 x14=0x8885a0a4 x15=0xfffffdf6 x16=0x00000000 x17=0x00000000 x18=0x00000000 x19=0x00000002 x20=0x00000020 x21=0x00000000 x22=0x00000000 x23=0x00000000 x24=0x00000000 x25=0x00000000 x26=0x00000000 x27=0x00000000 x28=0x00000000 x29=0x00000000 x30=0x000002df x31=0x800000b8
step=0053 retired_pc=0x800000dc debug_pc=0x800000e0 inst=0x0067b9b3 asm="sltu x19,x15,x6" lsu_addr=0x00000000 lsu_addr16=0x0000 lsu_data=0x00000000 lsu_wen=0x0 lsu_ren=0x0 lsu_width=0
x00=0x00000000 x01=0x80000000 x02=0x00000000 x03=0x00000001 x04=0x00000002 x05=0x366d60c8 x06=0x0000007f x07=0x00000002 x08=0x80000064 x09=0x00000001 x10=0x00000000 x11=0x00000000 x12=0x00000000 x13=0x00000066 x14=0x8885a0a4 x15=0xfffffdf6 x16=0x00000000 x17=0x00000000 x18=0x00000000 x19=0x00000000 x20=0x00000020 x21=0x00000000 x22=0x00000000 x23=0x00000000 x24=0x00000000 x25=0x00000000 x26=0x00000000 x27=0x00000000 x28=0x00000000 x29=0x00000000 x30=0x000002df x31=0x800000b8
step=0054 retired_pc=0x800000e0 debug_pc=0x800000e4 inst=0x00b6f263 asm="bgeu x13,x11,4" lsu_addr=0x00000000 lsu_addr16=0x0000 lsu_data=0x00000000 lsu_wen=0x0 lsu_ren=0x0 lsu_width=0
x00=0x00000000 x01=0x80000000 x02=0x00000000 x03=0x00000001 x04=0x00000002 x05=0x366d60c8 x06=0x0000007f x07=0x00000002 x08=0x80000064 x09=0x00000001 x10=0x00000000 x11=0x00000000 x12=0x00000000 x13=0x00000066 x14=0x8885a0a4 x15=0xfffffdf6 x16=0x00000000 x17=0x00000000 x18=0x00000000 x19=0x00000000 x20=0x00000020 x21=0x00000000 x22=0x00000000 x23=0x00000000 x24=0x00000000 x25=0x00000000 x26=0x00000000 x27=0x00000000 x28=0x00000000 x29=0x00000000 x30=0x000002df x31=0x800000b8
step=0055 retired_pc=0x800000e4 debug_pc=0x800000e8 inst=0x009564b3 asm="or x9,x10,x9" lsu_addr=0x00000000 lsu_addr16=0x0000 lsu_data=0x00000000 lsu_wen=0x0 lsu_ren=0x0 lsu_width=0
x00=0x00000000 x01=0x80000000 x02=0x00000000 x03=0x00000001 x04=0x00000002 x05=0x366d60c8 x06=0x0000007f x07=0x00000002 x08=0x80000064 x09=0x00000001 x10=0x00000000 x11=0x00000000 x12=0x00000000 x13=0x00000066 x14=0x8885a0a4 x15=0xfffffdf6 x16=0x00000000 x17=0x00000000 x18=0x00000000 x19=0x00000000 x20=0x00000020 x21=0x00000000 x22=0x00000000 x23=0x00000000 x24=0x00000000 x25=0x00000000 x26=0x00000000 x27=0x00000000 x28=0x00000000 x29=0x00000000 x30=0x000002df x31=0x800000b8
step=0056 retired_pc=0x800000e8 debug_pc=0x800000ec inst=0x0042f833 asm="and x16,x5,x4" lsu_addr=0x00000000 lsu_addr16=0x0000 lsu_data=0x00000000 lsu_wen=0x0 lsu_ren=0x0 lsu_width=0
x00=0x00000000 x01=0x80000000 x02=0x00000000 x03=0x00000001 x04=0x00000002 x05=0x366d60c8 x06=0x0000007f x07=0x00000002 x08=0x80000064 x09=0x00000001 x10=0x00000000 x11=0x00000000 x12=0x00000000 x13=0x00000066 x14=0x8885a0a4 x15=0xfffffdf6 x16=0x00000000 x17=0x00000000 x18=0x00000000 x19=0x00000000 x20=0x00000020 x21=0x00000000 x22=0x00000000 x23=0x00000000 x24=0x00000000 x25=0x00000000 x26=0x00000000 x27=0x00000000 x28=0x00000000 x29=0x00000000 x30=0x000002df x31=0x800000b8
step=0057 retired_pc=0x800000ec debug_pc=0x800000f0 inst=0x32608b23 asm="sb x6,822(x1)" lsu_addr=0x80000336 lsu_addr16=0x0336 lsu_data=0x007f0000 lsu_wen=0x4 lsu_ren=0x0 lsu_width=1
x00=0x00000000 x01=0x80000000 x02=0x00000000 x03=0x00000001 x04=0x00000002 x05=0x366d60c8 x06=0x0000007f x07=0x00000002 x08=0x80000064 x09=0x00000001 x10=0x00000000 x11=0x00000000 x12=0x00000000 x13=0x00000066 x14=0x8885a0a4 x15=0xfffffdf6 x16=0x00000000 x17=0x00000000 x18=0x00000000 x19=0x00000000 x20=0x00000020 x21=0x00000000 x22=0x00000000 x23=0x00000000 x24=0x00000000 x25=0x00000000 x26=0x00000000 x27=0x00000000 x28=0x00000000 x29=0x00000000 x30=0x000002df x31=0x800000b8
step=0058 retired_pc=0x800000f0 debug_pc=0x800000f4 inst=0x10c0a003 asm="lw x0,268(x1)" lsu_addr=0x8000010c lsu_addr16=0x010c lsu_data=0x00000000 lsu_wen=0x0 lsu_ren=0x1 lsu_width=4
x00=0x00000000 x01=0x80000000 x02=0x00000000 x03=0x00000001 x04=0x00000002 x05=0x366d60c8 x06=0x0000007f x07=0x00000002 x08=0x80000064 x09=0x00000001 x10=0x00000000 x11=0x00000000 x12=0x00000000 x13=0x00000066 x14=0x8885a0a4 x15=0xfffffdf6 x16=0x00000000 x17=0x00000000 x18=0x00000000 x19=0x00000000 x20=0x00000020 x21=0x00000000 x22=0x00000000 x23=0x00000000 x24=0x00000000 x25=0x00000000 x26=0x00000000 x27=0x00000000 x28=0x00000000 x29=0x00000000 x30=0x000002df x31=0x800000b8
step=0059 retired_pc=0x800000f4 debug_pc=0x800000f8 inst=0x01fce263 asm="bltu x25,x31,4" lsu_addr=0x00000000 lsu_addr16=0x0000 lsu_data=0x00000000 lsu_wen=0x0 lsu_ren=0x0 lsu_width=0
x00=0x00000000 x01=0x80000000 x02=0x00000000 x03=0x00000001 x04=0x00000002 x05=0x366d60c8 x06=0x0000007f x07=0x00000002 x08=0x80000064 x09=0x00000001 x10=0x00000000 x11=0x00000000 x12=0x00000000 x13=0x00000066 x14=0x8885a0a4 x15=0xfffffdf6 x16=0x00000000 x17=0x00000000 x18=0x00000000 x19=0x00000000 x20=0x00000020 x21=0x00000000 x22=0x00000000 x23=0x00000000 x24=0x00000000 x25=0x00000000 x26=0x00000000 x27=0x00000000 x28=0x00000000 x29=0x00000000 x30=0x000002df x31=0x800000b8
step=0060 retired_pc=0x800000f8 debug_pc=0x800000fc inst=0x40dd8b33 asm="sub x22,x27,x13" lsu_addr=0x00000000 lsu_addr16=0x0000 lsu_data=0x00000000 lsu_wen=0x0 lsu_ren=0x0 lsu_width=0
x00=0x00000000 x01=0x80000000 x02=0x00000000 x03=0x00000001 x04=0x00000002 x05=0x366d60c8 x06=0x0000007f x07=0x00000002 x08=0x80000064 x09=0x00000001 x10=0x00000000 x11=0x00000000 x12=0x00000000 x13=0x00000066 x14=0x8885a0a4 x15=0xfffffdf6 x16=0x00000000 x17=0x00000000 x18=0x00000000 x19=0x00000000 x20=0x00000020 x21=0x00000000 x22=0xffffff9a x23=0x00000000 x24=0x00000000 x25=0x00000000 x26=0x00000000 x27=0x00000000 x28=0x00000000 x29=0x00000000 x30=0x000002df x31=0x800000b8
step=0061 retired_pc=0x800000fc debug_pc=0x80000100 inst=0x01f4e433 asm="or x8,x9,x31" lsu_addr=0x00000000 lsu_addr16=0x0000 lsu_data=0x00000000 lsu_wen=0x0 lsu_ren=0x0 lsu_width=0
x00=0x00000000 x01=0x80000000 x02=0x00000000 x03=0x00000001 x04=0x00000002 x05=0x366d60c8 x06=0x0000007f x07=0x00000002 x08=0x800000b9 x09=0x00000001 x10=0x00000000 x11=0x00000000 x12=0x00000000 x13=0x00000066 x14=0x8885a0a4 x15=0xfffffdf6 x16=0x00000000 x17=0x00000000 x18=0x00000000 x19=0x00000000 x20=0x00000020 x21=0x00000000 x22=0xffffff9a x23=0x00000000 x24=0x00000000 x25=0x00000000 x26=0x00000000 x27=0x00000000 x28=0x00000000 x29=0x00000000 x30=0x000002df x31=0x800000b8
step=0062 retired_pc=0x80000100 debug_pc=0x80000104 inst=0x015a8a33 asm="add x20,x21,x21" lsu_addr=0x00000000 lsu_addr16=0x0000 lsu_data=0x00000000 lsu_wen=0x0 lsu_ren=0x0 lsu_width=0
x00=0x00000000 x01=0x80000000 x02=0x00000000 x03=0x00000001 x04=0x00000002 x05=0x366d60c8 x06=0x0000007f x07=0x00000002 x08=0x800000b9 x09=0x00000001 x10=0x00000000 x11=0x00000000 x12=0x00000000 x13=0x00000066 x14=0x8885a0a4 x15=0xfffffdf6 x16=0x00000000 x17=0x00000000 x18=0x00000000 x19=0x00000000 x20=0x00000000 x21=0x00000000 x22=0xffffff9a x23=0x00000000 x24=0x00000000 x25=0x00000000 x26=0x00000000 x27=0x00000000 x28=0x00000000 x29=0x00000000 x30=0x000002df x31=0x800000b8
step=0063 retired_pc=0x80000104 debug_pc=0x80000108 inst=0x2840a003 asm="lw x0,644(x1)" lsu_addr=0x80000284 lsu_addr16=0x0284 lsu_data=0x00000000 lsu_wen=0x0 lsu_ren=0x1 lsu_width=4
x00=0x00000000 x01=0x80000000 x02=0x00000000 x03=0x00000001 x04=0x00000002 x05=0x366d60c8 x06=0x0000007f x07=0x00000002 x08=0x800000b9 x09=0x00000001 x10=0x00000000 x11=0x00000000 x12=0x00000000 x13=0x00000066 x14=0x8885a0a4 x15=0xfffffdf6 x16=0x00000000 x17=0x00000000 x18=0x00000000 x19=0x00000000 x20=0x00000000 x21=0x00000000 x22=0xffffff9a x23=0x00000000 x24=0x00000000 x25=0x00000000 x26=0x00000000 x27=0x00000000 x28=0x00000000 x29=0x00000000 x30=0x000002df x31=0x800000b8
step=0064 retired_pc=0x80000108 debug_pc=0x8000010c inst=0x10c081e7 asm="jalr x3,268(x1)" lsu_addr=0x00000000 lsu_addr16=0x0000 lsu_data=0x00000000 lsu_wen=0x0 lsu_ren=0x0 lsu_width=0
x00=0x00000000 x01=0x80000000 x02=0x00000000 x03=0x8000010c x04=0x00000002 x05=0x366d60c8 x06=0x0000007f x07=0x00000002 x08=0x800000b9 x09=0x00000001 x10=0x00000000 x11=0x00000000 x12=0x00000000 x13=0x00000066 x14=0x8885a0a4 x15=0xfffffdf6 x16=0x00000000 x17=0x00000000 x18=0x00000000 x19=0x00000000 x20=0x00000000 x21=0x00000000 x22=0xffffff9a x23=0x00000000 x24=0x00000000 x25=0x00000000 x26=0x00000000 x27=0x00000000 x28=0x00000000 x29=0x00000000 x30=0x000002df x31=0x800000b8
step=0065 retired_pc=0x8000010c debug_pc=0x80000110 inst=0x01281263 asm="bne x16,x18,4" lsu_addr=0x00000000 lsu_addr16=0x0000 lsu_data=0x00000000 lsu_wen=0x0 lsu_ren=0x0 lsu_width=0
x00=0x00000000 x01=0x80000000 x02=0x00000000 x03=0x8000010c x04=0x00000002 x05=0x366d60c8 x06=0x0000007f x07=0x00000002 x08=0x800000b9 x09=0x00000001 x10=0x00000000 x11=0x00000000 x12=0x00000000 x13=0x00000066 x14=0x8885a0a4 x15=0xfffffdf6 x16=0x00000000 x17=0x00000000 x18=0x00000000 x19=0x00000000 x20=0x00000000 x21=0x00000000 x22=0xffffff9a x23=0x00000000 x24=0x00000000 x25=0x00000000 x26=0x00000000 x27=0x00000000 x28=0x00000000 x29=0x00000000 x30=0x000002df x31=0x800000b8
step=0066 retired_pc=0x80000110 debug_pc=0x80000114 inst=0x019c1263 asm="bne x24,x25,4" lsu_addr=0x00000000 lsu_addr16=0x0000 lsu_data=0x00000000 lsu_wen=0x0 lsu_ren=0x0 lsu_width=0
x00=0x00000000 x01=0x80000000 x02=0x00000000 x03=0x8000010c x04=0x00000002 x05=0x366d60c8 x06=0x0000007f x07=0x00000002 x08=0x800000b9 x09=0x00000001 x10=0x00000000 x11=0x00000000 x12=0x00000000 x13=0x00000066 x14=0x8885a0a4 x15=0xfffffdf6 x16=0x00000000 x17=0x00000000 x18=0x00000000 x19=0x00000000 x20=0x00000000 x21=0x00000000 x22=0xffffff9a x23=0x00000000 x24=0x00000000 x25=0x00000000 x26=0x00000000 x27=0x00000000 x28=0x00000000 x29=0x00000000 x30=0x000002df x31=0x800000b8
step=0067 retired_pc=0x80000114 debug_pc=0x80000118 inst=0x2a1911b7 asm="lui x3,0x2a191" lsu_addr=0x00000000 lsu_addr16=0x0000 lsu_data=0x00000000 lsu_wen=0x0 lsu_ren=0x0 lsu_width=0
x00=0x00000000 x01=0x80000000 x02=0x00000000 x03=0x2a191000 x04=0x00000002 x05=0x366d60c8 x06=0x0000007f x07=0x00000002 x08=0x800000b9 x09=0x00000001 x10=0x00000000 x11=0x00000000 x12=0x00000000 x13=0x00000066 x14=0x8885a0a4 x15=0xfffffdf6 x16=0x00000000 x17=0x00000000 x18=0x00000000 x19=0x00000000 x20=0x00000000 x21=0x00000000 x22=0xffffff9a x23=0x00000000 x24=0x00000000 x25=0x00000000 x26=0x00000000 x27=0x00000000 x28=0x00000000 x29=0x00000000 x30=0x000002df x31=0x800000b8
step=0068 retired_pc=0x80000118 debug_pc=0x8000011c inst=0x0151c9b3 asm="xor x19,x3,x21" lsu_addr=0x00000000 lsu_addr16=0x0000 lsu_data=0x00000000 lsu_wen=0x0 lsu_ren=0x0 lsu_width=0
x00=0x00000000 x01=0x80000000 x02=0x00000000 x03=0x2a191000 x04=0x00000002 x05=0x366d60c8 x06=0x0000007f x07=0x00000002 x08=0x800000b9 x09=0x00000001 x10=0x00000000 x11=0x00000000 x12=0x00000000 x13=0x00000066 x14=0x8885a0a4 x15=0xfffffdf6 x16=0x00000000 x17=0x00000000 x18=0x00000000 x19=0x2a191000 x20=0x00000000 x21=0x00000000 x22=0xffffff9a x23=0x00000000 x24=0x00000000 x25=0x00000000 x26=0x00000000 x27=0x00000000 x28=0x00000000 x29=0x00000000 x30=0x000002df x31=0x800000b8
step=0069 retired_pc=0x8000011c debug_pc=0x80000120 inst=0x75299d37 asm="lui x26,0x75299" lsu_addr=0x00000000 lsu_addr16=0x0000 lsu_data=0x00000000 lsu_wen=0x0 lsu_ren=0x0 lsu_width=0
x00=0x00000000 x01=0x80000000 x02=0x00000000 x03=0x2a191000 x04=0x00000002 x05=0x366d60c8 x06=0x0000007f x07=0x00000002 x08=0x800000b9 x09=0x00000001 x10=0x00000000 x11=0x00000000 x12=0x00000000 x13=0x00000066 x14=0x8885a0a4 x15=0xfffffdf6 x16=0x00000000 x17=0x00000000 x18=0x00000000 x19=0x2a191000 x20=0x00000000 x21=0x00000000 x22=0xffffff9a x23=0x00000000 x24=0x00000000 x25=0x00000000 x26=0x75299000 x27=0x00000000 x28=0x00000000 x29=0x00000000 x30=0x000002df x31=0x800000b8
step=0070 retired_pc=0x80000120 debug_pc=0x80000124 inst=0x407f5fb3 asm="sra x31,x30,x7" lsu_addr=0x00000000 lsu_addr16=0x0000 lsu_data=0x00000000 lsu_wen=0x0 lsu_ren=0x0 lsu_width=0
x00=0x00000000 x01=0x80000000 x02=0x00000000 x03=0x2a191000 x04=0x00000002 x05=0x366d60c8 x06=0x0000007f x07=0x00000002 x08=0x800000b9 x09=0x00000001 x10=0x00000000 x11=0x00000000 x12=0x00000000 x13=0x00000066 x14=0x8885a0a4 x15=0xfffffdf6 x16=0x00000000 x17=0x00000000 x18=0x00000000 x19=0x2a191000 x20=0x00000000 x21=0x00000000 x22=0xffffff9a x23=0x00000000 x24=0x00000000 x25=0x00000000 x26=0x75299000 x27=0x00000000 x28=0x00000000 x29=0x00000000 x30=0x000002df x31=0x000000b7
step=0071 retired_pc=0x80000124 debug_pc=0x80000128 inst=0x0240ad03 asm="lw x26,36(x1)" lsu_addr=0x80000024 lsu_addr16=0x0024 lsu_data=0x00000000 lsu_wen=0x0 lsu_ren=0x1 lsu_width=4
x00=0x00000000 x01=0x80000000 x02=0x00000000 x03=0x2a191000 x04=0x00000002 x05=0x366d60c8 x06=0x0000007f x07=0x00000002 x08=0x800000b9 x09=0x00000001 x10=0x00000000 x11=0x00000000 x12=0x00000000 x13=0x00000066 x14=0x8885a0a4 x15=0xfffffdf6 x16=0x00000000 x17=0x00000000 x18=0x00000000 x19=0x2a191000 x20=0x00000000 x21=0x00000000 x22=0xffffff9a x23=0x00000000 x24=0x00000000 x25=0x00000000 x26=0x00000000 x27=0x00000000 x28=0x00000000 x29=0x00000000 x30=0x000002df x31=0x000000b7
step=0072 retired_pc=0x80000128 debug_pc=0x8000012c inst=0x277e2813 asm="slti x16,x28,631" lsu_addr=0x00000000 lsu_addr16=0x0000 lsu_data=0x00000000 lsu_wen=0x0 lsu_ren=0x0 lsu_width=0
x00=0x00000000 x01=0x80000000 x02=0x00000000 x03=0x2a191000 x04=0x00000002 x05=0x366d60c8 x06=0x0000007f x07=0x00000002 x08=0x800000b9 x09=0x00000001 x10=0x00000000 x11=0x00000000 x12=0x00000000 x13=0x00000066 x14=0x8885a0a4 x15=0xfffffdf6 x16=0x00000001 x17=0x00000000 x18=0x00000000 x19=0x2a191000 x20=0x00000000 x21=0x00000000 x22=0xffffff9a x23=0x00000000 x24=0x00000000 x25=0x00000000 x26=0x00000000 x27=0x00000000 x28=0x00000000 x29=0x00000000 x30=0x000002df x31=0x000000b7
step=0073 retired_pc=0x8000012c debug_pc=0x80000130 inst=0x77828993 asm="addi x19,x5,1912" lsu_addr=0x00000000 lsu_addr16=0x0000 lsu_data=0x00000000 lsu_wen=0x0 lsu_ren=0x0 lsu_width=0
x00=0x00000000 x01=0x80000000 x02=0x00000000 x03=0x2a191000 x04=0x00000002 x05=0x366d60c8 x06=0x0000007f x07=0x00000002 x08=0x800000b9 x09=0x00000001 x10=0x00000000 x11=0x00000000 x12=0x00000000 x13=0x00000066 x14=0x8885a0a4 x15=0xfffffdf6 x16=0x00000001 x17=0x00000000 x18=0x00000000 x19=0x366d6840 x20=0x00000000 x21=0x00000000 x22=0xffffff9a x23=0x00000000 x24=0x00000000 x25=0x00000000 x26=0x00000000 x27=0x00000000 x28=0x00000000 x29=0x00000000 x30=0x000002df x31=0x000000b7
step=0074 retired_pc=0x80000130 debug_pc=0x80000134 inst=0xa4694913 asm="xori x18,x18,-1466" lsu_addr=0x00000000 lsu_addr16=0x0000 lsu_data=0x00000000 lsu_wen=0x0 lsu_ren=0x0 lsu_width=0
x00=0x00000000 x01=0x80000000 x02=0x00000000 x03=0x2a191000 x04=0x00000002 x05=0x366d60c8 x06=0x0000007f x07=0x00000002 x08=0x800000b9 x09=0x00000001 x10=0x00000000 x11=0x00000000 x12=0x00000000 x13=0x00000066 x14=0x8885a0a4 x15=0xfffffdf6 x16=0x00000001 x17=0x00000000 x18=0xfffffa46 x19=0x366d6840 x20=0x00000000 x21=0x00000000 x22=0xffffff9a x23=0x00000000 x24=0x00000000 x25=0x00000000 x26=0x00000000 x27=0x00000000 x28=0x00000000 x29=0x00000000 x30=0x000002df x31=0x000000b7
step=0075 retired_pc=0x80000134 debug_pc=0x80000138 inst=0x008af9b3 asm="and x19,x21,x8" lsu_addr=0x00000000 lsu_addr16=0x0000 lsu_data=0x00000000 lsu_wen=0x0 lsu_ren=0x0 lsu_width=0
x00=0x00000000 x01=0x80000000 x02=0x00000000 x03=0x2a191000 x04=0x00000002 x05=0x366d60c8 x06=0x0000007f x07=0x00000002 x08=0x800000b9 x09=0x00000001 x10=0x00000000 x11=0x00000000 x12=0x00000000 x13=0x00000066 x14=0x8885a0a4 x15=0xfffffdf6 x16=0x00000001 x17=0x00000000 x18=0xfffffa46 x19=0x00000000 x20=0x00000000 x21=0x00000000 x22=0xffffff9a x23=0x00000000 x24=0x00000000 x25=0x00000000 x26=0x00000000 x27=0x00000000 x28=0x00000000 x29=0x00000000 x30=0x000002df x31=0x000000b7
step=0076 retired_pc=0x80000138 debug_pc=0x8000013c inst=0x00685213 asm="srli x4,x16,6" lsu_addr=0x00000000 lsu_addr16=0x0000 lsu_data=0x00000000 lsu_wen=0x0 lsu_ren=0x0 lsu_width=0
x00=0x00000000 x01=0x80000000 x02=0x00000000 x03=0x2a191000 x04=0x00000000 x05=0x366d60c8 x06=0x0000007f x07=0x00000002 x08=0x800000b9 x09=0x00000001 x10=0x00000000 x11=0x00000000 x12=0x00000000 x13=0x00000066 x14=0x8885a0a4 x15=0xfffffdf6 x16=0x00000001 x17=0x00000000 x18=0xfffffa46 x19=0x00000000 x20=0x00000000 x21=0x00000000 x22=0xffffff9a x23=0x00000000 x24=0x00000000 x25=0x00000000 x26=0x00000000 x27=0x00000000 x28=0x00000000 x29=0x00000000 x30=0x000002df x31=0x000000b7
step=0077 retired_pc=0x8000013c debug_pc=0x80000140 inst=0x00677263 asm="bgeu x14,x6,4" lsu_addr=0x00000000 lsu_addr16=0x0000 lsu_data=0x00000000 lsu_wen=0x0 lsu_ren=0x0 lsu_width=0
x00=0x00000000 x01=0x80000000 x02=0x00000000 x03=0x2a191000 x04=0x00000000 x05=0x366d60c8 x06=0x0000007f x07=0x00000002 x08=0x800000b9 x09=0x00000001 x10=0x00000000 x11=0x00000000 x12=0x00000000 x13=0x00000066 x14=0x8885a0a4 x15=0xfffffdf6 x16=0x00000001 x17=0x00000000 x18=0xfffffa46 x19=0x00000000 x20=0x00000000 x21=0x00000000 x22=0xffffff9a x23=0x00000000 x24=0x00000000 x25=0x00000000 x26=0x00000000 x27=0x00000000 x28=0x00000000 x29=0x00000000 x30=0x000002df x31=0x000000b7
step=0078 retired_pc=0x80000140 debug_pc=0x80000144 inst=0x3ff0fa97 asm="auipc x21,0x3ff0f" lsu_addr=0x00000000 lsu_addr16=0x0000 lsu_data=0x00000000 lsu_wen=0x0 lsu_ren=0x0 lsu_width=0
x00=0x00000000 x01=0x80000000 x02=0x00000000 x03=0x2a191000 x04=0x00000000 x05=0x366d60c8 x06=0x0000007f x07=0x00000002 x08=0x800000b9 x09=0x00000001 x10=0x00000000 x11=0x00000000 x12=0x00000000 x13=0x00000066 x14=0x8885a0a4 x15=0xfffffdf6 x16=0x00000001 x17=0x00000000 x18=0xfffffa46 x19=0x00000000 x20=0x00000000 x21=0xbff0f140 x22=0xffffff9a x23=0x00000000 x24=0x00000000 x25=0x00000000 x26=0x00000000 x27=0x00000000 x28=0x00000000 x29=0x00000000 x30=0x000002df x31=0x000000b7
step=0079 retired_pc=0x80000144 debug_pc=0x80000148 inst=0x511bb393 asm="sltiu x7,x23,1297" lsu_addr=0x00000000 lsu_addr16=0x0000 lsu_data=0x00000000 lsu_wen=0x0 lsu_ren=0x0 lsu_width=0
x00=0x00000000 x01=0x80000000 x02=0x00000000 x03=0x2a191000 x04=0x00000000 x05=0x366d60c8 x06=0x0000007f x07=0x00000001 x08=0x800000b9 x09=0x00000001 x10=0x00000000 x11=0x00000000 x12=0x00000000 x13=0x00000066 x14=0x8885a0a4 x15=0xfffffdf6 x16=0x00000001 x17=0x00000000 x18=0xfffffa46 x19=0x00000000 x20=0x00000000 x21=0xbff0f140 x22=0xffffff9a x23=0x00000000 x24=0x00000000 x25=0x00000000 x26=0x00000000 x27=0x00000000 x28=0x00000000 x29=0x00000000 x30=0x000002df x31=0x000000b7
step=0080 retired_pc=0x80000148 debug_pc=0x8000014c inst=0x003d81b3 asm="add x3,x27,x3" lsu_addr=0x00000000 lsu_addr16=0x0000 lsu_data=0x00000000 lsu_wen=0x0 lsu_ren=0x0 lsu_width=0
x00=0x00000000 x01=0x80000000 x02=0x00000000 x03=0x2a191000 x04=0x00000000 x05=0x366d60c8 x06=0x0000007f x07=0x00000001 x08=0x800000b9 x09=0x00000001 x10=0x00000000 x11=0x00000000 x12=0x00000000 x13=0x00000066 x14=0x8885a0a4 x15=0xfffffdf6 x16=0x00000001 x17=0x00000000 x18=0xfffffa46 x19=0x00000000 x20=0x00000000 x21=0xbff0f140 x22=0xffffff9a x23=0x00000000 x24=0x00000000 x25=0x00000000 x26=0x00000000 x27=0x00000000 x28=0x00000000 x29=0x00000000 x30=0x000002df x31=0x000000b7
step=0081 retired_pc=0x8000014c debug_pc=0x80000150 inst=0x01381813 asm="slli x16,x16,19" lsu_addr=0x00000000 lsu_addr16=0x0000 lsu_data=0x00000000 lsu_wen=0x0 lsu_ren=0x0 lsu_width=0
x00=0x00000000 x01=0x80000000 x02=0x00000000 x03=0x2a191000 x04=0x00000000 x05=0x366d60c8 x06=0x0000007f x07=0x00000001 x08=0x800000b9 x09=0x00000001 x10=0x00000000 x11=0x00000000 x12=0x00000000 x13=0x00000066 x14=0x8885a0a4 x15=0xfffffdf6 x16=0x00080000 x17=0x00000000 x18=0xfffffa46 x19=0x00000000 x20=0x00000000 x21=0xbff0f140 x22=0xffffff9a x23=0x00000000 x24=0x00000000 x25=0x00000000 x26=0x00000000 x27=0x00000000 x28=0x00000000 x29=0x00000000 x30=0x000002df x31=0x000000b7
step=0082 retired_pc=0x80000150 debug_pc=0x80000154 inst=0x125bad13 asm="slti x26,x23,293" lsu_addr=0x00000000 lsu_addr16=0x0000 lsu_data=0x00000000 lsu_wen=0x0 lsu_ren=0x0 lsu_width=0
x00=0x00000000 x01=0x80000000 x02=0x00000000 x03=0x2a191000 x04=0x00000000 x05=0x366d60c8 x06=0x0000007f x07=0x00000001 x08=0x800000b9 x09=0x00000001 x10=0x00000000 x11=0x00000000 x12=0x00000000 x13=0x00000066 x14=0x8885a0a4 x15=0xfffffdf6 x16=0x00080000 x17=0x00000000 x18=0xfffffa46 x19=0x00000000 x20=0x00000000 x21=0xbff0f140 x22=0xffffff9a x23=0x00000000 x24=0x00000000 x25=0x00000000 x26=0x00000001 x27=0x00000000 x28=0x00000000 x29=0x00000000 x30=0x000002df x31=0x000000b7
step=0083 retired_pc=0x80000154 debug_pc=0x80000158 inst=0x04d08e03 asm="lb x28,77(x1)" lsu_addr=0x8000004d lsu_addr16=0x004d lsu_data=0x00000000 lsu_wen=0x0 lsu_ren=0x1 lsu_width=1
x00=0x00000000 x01=0x80000000 x02=0x00000000 x03=0x2a191000 x04=0x00000000 x05=0x366d60c8 x06=0x0000007f x07=0x00000001 x08=0x800000b9 x09=0x00000001 x10=0x00000000 x11=0x00000000 x12=0x00000000 x13=0x00000066 x14=0x8885a0a4 x15=0xfffffdf6 x16=0x00080000 x17=0x00000000 x18=0xfffffa46 x19=0x00000000 x20=0x00000000 x21=0xbff0f140 x22=0xffffff9a x23=0x00000000 x24=0x00000000 x25=0x00000000 x26=0x00000001 x27=0x00000000 x28=0x00000000 x29=0x00000000 x30=0x000002df x31=0x000000b7
step=0084 retired_pc=0x80000158 debug_pc=0x8000015c inst=0x01596263 asm="bltu x18,x21,4" lsu_addr=0x00000000 lsu_addr16=0x0000 lsu_data=0x00000000 lsu_wen=0x0 lsu_ren=0x0 lsu_width=0
x00=0x00000000 x01=0x80000000 x02=0x00000000 x03=0x2a191000 x04=0x00000000 x05=0x366d60c8 x06=0x0000007f x07=0x00000001 x08=0x800000b9 x09=0x00000001 x10=0x00000000 x11=0x00000000 x12=0x00000000 x13=0x00000066 x14=0x8885a0a4 x15=0xfffffdf6 x16=0x00080000 x17=0x00000000 x18=0xfffffa46 x19=0x00000000 x20=0x00000000 x21=0xbff0f140 x22=0xffffff9a x23=0x00000000 x24=0x00000000 x25=0x00000000 x26=0x00000001 x27=0x00000000 x28=0x00000000 x29=0x00000000 x30=0x000002df x31=0x000000b7
step=0085 retired_pc=0x8000015c debug_pc=0x80000160 inst=0x08008ea3 asm="sb x0,157(x1)" lsu_addr=0x8000009d lsu_addr16=0x009d lsu_data=0x00000000 lsu_wen=0x2 lsu_ren=0x0 lsu_width=1
x00=0x00000000 x01=0x80000000 x02=0x00000000 x03=0x2a191000 x04=0x00000000 x05=0x366d60c8 x06=0x0000007f x07=0x00000001 x08=0x800000b9 x09=0x00000001 x10=0x00000000 x11=0x00000000 x12=0x00000000 x13=0x00000066 x14=0x8885a0a4 x15=0xfffffdf6 x16=0x00080000 x17=0x00000000 x18=0xfffffa46 x19=0x00000000 x20=0x00000000 x21=0xbff0f140 x22=0xffffff9a x23=0x00000000 x24=0x00000000 x25=0x00000000 x26=0x00000001 x27=0x00000000 x28=0x00000000 x29=0x00000000 x30=0x000002df x31=0x000000b7
step=0086 retired_pc=0x80000160 debug_pc=0x80000164 inst=0x001c9263 asm="bne x25,x1,4" lsu_addr=0x00000000 lsu_addr16=0x0000 lsu_data=0x00000000 lsu_wen=0x0 lsu_ren=0x0 lsu_width=0
x00=0x00000000 x01=0x80000000 x02=0x00000000 x03=0x2a191000 x04=0x00000000 x05=0x366d60c8 x06=0x0000007f x07=0x00000001 x08=0x800000b9 x09=0x00000001 x10=0x00000000 x11=0x00000000 x12=0x00000000 x13=0x00000066 x14=0x8885a0a4 x15=0xfffffdf6 x16=0x00080000 x17=0x00000000 x18=0xfffffa46 x19=0x00000000 x20=0x00000000 x21=0xbff0f140 x22=0xffffff9a x23=0x00000000 x24=0x00000000 x25=0x00000000 x26=0x00000001 x27=0x00000000 x28=0x00000000 x29=0x00000000 x30=0x000002df x31=0x000000b7
step=0087 retired_pc=0x80000164 debug_pc=0x80000168 inst=0x01b3a133 asm="slt x2,x7,x27" lsu_addr=0x00000000 lsu_addr16=0x0000 lsu_data=0x00000000 lsu_wen=0x0 lsu_ren=0x0 lsu_width=0
x00=0x00000000 x01=0x80000000 x02=0x00000000 x03=0x2a191000 x04=0x00000000 x05=0x366d60c8 x06=0x0000007f x07=0x00000001 x08=0x800000b9 x09=0x00000001 x10=0x00000000 x11=0x00000000 x12=0x00000000 x13=0x00000066 x14=0x8885a0a4 x15=0xfffffdf6 x16=0x00080000 x17=0x00000000 x18=0xfffffa46 x19=0x00000000 x20=0x00000000 x21=0xbff0f140 x22=0xffffff9a x23=0x00000000 x24=0x00000000 x25=0x00000000 x26=0x00000001 x27=0x00000000 x28=0x00000000 x29=0x00000000 x30=0x000002df x31=0x000000b7
step=0088 retired_pc=0x80000168 debug_pc=0x8000016c inst=0x01e5ed33 asm="or x26,x11,x30" lsu_addr=0x00000000 lsu_addr16=0x0000 lsu_data=0x00000000 lsu_wen=0x0 lsu_ren=0x0 lsu_width=0
x00=0x00000000 x01=0x80000000 x02=0x00000000 x03=0x2a191000 x04=0x00000000 x05=0x366d60c8 x06=0x0000007f x07=0x00000001 x08=0x800000b9 x09=0x00000001 x10=0x00000000 x11=0x00000000 x12=0x00000000 x13=0x00000066 x14=0x8885a0a4 x15=0xfffffdf6 x16=0x00080000 x17=0x00000000 x18=0xfffffa46 x19=0x00000000 x20=0x00000000 x21=0xbff0f140 x22=0xffffff9a x23=0x00000000 x24=0x00000000 x25=0x00000000 x26=0x000002df x27=0x00000000 x28=0x00000000 x29=0x00000000 x30=0x000002df x31=0x000000b7
step=0089 retired_pc=0x8000016c debug_pc=0x80000170 inst=0x39208ea3 asm="sb x18,925(x1)" lsu_addr=0x8000039d lsu_addr16=0x039d lsu_data=0x00004600 lsu_wen=0x2 lsu_ren=0x0 lsu_width=1
x00=0x00000000 x01=0x80000000 x02=0x00000000 x03=0x2a191000 x04=0x00000000 x05=0x366d60c8 x06=0x0000007f x07=0x00000001 x08=0x800000b9 x09=0x00000001 x10=0x00000000 x11=0x00000000 x12=0x00000000 x13=0x00000066 x14=0x8885a0a4 x15=0xfffffdf6 x16=0x00080000 x17=0x00000000 x18=0xfffffa46 x19=0x00000000 x20=0x00000000 x21=0xbff0f140 x22=0xffffff9a x23=0x00000000 x24=0x00000000 x25=0x00000000 x26=0x000002df x27=0x00000000 x28=0x00000000 x29=0x00000000 x30=0x000002df x31=0x000000b7
step=0090 retired_pc=0x80000170 debug_pc=0x80000174 inst=0x40d805b3 asm="sub x11,x16,x13" lsu_addr=0x00000000 lsu_addr16=0x0000 lsu_data=0x00000000 lsu_wen=0x0 lsu_ren=0x0 lsu_width=0
x00=0x00000000 x01=0x80000000 x02=0x00000000 x03=0x2a191000 x04=0x00000000 x05=0x366d60c8 x06=0x0000007f x07=0x00000001 x08=0x800000b9 x09=0x00000001 x10=0x00000000 x11=0x0007ff9a x12=0x00000000 x13=0x00000066 x14=0x8885a0a4 x15=0xfffffdf6 x16=0x00080000 x17=0x00000000 x18=0xfffffa46 x19=0x00000000 x20=0x00000000 x21=0xbff0f140 x22=0xffffff9a x23=0x00000000 x24=0x00000000 x25=0x00000000 x26=0x000002df x27=0x00000000 x28=0x00000000 x29=0x00000000 x30=0x000002df x31=0x000000b7
step=0091 retired_pc=0x80000174 debug_pc=0x80000178 inst=0x299d7913 asm="andi x18,x26,665" lsu_addr=0x00000000 lsu_addr16=0x0000 lsu_data=0x00000000 lsu_wen=0x0 lsu_ren=0x0 lsu_width=0
x00=0x00000000 x01=0x80000000 x02=0x00000000 x03=0x2a191000 x04=0x00000000 x05=0x366d60c8 x06=0x0000007f x07=0x00000001 x08=0x800000b9 x09=0x00000001 x10=0x00000000 x11=0x0007ff9a x12=0x00000000 x13=0x00000066 x14=0x8885a0a4 x15=0xfffffdf6 x16=0x00080000 x17=0x00000000 x18=0x00000299 x19=0x00000000 x20=0x00000000 x21=0xbff0f140 x22=0xffffff9a x23=0x00000000 x24=0x00000000 x25=0x00000000 x26=0x000002df x27=0x00000000 x28=0x00000000 x29=0x00000000 x30=0x000002df x31=0x000000b7
step=0092 retired_pc=0x80000178 debug_pc=0x8000017c inst=0xf732fb13 asm="andi x22,x5,-141" lsu_addr=0x00000000 lsu_addr16=0x0000 lsu_data=0x00000000 lsu_wen=0x0 lsu_ren=0x0 lsu_width=0
x00=0x00000000 x01=0x80000000 x02=0x00000000 x03=0x2a191000 x04=0x00000000 x05=0x366d60c8 x06=0x0000007f x07=0x00000001 x08=0x800000b9 x09=0x00000001 x10=0x00000000 x11=0x0007ff9a x12=0x00000000 x13=0x00000066 x14=0x8885a0a4 x15=0xfffffdf6 x16=0x00080000 x17=0x00000000 x18=0x00000299 x19=0x00000000 x20=0x00000000 x21=0xbff0f140 x22=0x366d6040 x23=0x00000000 x24=0x00000000 x25=0x00000000 x26=0x000002df x27=0x00000000 x28=0x00000000 x29=0x00000000 x30=0x000002df x31=0x000000b7
step=0093 retired_pc=0x8000017c debug_pc=0x80000180 inst=0xeb03ef93 asm="ori x31,x7,-336" lsu_addr=0x00000000 lsu_addr16=0x0000 lsu_data=0x00000000 lsu_wen=0x0 lsu_ren=0x0 lsu_width=0
x00=0x00000000 x01=0x80000000 x02=0x00000000 x03=0x2a191000 x04=0x00000000 x05=0x366d60c8 x06=0x0000007f x07=0x00000001 x08=0x800000b9 x09=0x00000001 x10=0x00000000 x11=0x0007ff9a x12=0x00000000 x13=0x00000066 x14=0x8885a0a4 x15=0xfffffdf6 x16=0x00080000 x17=0x00000000 x18=0x00000299 x19=0x00000000 x20=0x00000000 x21=0xbff0f140 x22=0x366d6040 x23=0x00000000 x24=0x00000000 x25=0x00000000 x26=0x000002df x27=0x00000000 x28=0x00000000 x29=0x00000000 x30=0x000002df x31=0xfffffeb1
step=0094 retired_pc=0x80000180 debug_pc=0x80000184 inst=0x00ecc263 asm="blt x25,x14,4" lsu_addr=0x00000000 lsu_addr16=0x0000 lsu_data=0x00000000 lsu_wen=0x0 lsu_ren=0x0 lsu_width=0
x00=0x00000000 x01=0x80000000 x02=0x00000000 x03=0x2a191000 x04=0x00000000 x05=0x366d60c8 x06=0x0000007f x07=0x00000001 x08=0x800000b9 x09=0x00000001 x10=0x00000000 x11=0x0007ff9a x12=0x00000000 x13=0x00000066 x14=0x8885a0a4 x15=0xfffffdf6 x16=0x00080000 x17=0x00000000 x18=0x00000299 x19=0x00000000 x20=0x00000000 x21=0xbff0f140 x22=0x366d6040 x23=0x00000000 x24=0x00000000 x25=0x00000000 x26=0x000002df x27=0x00000000 x28=0x00000000 x29=0x00000000 x30=0x000002df x31=0xfffffeb1
step=0095 retired_pc=0x80000184 debug_pc=0x80000188 inst=0x5b9d4393 asm="xori x7,x26,1465" lsu_addr=0x00000000 lsu_addr16=0x0000 lsu_data=0x00000000 lsu_wen=0x0 lsu_ren=0x0 lsu_width=0
x00=0x00000000 x01=0x80000000 x02=0x00000000 x03=0x2a191000 x04=0x00000000 x05=0x366d60c8 x06=0x0000007f x07=0x00000766 x08=0x800000b9 x09=0x00000001 x10=0x00000000 x11=0x0007ff9a x12=0x00000000 x13=0x00000066 x14=0x8885a0a4 x15=0xfffffdf6 x16=0x00080000 x17=0x00000000 x18=0x00000299 x19=0x00000000 x20=0x00000000 x21=0xbff0f140 x22=0x366d6040 x23=0x00000000 x24=0x00000000 x25=0x00000000 x26=0x000002df x27=0x00000000 x28=0x00000000 x29=0x00000000 x30=0x000002df x31=0xfffffeb1
step=0096 retired_pc=0x80000188 debug_pc=0x8000018c inst=0x01829493 asm="slli x9,x5,24" lsu_addr=0x00000000 lsu_addr16=0x0000 lsu_data=0x00000000 lsu_wen=0x0 lsu_ren=0x0 lsu_width=0
x00=0x00000000 x01=0x80000000 x02=0x00000000 x03=0x2a191000 x04=0x00000000 x05=0x366d60c8 x06=0x0000007f x07=0x00000766 x08=0x800000b9 x09=0xc8000000 x10=0x00000000 x11=0x0007ff9a x12=0x00000000 x13=0x00000066 x14=0x8885a0a4 x15=0xfffffdf6 x16=0x00080000 x17=0x00000000 x18=0x00000299 x19=0x00000000 x20=0x00000000 x21=0xbff0f140 x22=0x366d6040 x23=0x00000000 x24=0x00000000 x25=0x00000000 x26=0x000002df x27=0x00000000 x28=0x00000000 x29=0x00000000 x30=0x000002df x31=0xfffffeb1
step=0097 retired_pc=0x8000018c debug_pc=0x80000190 inst=0x42d84e93 asm="xori x29,x16,1069" lsu_addr=0x00000000 lsu_addr16=0x0000 lsu_data=0x00000000 lsu_wen=0x0 lsu_ren=0x0 lsu_width=0
x00=0x00000000 x01=0x80000000 x02=0x00000000 x03=0x2a191000 x04=0x00000000 x05=0x366d60c8 x06=0x0000007f x07=0x00000766 x08=0x800000b9 x09=0xc8000000 x10=0x00000000 x11=0x0007ff9a x12=0x00000000 x13=0x00000066 x14=0x8885a0a4 x15=0xfffffdf6 x16=0x00080000 x17=0x00000000 x18=0x00000299 x19=0x00000000 x20=0x00000000 x21=0xbff0f140 x22=0x366d6040 x23=0x00000000 x24=0x00000000 x25=0x00000000 x26=0x000002df x27=0x00000000 x28=0x00000000 x29=0x0008042d x30=0x000002df x31=0xfffffeb1
step=0098 retired_pc=0x80000190 debug_pc=0x80000194 inst=0x194085e7 asm="jalr x11,404(x1)" lsu_addr=0x00000000 lsu_addr16=0x0000 lsu_data=0x00000000 lsu_wen=0x0 lsu_ren=0x0 lsu_width=0
x00=0x00000000 x01=0x80000000 x02=0x00000000 x03=0x2a191000 x04=0x00000000 x05=0x366d60c8 x06=0x0000007f x07=0x00000766 x08=0x800000b9 x09=0xc8000000 x10=0x00000000 x11=0x80000194 x12=0x00000000 x13=0x00000066 x14=0x8885a0a4 x15=0xfffffdf6 x16=0x00080000 x17=0x00000000 x18=0x00000299 x19=0x00000000 x20=0x00000000 x21=0xbff0f140 x22=0x366d6040 x23=0x00000000 x24=0x00000000 x25=0x00000000 x26=0x000002df x27=0x00000000 x28=0x00000000 x29=0x0008042d x30=0x000002df x31=0xfffffeb1
step=0099 retired_pc=0x80000194 debug_pc=0x80000198 inst=0x00e10033 asm="add x0,x2,x14" lsu_addr=0x00000000 lsu_addr16=0x0000 lsu_data=0x00000000 lsu_wen=0x0 lsu_ren=0x0 lsu_width=0
x00=0x00000000 x01=0x80000000 x02=0x00000000 x03=0x2a191000 x04=0x00000000 x05=0x366d60c8 x06=0x0000007f x07=0x00000766 x08=0x800000b9 x09=0xc8000000 x10=0x00000000 x11=0x80000194 x12=0x00000000 x13=0x00000066 x14=0x8885a0a4 x15=0xfffffdf6 x16=0x00080000 x17=0x00000000 x18=0x00000299 x19=0x00000000 x20=0x00000000 x21=0xbff0f140 x22=0x366d6040 x23=0x00000000 x24=0x00000000 x25=0x00000000 x26=0x000002df x27=0x00000000 x28=0x00000000 x29=0x0008042d x30=0x000002df x31=0xfffffeb1
step=0100 retired_pc=0x80000198 debug_pc=0x8000019c inst=0xaa59f393 asm="andi x7,x19,-1371" lsu_addr=0x00000000 lsu_addr16=0x0000 lsu_data=0x00000000 lsu_wen=0x0 lsu_ren=0x0 lsu_width=0
x00=0x00000000 x01=0x80000000 x02=0x00000000 x03=0x2a191000 x04=0x00000000 x05=0x366d60c8 x06=0x0000007f x07=0x00000000 x08=0x800000b9 x09=0xc8000000 x10=0x00000000 x11=0x80000194 x12=0x00000000 x13=0x00000066 x14=0x8885a0a4 x15=0xfffffdf6 x16=0x00080000 x17=0x00000000 x18=0x00000299 x19=0x00000000 x20=0x00000000 x21=0xbff0f140 x22=0x366d6040 x23=0x00000000 x24=0x00000000 x25=0x00000000 x26=0x000002df x27=0x00000000 x28=0x00000000 x29=0x0008042d x30=0x000002df x31=0xfffffeb1
step=0101 retired_pc=0x8000019c debug_pc=0x800001a0 inst=0x1a0088e7 asm="jalr x17,416(x1)" lsu_addr=0x00000000 lsu_addr16=0x0000 lsu_data=0x00000000 lsu_wen=0x0 lsu_ren=0x0 lsu_width=0
x00=0x00000000 x01=0x80000000 x02=0x00000000 x03=0x2a191000 x04=0x00000000 x05=0x366d60c8 x06=0x0000007f x07=0x00000000 x08=0x800000b9 x09=0xc8000000 x10=0x00000000 x11=0x80000194 x12=0x00000000 x13=0x00000066 x14=0x8885a0a4 x15=0xfffffdf6 x16=0x00080000 x17=0x800001a0 x18=0x00000299 x19=0x00000000 x20=0x00000000 x21=0xbff0f140 x22=0x366d6040 x23=0x00000000 x24=0x00000000 x25=0x00000000 x26=0x000002df x27=0x00000000 x28=0x00000000 x29=0x0008042d x30=0x000002df x31=0xfffffeb1
step=0102 retired_pc=0x800001a0 debug_pc=0x800001a4 inst=0x00a17fb3 asm="and x31,x2,x10" lsu_addr=0x00000000 lsu_addr16=0x0000 lsu_data=0x00000000 lsu_wen=0x0 lsu_ren=0x0 lsu_width=0
x00=0x00000000 x01=0x80000000 x02=0x00000000 x03=0x2a191000 x04=0x00000000 x05=0x366d60c8 x06=0x0000007f x07=0x00000000 x08=0x800000b9 x09=0xc8000000 x10=0x00000000 x11=0x80000194 x12=0x00000000 x13=0x00000066 x14=0x8885a0a4 x15=0xfffffdf6 x16=0x00080000 x17=0x800001a0 x18=0x00000299 x19=0x00000000 x20=0x00000000 x21=0xbff0f140 x22=0x366d6040 x23=0x00000000 x24=0x00000000 x25=0x00000000 x26=0x000002df x27=0x00000000 x28=0x00000000 x29=0x0008042d x30=0x000002df x31=0x00000000
step=0103 retired_pc=0x800001a4 debug_pc=0x800001a8 inst=0x00400a6f asm="jal x20,4" lsu_addr=0x00000000 lsu_addr16=0x0000 lsu_data=0x00000000 lsu_wen=0x0 lsu_ren=0x0 lsu_width=0
x00=0x00000000 x01=0x80000000 x02=0x00000000 x03=0x2a191000 x04=0x00000000 x05=0x366d60c8 x06=0x0000007f x07=0x00000000 x08=0x800000b9 x09=0xc8000000 x10=0x00000000 x11=0x80000194 x12=0x00000000 x13=0x00000066 x14=0x8885a0a4 x15=0xfffffdf6 x16=0x00080000 x17=0x800001a0 x18=0x00000299 x19=0x00000000 x20=0x800001a8 x21=0xbff0f140 x22=0x366d6040 x23=0x00000000 x24=0x00000000 x25=0x00000000 x26=0x000002df x27=0x00000000 x28=0x00000000 x29=0x0008042d x30=0x000002df x31=0x00000000
step=0104 retired_pc=0x800001a8 debug_pc=0x800001ac inst=0x234db713 asm="sltiu x14,x27,564" lsu_addr=0x00000000 lsu_addr16=0x0000 lsu_data=0x00000000 lsu_wen=0x0 lsu_ren=0x0 lsu_width=0
x00=0x00000000 x01=0x80000000 x02=0x00000000 x03=0x2a191000 x04=0x00000000 x05=0x366d60c8 x06=0x0000007f x07=0x00000000 x08=0x800000b9 x09=0xc8000000 x10=0x00000000 x11=0x80000194 x12=0x00000000 x13=0x00000066 x14=0x00000001 x15=0xfffffdf6 x16=0x00080000 x17=0x800001a0 x18=0x00000299 x19=0x00000000 x20=0x800001a8 x21=0xbff0f140 x22=0x366d6040 x23=0x00000000 x24=0x00000000 x25=0x00000000 x26=0x000002df x27=0x00000000 x28=0x00000000 x29=0x0008042d x30=0x000002df x31=0x00000000
step=0105 retired_pc=0x800001ac debug_pc=0x800001b0 inst=0x00431ab3 asm="sll x21,x6,x4" lsu_addr=0x00000000 lsu_addr16=0x0000 lsu_data=0x00000000 lsu_wen=0x0 lsu_ren=0x0 lsu_width=0
x00=0x00000000 x01=0x80000000 x02=0x00000000 x03=0x2a191000 x04=0x00000000 x05=0x366d60c8 x06=0x0000007f x07=0x00000000 x08=0x800000b9 x09=0xc8000000 x10=0x00000000 x11=0x80000194 x12=0x00000000 x13=0x00000066 x14=0x00000001 x15=0xfffffdf6 x16=0x00080000 x17=0x800001a0 x18=0x00000299 x19=0x00000000 x20=0x800001a8 x21=0x0000007f x22=0x366d6040 x23=0x00000000 x24=0x00000000 x25=0x00000000 x26=0x000002df x27=0x00000000 x28=0x00000000 x29=0x0008042d x30=0x000002df x31=0x00000000
step=0106 retired_pc=0x800001b0 debug_pc=0x800001b4 inst=0x4043dd33 asm="sra x26,x7,x4" lsu_addr=0x00000000 lsu_addr16=0x0000 lsu_data=0x00000000 lsu_wen=0x0 lsu_ren=0x0 lsu_width=0
x00=0x00000000 x01=0x80000000 x02=0x00000000 x03=0x2a191000 x04=0x00000000 x05=0x366d60c8 x06=0x0000007f x07=0x00000000 x08=0x800000b9 x09=0xc8000000 x10=0x00000000 x11=0x80000194 x12=0x00000000 x13=0x00000066 x14=0x00000001 x15=0xfffffdf6 x16=0x00080000 x17=0x800001a0 x18=0x00000299 x19=0x00000000 x20=0x800001a8 x21=0x0000007f x22=0x366d6040 x23=0x00000000 x24=0x00000000 x25=0x00000000 x26=0x00000000 x27=0x00000000 x28=0x00000000 x29=0x0008042d x30=0x000002df x31=0x00000000
step=0107 retired_pc=0x800001b4 debug_pc=0x800001b8 inst=0x01b1a033 asm="slt x0,x3,x27" lsu_addr=0x00000000 lsu_addr16=0x0000 lsu_data=0x00000000 lsu_wen=0x0 lsu_ren=0x0 lsu_width=0
x00=0x00000000 x01=0x80000000 x02=0x00000000 x03=0x2a191000 x04=0x00000000 x05=0x366d60c8 x06=0x0000007f x07=0x00000000 x08=0x800000b9 x09=0xc8000000 x10=0x00000000 x11=0x80000194 x12=0x00000000 x13=0x00000066 x14=0x00000001 x15=0xfffffdf6 x16=0x00080000 x17=0x800001a0 x18=0x00000299 x19=0x00000000 x20=0x800001a8 x21=0x0000007f x22=0x366d6040 x23=0x00000000 x24=0x00000000 x25=0x00000000 x26=0x00000000 x27=0x00000000 x28=0x00000000 x29=0x0008042d x30=0x000002df x31=0x00000000
step=0108 retired_pc=0x800001b8 debug_pc=0x800001bc inst=0x00bc11b3 asm="sll x3,x24,x11" lsu_addr=0x00000000 lsu_addr16=0x0000 lsu_data=0x00000000 lsu_wen=0x0 lsu_ren=0x0 lsu_width=0
x00=0x00000000 x01=0x80000000 x02=0x00000000 x03=0x00000000 x04=0x00000000 x05=0x366d60c8 x06=0x0000007f x07=0x00000000 x08=0x800000b9 x09=0xc8000000 x10=0x00000000 x11=0x80000194 x12=0x00000000 x13=0x00000066 x14=0x00000001 x15=0xfffffdf6 x16=0x00080000 x17=0x800001a0 x18=0x00000299 x19=0x00000000 x20=0x800001a8 x21=0x0000007f x22=0x366d6040 x23=0x00000000 x24=0x00000000 x25=0x00000000 x26=0x00000000 x27=0x00000000 x28=0x00000000 x29=0x0008042d x30=0x000002df x31=0x00000000
step=0109 retired_pc=0x800001bc debug_pc=0x800001c0 inst=0x00c00fb3 asm="add x31,x0,x12" lsu_addr=0x00000000 lsu_addr16=0x0000 lsu_data=0x00000000 lsu_wen=0x0 lsu_ren=0x0 lsu_width=0
x00=0x00000000 x01=0x80000000 x02=0x00000000 x03=0x00000000 x04=0x00000000 x05=0x366d60c8 x06=0x0000007f x07=0x00000000 x08=0x800000b9 x09=0xc8000000 x10=0x00000000 x11=0x80000194 x12=0x00000000 x13=0x00000066 x14=0x00000001 x15=0xfffffdf6 x16=0x00080000 x17=0x800001a0 x18=0x00000299 x19=0x00000000 x20=0x800001a8 x21=0x0000007f x22=0x366d6040 x23=0x00000000 x24=0x00000000 x25=0x00000000 x26=0x00000000 x27=0x00000000 x28=0x00000000 x29=0x0008042d x30=0x000002df x31=0x00000000
step=0110 retired_pc=0x800001c0 debug_pc=0x800001c4 inst=0x40008f33 asm="sub x30,x1,x0" lsu_addr=0x00000000 lsu_addr16=0x0000 lsu_data=0x00000000 lsu_wen=0x0 lsu_ren=0x0 lsu_width=0
x00=0x00000000 x01=0x80000000 x02=0x00000000 x03=0x00000000 x04=0x00000000 x05=0x366d60c8 x06=0x0000007f x07=0x00000000 x08=0x800000b9 x09=0xc8000000 x10=0x00000000 x11=0x80000194 x12=0x00000000 x13=0x00000066 x14=0x00000001 x15=0xfffffdf6 x16=0x00080000 x17=0x800001a0 x18=0x00000299 x19=0x00000000 x20=0x800001a8 x21=0x0000007f x22=0x366d6040 x23=0x00000000 x24=0x00000000 x25=0x00000000 x26=0x00000000 x27=0x00000000 x28=0x00000000 x29=0x0008042d x30=0x80000000 x31=0x00000000
step=0111 retired_pc=0x800001c4 debug_pc=0x800001c8 inst=0xbf26a013 asm="slti x0,x13,-1038" lsu_addr=0x00000000 lsu_addr16=0x0000 lsu_data=0x00000000 lsu_wen=0x0 lsu_ren=0x0 lsu_width=0
x00=0x00000000 x01=0x80000000 x02=0x00000000 x03=0x00000000 x04=0x00000000 x05=0x366d60c8 x06=0x0000007f x07=0x00000000 x08=0x800000b9 x09=0xc8000000 x10=0x00000000 x11=0x80000194 x12=0x00000000 x13=0x00000066 x14=0x00000001 x15=0xfffffdf6 x16=0x00080000 x17=0x800001a0 x18=0x00000299 x19=0x00000000 x20=0x800001a8 x21=0x0000007f x22=0x366d6040 x23=0x00000000 x24=0x00000000 x25=0x00000000 x26=0x00000000 x27=0x00000000 x28=0x00000000 x29=0x0008042d x30=0x80000000 x31=0x00000000
step=0112 retired_pc=0x800001c8 debug_pc=0x800001cc inst=0x012994b3 asm="sll x9,x19,x18" lsu_addr=0x00000000 lsu_addr16=0x0000 lsu_data=0x00000000 lsu_wen=0x0 lsu_ren=0x0 lsu_width=0
x00=0x00000000 x01=0x80000000 x02=0x00000000 x03=0x00000000 x04=0x00000000 x05=0x366d60c8 x06=0x0000007f x07=0x00000000 x08=0x800000b9 x09=0x00000000 x10=0x00000000 x11=0x80000194 x12=0x00000000 x13=0x00000066 x14=0x00000001 x15=0xfffffdf6 x16=0x00080000 x17=0x800001a0 x18=0x00000299 x19=0x00000000 x20=0x800001a8 x21=0x0000007f x22=0x366d6040 x23=0x00000000 x24=0x00000000 x25=0x00000000 x26=0x00000000 x27=0x00000000 x28=0x00000000 x29=0x0008042d x30=0x80000000 x31=0x00000000
step=0113 retired_pc=0x800001cc debug_pc=0x800001d0 inst=0x015f8263 asm="beq x31,x21,4" lsu_addr=0x00000000 lsu_addr16=0x0000 lsu_data=0x00000000 lsu_wen=0x0 lsu_ren=0x0 lsu_width=0
x00=0x00000000 x01=0x80000000 x02=0x00000000 x03=0x00000000 x04=0x00000000 x05=0x366d60c8 x06=0x0000007f x07=0x00000000 x08=0x800000b9 x09=0x00000000 x10=0x00000000 x11=0x80000194 x12=0x00000000 x13=0x00000066 x14=0x00000001 x15=0xfffffdf6 x16=0x00080000 x17=0x800001a0 x18=0x00000299 x19=0x00000000 x20=0x800001a8 x21=0x0000007f x22=0x366d6040 x23=0x00000000 x24=0x00000000 x25=0x00000000 x26=0x00000000 x27=0x00000000 x28=0x00000000 x29=0x0008042d x30=0x80000000 x31=0x00000000
step=0114 retired_pc=0x800001d0 debug_pc=0x800001d4 inst=0x001ad313 asm="srli x6,x21,1" lsu_addr=0x00000000 lsu_addr16=0x0000 lsu_data=0x00000000 lsu_wen=0x0 lsu_ren=0x0 lsu_width=0
x00=0x00000000 x01=0x80000000 x02=0x00000000 x03=0x00000000 x04=0x00000000 x05=0x366d60c8 x06=0x0000003f x07=0x00000000 x08=0x800000b9 x09=0x00000000 x10=0x00000000 x11=0x80000194 x12=0x00000000 x13=0x00000066 x14=0x00000001 x15=0xfffffdf6 x16=0x00080000 x17=0x800001a0 x18=0x00000299 x19=0x00000000 x20=0x800001a8 x21=0x0000007f x22=0x366d6040 x23=0x00000000 x24=0x00000000 x25=0x00000000 x26=0x00000000 x27=0x00000000 x28=0x00000000 x29=0x0008042d x30=0x80000000 x31=0x00000000
step=0115 retired_pc=0x800001d4 debug_pc=0x800001d8 inst=0x01453d33 asm="sltu x26,x10,x20" lsu_addr=0x00000000 lsu_addr16=0x0000 lsu_data=0x00000000 lsu_wen=0x0 lsu_ren=0x0 lsu_width=0
x00=0x00000000 x01=0x80000000 x02=0x00000000 x03=0x00000000 x04=0x00000000 x05=0x366d60c8 x06=0x0000003f x07=0x00000000 x08=0x800000b9 x09=0x00000000 x10=0x00000000 x11=0x80000194 x12=0x00000000 x13=0x00000066 x14=0x00000001 x15=0xfffffdf6 x16=0x00080000 x17=0x800001a0 x18=0x00000299 x19=0x00000000 x20=0x800001a8 x21=0x0000007f x22=0x366d6040 x23=0x00000000 x24=0x00000000 x25=0x00000000 x26=0x00000001 x27=0x00000000 x28=0x00000000 x29=0x0008042d x30=0x80000000 x31=0x00000000
step=0116 retired_pc=0x800001d8 debug_pc=0x800001dc inst=0xc20fea93 asm="ori x21,x31,-992" lsu_addr=0x00000000 lsu_addr16=0x0000 lsu_data=0x00000000 lsu_wen=0x0 lsu_ren=0x0 lsu_width=0
x00=0x00000000 x01=0x80000000 x02=0x00000000 x03=0x00000000 x04=0x00000000 x05=0x366d60c8 x06=0x0000003f x07=0x00000000 x08=0x800000b9 x09=0x00000000 x10=0x00000000 x11=0x80000194 x12=0x00000000 x13=0x00000066 x14=0x00000001 x15=0xfffffdf6 x16=0x00080000 x17=0x800001a0 x18=0x00000299 x19=0x00000000 x20=0x800001a8 x21=0xfffffc20 x22=0x366d6040 x23=0x00000000 x24=0x00000000 x25=0x00000000 x26=0x00000001 x27=0x00000000 x28=0x00000000 x29=0x0008042d x30=0x80000000 x31=0x00000000
step=0117 retired_pc=0x800001dc debug_pc=0x800001e0 inst=0x01bfc263 asm="blt x31,x27,4" lsu_addr=0x00000000 lsu_addr16=0x0000 lsu_data=0x00000000 lsu_wen=0x0 lsu_ren=0x0 lsu_width=0
x00=0x00000000 x01=0x80000000 x02=0x00000000 x03=0x00000000 x04=0x00000000 x05=0x366d60c8 x06=0x0000003f x07=0x00000000 x08=0x800000b9 x09=0x00000000 x10=0x00000000 x11=0x80000194 x12=0x00000000 x13=0x00000066 x14=0x00000001 x15=0xfffffdf6 x16=0x00080000 x17=0x800001a0 x18=0x00000299 x19=0x00000000 x20=0x800001a8 x21=0xfffffc20 x22=0x366d6040 x23=0x00000000 x24=0x00000000 x25=0x00000000 x26=0x00000001 x27=0x00000000 x28=0x00000000 x29=0x0008042d x30=0x80000000 x31=0x00000000
step=0118 retired_pc=0x800001e0 debug_pc=0x800001e4 inst=0x01bbc263 asm="blt x23,x27,4" lsu_addr=0x00000000 lsu_addr16=0x0000 lsu_data=0x00000000 lsu_wen=0x0 lsu_ren=0x0 lsu_width=0
x00=0x00000000 x01=0x80000000 x02=0x00000000 x03=0x00000000 x04=0x00000000 x05=0x366d60c8 x06=0x0000003f x07=0x00000000 x08=0x800000b9 x09=0x00000000 x10=0x00000000 x11=0x80000194 x12=0x00000000 x13=0x00000066 x14=0x00000001 x15=0xfffffdf6 x16=0x00080000 x17=0x800001a0 x18=0x00000299 x19=0x00000000 x20=0x800001a8 x21=0xfffffc20 x22=0x366d6040 x23=0x00000000 x24=0x00000000 x25=0x00000000 x26=0x00000001 x27=0x00000000 x28=0x00000000 x29=0x0008042d x30=0x80000000 x31=0x00000000
step=0119 retired_pc=0x800001e4 debug_pc=0x800001e8 inst=0x01de5b33 asm="srl x22,x28,x29" lsu_addr=0x00000000 lsu_addr16=0x0000 lsu_data=0x00000000 lsu_wen=0x0 lsu_ren=0x0 lsu_width=0
x00=0x00000000 x01=0x80000000 x02=0x00000000 x03=0x00000000 x04=0x00000000 x05=0x366d60c8 x06=0x0000003f x07=0x00000000 x08=0x800000b9 x09=0x00000000 x10=0x00000000 x11=0x80000194 x12=0x00000000 x13=0x00000066 x14=0x00000001 x15=0xfffffdf6 x16=0x00080000 x17=0x800001a0 x18=0x00000299 x19=0x00000000 x20=0x800001a8 x21=0xfffffc20 x22=0x00000000 x23=0x00000000 x24=0x00000000 x25=0x00000000 x26=0x00000001 x27=0x00000000 x28=0x00000000 x29=0x0008042d x30=0x80000000 x31=0x00000000
step=0120 retired_pc=0x800001e8 debug_pc=0x800001ec inst=0x04108003 asm="lb x0,65(x1)" lsu_addr=0x80000041 lsu_addr16=0x0041 lsu_data=0x00000000 lsu_wen=0x0 lsu_ren=0x1 lsu_width=1
x00=0x00000000 x01=0x80000000 x02=0x00000000 x03=0x00000000 x04=0x00000000 x05=0x366d60c8 x06=0x0000003f x07=0x00000000 x08=0x800000b9 x09=0x00000000 x10=0x00000000 x11=0x80000194 x12=0x00000000 x13=0x00000066 x14=0x00000001 x15=0xfffffdf6 x16=0x00080000 x17=0x800001a0 x18=0x00000299 x19=0x00000000 x20=0x800001a8 x21=0xfffffc20 x22=0x00000000 x23=0x00000000 x24=0x00000000 x25=0x00000000 x26=0x00000001 x27=0x00000000 x28=0x00000000 x29=0x0008042d x30=0x80000000 x31=0x00000000
step=0121 retired_pc=0x800001ec debug_pc=0x800001f0 inst=0x01e04db3 asm="xor x27,x0,x30" lsu_addr=0x00000000 lsu_addr16=0x0000 lsu_data=0x00000000 lsu_wen=0x0 lsu_ren=0x0 lsu_width=0
x00=0x00000000 x01=0x80000000 x02=0x00000000 x03=0x00000000 x04=0x00000000 x05=0x366d60c8 x06=0x0000003f x07=0x00000000 x08=0x800000b9 x09=0x00000000 x10=0x00000000 x11=0x80000194 x12=0x00000000 x13=0x00000066 x14=0x00000001 x15=0xfffffdf6 x16=0x00080000 x17=0x800001a0 x18=0x00000299 x19=0x00000000 x20=0x800001a8 x21=0xfffffc20 x22=0x00000000 x23=0x00000000 x24=0x00000000 x25=0x00000000 x26=0x00000001 x27=0x80000000 x28=0x00000000 x29=0x0008042d x30=0x80000000 x31=0x00000000
step=0122 retired_pc=0x800001f0 debug_pc=0x800001f4 inst=0x04308103 asm="lb x2,67(x1)" lsu_addr=0x80000043 lsu_addr16=0x0043 lsu_data=0x00000000 lsu_wen=0x0 lsu_ren=0x1 lsu_width=1
x00=0x00000000 x01=0x80000000 x02=0x00000000 x03=0x00000000 x04=0x00000000 x05=0x366d60c8 x06=0x0000003f x07=0x00000000 x08=0x800000b9 x09=0x00000000 x10=0x00000000 x11=0x80000194 x12=0x00000000 x13=0x00000066 x14=0x00000001 x15=0xfffffdf6 x16=0x00080000 x17=0x800001a0 x18=0x00000299 x19=0x00000000 x20=0x800001a8 x21=0xfffffc20 x22=0x00000000 x23=0x00000000 x24=0x00000000 x25=0x00000000 x26=0x00000001 x27=0x80000000 x28=0x00000000 x29=0x0008042d x30=0x80000000 x31=0x00000000
step=0123 retired_pc=0x800001f4 debug_pc=0x800001f8 inst=0x004005ef asm="jal x11,4" lsu_addr=0x00000000 lsu_addr16=0x0000 lsu_data=0x00000000 lsu_wen=0x0 lsu_ren=0x0 lsu_width=0
x00=0x00000000 x01=0x80000000 x02=0x00000000 x03=0x00000000 x04=0x00000000 x05=0x366d60c8 x06=0x0000003f x07=0x00000000 x08=0x800000b9 x09=0x00000000 x10=0x00000000 x11=0x800001f8 x12=0x00000000 x13=0x00000066 x14=0x00000001 x15=0xfffffdf6 x16=0x00080000 x17=0x800001a0 x18=0x00000299 x19=0x00000000 x20=0x800001a8 x21=0xfffffc20 x22=0x00000000 x23=0x00000000 x24=0x00000000 x25=0x00000000 x26=0x00000001 x27=0x80000000 x28=0x00000000 x29=0x0008042d x30=0x80000000 x31=0x00000000
step=0124 retired_pc=0x800001f8 debug_pc=0x800001fc inst=0x01840263 asm="beq x8,x24,4" lsu_addr=0x00000000 lsu_addr16=0x0000 lsu_data=0x00000000 lsu_wen=0x0 lsu_ren=0x0 lsu_width=0
x00=0x00000000 x01=0x80000000 x02=0x00000000 x03=0x00000000 x04=0x00000000 x05=0x366d60c8 x06=0x0000003f x07=0x00000000 x08=0x800000b9 x09=0x00000000 x10=0x00000000 x11=0x800001f8 x12=0x00000000 x13=0x00000066 x14=0x00000001 x15=0xfffffdf6 x16=0x00080000 x17=0x800001a0 x18=0x00000299 x19=0x00000000 x20=0x800001a8 x21=0xfffffc20 x22=0x00000000 x23=0x00000000 x24=0x00000000 x25=0x00000000 x26=0x00000001 x27=0x80000000 x28=0x00000000 x29=0x0008042d x30=0x80000000 x31=0x00000000
step=0125 retired_pc=0x800001fc debug_pc=0x80000200 inst=0x2be66e13 asm="ori x28,x12,702" lsu_addr=0x00000000 lsu_addr16=0x0000 lsu_data=0x00000000 lsu_wen=0x0 lsu_ren=0x0 lsu_width=0
x00=0x00000000 x01=0x80000000 x02=0x00000000 x03=0x00000000 x04=0x00000000 x05=0x366d60c8 x06=0x0000003f x07=0x00000000 x08=0x800000b9 x09=0x00000000 x10=0x00000000 x11=0x800001f8 x12=0x00000000 x13=0x00000066 x14=0x00000001 x15=0xfffffdf6 x16=0x00080000 x17=0x800001a0 x18=0x00000299 x19=0x00000000 x20=0x800001a8 x21=0xfffffc20 x22=0x00000000 x23=0x00000000 x24=0x00000000 x25=0x00000000 x26=0x00000001 x27=0x80000000 x28=0x000002be x29=0x0008042d x30=0x80000000 x31=0x00000000
step=0126 retired_pc=0x80000200 debug_pc=0x80000204 inst=0x00400b6f asm="jal x22,4" lsu_addr=0x00000000 lsu_addr16=0x0000 lsu_data=0x00000000 lsu_wen=0x0 lsu_ren=0x0 lsu_width=0
x00=0x00000000 x01=0x80000000 x02=0x00000000 x03=0x00000000 x04=0x00000000 x05=0x366d60c8 x06=0x0000003f x07=0x00000000 x08=0x800000b9 x09=0x00000000 x10=0x00000000 x11=0x800001f8 x12=0x00000000 x13=0x00000066 x14=0x00000001 x15=0xfffffdf6 x16=0x00080000 x17=0x800001a0 x18=0x00000299 x19=0x00000000 x20=0x800001a8 x21=0xfffffc20 x22=0x80000204 x23=0x00000000 x24=0x00000000 x25=0x00000000 x26=0x00000001 x27=0x80000000 x28=0x000002be x29=0x0008042d x30=0x80000000 x31=0x00000000
step=0127 retired_pc=0x80000204 debug_pc=0x80000208 inst=0x00eda933 asm="slt x18,x27,x14" lsu_addr=0x00000000 lsu_addr16=0x0000 lsu_data=0x00000000 lsu_wen=0x0 lsu_ren=0x0 lsu_width=0
x00=0x00000000 x01=0x80000000 x02=0x00000000 x03=0x00000000 x04=0x00000000 x05=0x366d60c8 x06=0x0000003f x07=0x00000000 x08=0x800000b9 x09=0x00000000 x10=0x00000000 x11=0x800001f8 x12=0x00000000 x13=0x00000066 x14=0x00000001 x15=0xfffffdf6 x16=0x00080000 x17=0x800001a0 x18=0x00000001 x19=0x00000000 x20=0x800001a8 x21=0xfffffc20 x22=0x80000204 x23=0x00000000 x24=0x00000000 x25=0x00000000 x26=0x00000001 x27=0x80000000 x28=0x000002be x29=0x0008042d x30=0x80000000 x31=0x00000000
step=0128 retired_pc=0x80000208 debug_pc=0x8000020c inst=0x40978633 asm="sub x12,x15,x9" lsu_addr=0x00000000 lsu_addr16=0x0000 lsu_data=0x00000000 lsu_wen=0x0 lsu_ren=0x0 lsu_width=0
x00=0x00000000 x01=0x80000000 x02=0x00000000 x03=0x00000000 x04=0x00000000 x05=0x366d60c8 x06=0x0000003f x07=0x00000000 x08=0x800000b9 x09=0x00000000 x10=0x00000000 x11=0x800001f8 x12=0xfffffdf6 x13=0x00000066 x14=0x00000001 x15=0xfffffdf6 x16=0x00080000 x17=0x800001a0 x18=0x00000001 x19=0x00000000 x20=0x800001a8 x21=0xfffffc20 x22=0x80000204 x23=0x00000000 x24=0x00000000 x25=0x00000000 x26=0x00000001 x27=0x80000000 x28=0x000002be x29=0x0008042d x30=0x80000000 x31=0x00000000
step=0129 retired_pc=0x8000020c debug_pc=0x80000210 inst=0x000d0263 asm="beq x26,x0,4" lsu_addr=0x00000000 lsu_addr16=0x0000 lsu_data=0x00000000 lsu_wen=0x0 lsu_ren=0x0 lsu_width=0
x00=0x00000000 x01=0x80000000 x02=0x00000000 x03=0x00000000 x04=0x00000000 x05=0x366d60c8 x06=0x0000003f x07=0x00000000 x08=0x800000b9 x09=0x00000000 x10=0x00000000 x11=0x800001f8 x12=0xfffffdf6 x13=0x00000066 x14=0x00000001 x15=0xfffffdf6 x16=0x00080000 x17=0x800001a0 x18=0x00000001 x19=0x00000000 x20=0x800001a8 x21=0xfffffc20 x22=0x80000204 x23=0x00000000 x24=0x00000000 x25=0x00000000 x26=0x00000001 x27=0x80000000 x28=0x000002be x29=0x0008042d x30=0x80000000 x31=0x00000000
step=0130 retired_pc=0x80000210 debug_pc=0x80000214 inst=0x019b42b3 asm="xor x5,x22,x25" lsu_addr=0x00000000 lsu_addr16=0x0000 lsu_data=0x00000000 lsu_wen=0x0 lsu_ren=0x0 lsu_width=0
x00=0x00000000 x01=0x80000000 x02=0x00000000 x03=0x00000000 x04=0x00000000 x05=0x80000204 x06=0x0000003f x07=0x00000000 x08=0x800000b9 x09=0x00000000 x10=0x00000000 x11=0x800001f8 x12=0xfffffdf6 x13=0x00000066 x14=0x00000001 x15=0xfffffdf6 x16=0x00080000 x17=0x800001a0 x18=0x00000001 x19=0x00000000 x20=0x800001a8 x21=0xfffffc20 x22=0x80000204 x23=0x00000000 x24=0x00000000 x25=0x00000000 x26=0x00000001 x27=0x80000000 x28=0x000002be x29=0x0008042d x30=0x80000000 x31=0x00000000
step=0131 retired_pc=0x80000214 debug_pc=0x80000218 inst=0x01211eb3 asm="sll x29,x2,x18" lsu_addr=0x00000000 lsu_addr16=0x0000 lsu_data=0x00000000 lsu_wen=0x0 lsu_ren=0x0 lsu_width=0
x00=0x00000000 x01=0x80000000 x02=0x00000000 x03=0x00000000 x04=0x00000000 x05=0x80000204 x06=0x0000003f x07=0x00000000 x08=0x800000b9 x09=0x00000000 x10=0x00000000 x11=0x800001f8 x12=0xfffffdf6 x13=0x00000066 x14=0x00000001 x15=0xfffffdf6 x16=0x00080000 x17=0x800001a0 x18=0x00000001 x19=0x00000000 x20=0x800001a8 x21=0xfffffc20 x22=0x80000204 x23=0x00000000 x24=0x00000000 x25=0x00000000 x26=0x00000001 x27=0x80000000 x28=0x000002be x29=0x00000000 x30=0x80000000 x31=0x00000000
step=0132 retired_pc=0x80000218 debug_pc=0x8000021c inst=0x8d1b63b7 asm="lui x7,0x8d1b6" lsu_addr=0x00000000 lsu_addr16=0x0000 lsu_data=0x00000000 lsu_wen=0x0 lsu_ren=0x0 lsu_width=0
x00=0x00000000 x01=0x80000000 x02=0x00000000 x03=0x00000000 x04=0x00000000 x05=0x80000204 x06=0x0000003f x07=0x8d1b6000 x08=0x800000b9 x09=0x00000000 x10=0x00000000 x11=0x800001f8 x12=0xfffffdf6 x13=0x00000066 x14=0x00000001 x15=0xfffffdf6 x16=0x00080000 x17=0x800001a0 x18=0x00000001 x19=0x00000000 x20=0x800001a8 x21=0xfffffc20 x22=0x80000204 x23=0x00000000 x24=0x00000000 x25=0x00000000 x26=0x00000001 x27=0x80000000 x28=0x000002be x29=0x00000000 x30=0x80000000 x31=0x00000000
step=0133 retired_pc=0x8000021c debug_pc=0x80000220 inst=0x006088a3 asm="sb x6,17(x1)" lsu_addr=0x80000011 lsu_addr16=0x0011 lsu_data=0x00003f00 lsu_wen=0x2 lsu_ren=0x0 lsu_width=1
x00=0x00000000 x01=0x80000000 x02=0x00000000 x03=0x00000000 x04=0x00000000 x05=0x80000204 x06=0x0000003f x07=0x8d1b6000 x08=0x800000b9 x09=0x00000000 x10=0x00000000 x11=0x800001f8 x12=0xfffffdf6 x13=0x00000066 x14=0x00000001 x15=0xfffffdf6 x16=0x00080000 x17=0x800001a0 x18=0x00000001 x19=0x00000000 x20=0x800001a8 x21=0xfffffc20 x22=0x80000204 x23=0x00000000 x24=0x00000000 x25=0x00000000 x26=0x00000001 x27=0x80000000 x28=0x000002be x29=0x00000000 x30=0x80000000 x31=0x00000000
step=0134 retired_pc=0x80000220 debug_pc=0x80000224 inst=0x01abe263 asm="bltu x23,x26,4" lsu_addr=0x00000000 lsu_addr16=0x0000 lsu_data=0x00000000 lsu_wen=0x0 lsu_ren=0x0 lsu_width=0
x00=0x00000000 x01=0x80000000 x02=0x00000000 x03=0x00000000 x04=0x00000000 x05=0x80000204 x06=0x0000003f x07=0x8d1b6000 x08=0x800000b9 x09=0x00000000 x10=0x00000000 x11=0x800001f8 x12=0xfffffdf6 x13=0x00000066 x14=0x00000001 x15=0xfffffdf6 x16=0x00080000 x17=0x800001a0 x18=0x00000001 x19=0x00000000 x20=0x800001a8 x21=0xfffffc20 x22=0x80000204 x23=0x00000000 x24=0x00000000 x25=0x00000000 x26=0x00000001 x27=0x80000000 x28=0x000002be x29=0x00000000 x30=0x80000000 x31=0x00000000
step=0135 retired_pc=0x80000224 debug_pc=0x80000228 inst=0x102caf13 asm="slti x30,x25,258" lsu_addr=0x00000000 lsu_addr16=0x0000 lsu_data=0x00000000 lsu_wen=0x0 lsu_ren=0x0 lsu_width=0
x00=0x00000000 x01=0x80000000 x02=0x00000000 x03=0x00000000 x04=0x00000000 x05=0x80000204 x06=0x0000003f x07=0x8d1b6000 x08=0x800000b9 x09=0x00000000 x10=0x00000000 x11=0x800001f8 x12=0xfffffdf6 x13=0x00000066 x14=0x00000001 x15=0xfffffdf6 x16=0x00080000 x17=0x800001a0 x18=0x00000001 x19=0x00000000 x20=0x800001a8 x21=0xfffffc20 x22=0x80000204 x23=0x00000000 x24=0x00000000 x25=0x00000000 x26=0x00000001 x27=0x80000000 x28=0x000002be x29=0x00000000 x30=0x00000001 x31=0x00000000
step=0136 retired_pc=0x80000228 debug_pc=0x8000022c inst=0x00cedd33 asm="srl x26,x29,x12" lsu_addr=0x00000000 lsu_addr16=0x0000 lsu_data=0x00000000 lsu_wen=0x0 lsu_ren=0x0 lsu_width=0
x00=0x00000000 x01=0x80000000 x02=0x00000000 x03=0x00000000 x04=0x00000000 x05=0x80000204 x06=0x0000003f x07=0x8d1b6000 x08=0x800000b9 x09=0x00000000 x10=0x00000000 x11=0x800001f8 x12=0xfffffdf6 x13=0x00000066 x14=0x00000001 x15=0xfffffdf6 x16=0x00080000 x17=0x800001a0 x18=0x00000001 x19=0x00000000 x20=0x800001a8 x21=0xfffffc20 x22=0x80000204 x23=0x00000000 x24=0x00000000 x25=0x00000000 x26=0x00000000 x27=0x80000000 x28=0x000002be x29=0x00000000 x30=0x00000001 x31=0x00000000
step=0137 retired_pc=0x8000022c debug_pc=0x80000230 inst=0x01b77263 asm="bgeu x14,x27,4" lsu_addr=0x00000000 lsu_addr16=0x0000 lsu_data=0x00000000 lsu_wen=0x0 lsu_ren=0x0 lsu_width=0
x00=0x00000000 x01=0x80000000 x02=0x00000000 x03=0x00000000 x04=0x00000000 x05=0x80000204 x06=0x0000003f x07=0x8d1b6000 x08=0x800000b9 x09=0x00000000 x10=0x00000000 x11=0x800001f8 x12=0xfffffdf6 x13=0x00000066 x14=0x00000001 x15=0xfffffdf6 x16=0x00080000 x17=0x800001a0 x18=0x00000001 x19=0x00000000 x20=0x800001a8 x21=0xfffffc20 x22=0x80000204 x23=0x00000000 x24=0x00000000 x25=0x00000000 x26=0x00000000 x27=0x80000000 x28=0x000002be x29=0x00000000 x30=0x00000001 x31=0x00000000
step=0138 retired_pc=0x80000230 debug_pc=0x80000234 inst=0x41825993 asm="srai x19,x4,24" lsu_addr=0x00000000 lsu_addr16=0x0000 lsu_data=0x00000000 lsu_wen=0x0 lsu_ren=0x0 lsu_width=0
x00=0x00000000 x01=0x80000000 x02=0x00000000 x03=0x00000000 x04=0x00000000 x05=0x80000204 x06=0x0000003f x07=0x8d1b6000 x08=0x800000b9 x09=0x00000000 x10=0x00000000 x11=0x800001f8 x12=0xfffffdf6 x13=0x00000066 x14=0x00000001 x15=0xfffffdf6 x16=0x00080000 x17=0x800001a0 x18=0x00000001 x19=0x00000000 x20=0x800001a8 x21=0xfffffc20 x22=0x80000204 x23=0x00000000 x24=0x00000000 x25=0x00000000 x26=0x00000000 x27=0x80000000 x28=0x000002be x29=0x00000000 x30=0x00000001 x31=0x00000000
step=0139 retired_pc=0x80000234 debug_pc=0x80000238 inst=0x418a5013 asm="srai x0,x20,24" lsu_addr=0x00000000 lsu_addr16=0x0000 lsu_data=0x00000000 lsu_wen=0x0 lsu_ren=0x0 lsu_width=0
x00=0x00000000 x01=0x80000000 x02=0x00000000 x03=0x00000000 x04=0x00000000 x05=0x80000204 x06=0x0000003f x07=0x8d1b6000 x08=0x800000b9 x09=0x00000000 x10=0x00000000 x11=0x800001f8 x12=0xfffffdf6 x13=0x00000066 x14=0x00000001 x15=0xfffffdf6 x16=0x00080000 x17=0x800001a0 x18=0x00000001 x19=0x00000000 x20=0x800001a8 x21=0xfffffc20 x22=0x80000204 x23=0x00000000 x24=0x00000000 x25=0x00000000 x26=0x00000000 x27=0x80000000 x28=0x000002be x29=0x00000000 x30=0x00000001 x31=0x00000000
step=0140 retired_pc=0x80000238 debug_pc=0x8000023c inst=0x0109d013 asm="srli x0,x19,16" lsu_addr=0x00000000 lsu_addr16=0x0000 lsu_data=0x00000000 lsu_wen=0x0 lsu_ren=0x0 lsu_width=0
x00=0x00000000 x01=0x80000000 x02=0x00000000 x03=0x00000000 x04=0x00000000 x05=0x80000204 x06=0x0000003f x07=0x8d1b6000 x08=0x800000b9 x09=0x00000000 x10=0x00000000 x11=0x800001f8 x12=0xfffffdf6 x13=0x00000066 x14=0x00000001 x15=0xfffffdf6 x16=0x00080000 x17=0x800001a0 x18=0x00000001 x19=0x00000000 x20=0x800001a8 x21=0xfffffc20 x22=0x80000204 x23=0x00000000 x24=0x00000000 x25=0x00000000 x26=0x00000000 x27=0x80000000 x28=0x000002be x29=0x00000000 x30=0x00000001 x31=0x00000000
step=0141 retired_pc=0x8000023c debug_pc=0x80000240 inst=0x01c8cbb3 asm="xor x23,x17,x28" lsu_addr=0x00000000 lsu_addr16=0x0000 lsu_data=0x00000000 lsu_wen=0x0 lsu_ren=0x0 lsu_width=0
x00=0x00000000 x01=0x80000000 x02=0x00000000 x03=0x00000000 x04=0x00000000 x05=0x80000204 x06=0x0000003f x07=0x8d1b6000 x08=0x800000b9 x09=0x00000000 x10=0x00000000 x11=0x800001f8 x12=0xfffffdf6 x13=0x00000066 x14=0x00000001 x15=0xfffffdf6 x16=0x00080000 x17=0x800001a0 x18=0x00000001 x19=0x00000000 x20=0x800001a8 x21=0xfffffc20 x22=0x80000204 x23=0x8000031e x24=0x00000000 x25=0x00000000 x26=0x00000000 x27=0x80000000 x28=0x000002be x29=0x00000000 x30=0x00000001 x31=0x00000000
step=0142 retired_pc=0x80000240 debug_pc=0x80000244 inst=0xe4c38013 asm="addi x0,x7,-436" lsu_addr=0x00000000 lsu_addr16=0x0000 lsu_data=0x00000000 lsu_wen=0x0 lsu_ren=0x0 lsu_width=0
x00=0x00000000 x01=0x80000000 x02=0x00000000 x03=0x00000000 x04=0x00000000 x05=0x80000204 x06=0x0000003f x07=0x8d1b6000 x08=0x800000b9 x09=0x00000000 x10=0x00000000 x11=0x800001f8 x12=0xfffffdf6 x13=0x00000066 x14=0x00000001 x15=0xfffffdf6 x16=0x00080000 x17=0x800001a0 x18=0x00000001 x19=0x00000000 x20=0x800001a8 x21=0xfffffc20 x22=0x80000204 x23=0x8000031e x24=0x00000000 x25=0x00000000 x26=0x00000000 x27=0x80000000 x28=0x000002be x29=0x00000000 x30=0x00000001 x31=0x00000000
step=0143 retired_pc=0x80000244 debug_pc=0x80000248 inst=0x000b0263 asm="beq x22,x0,4" lsu_addr=0x00000000 lsu_addr16=0x0000 lsu_data=0x00000000 lsu_wen=0x0 lsu_ren=0x0 lsu_width=0
x00=0x00000000 x01=0x80000000 x02=0x00000000 x03=0x00000000 x04=0x00000000 x05=0x80000204 x06=0x0000003f x07=0x8d1b6000 x08=0x800000b9 x09=0x00000000 x10=0x00000000 x11=0x800001f8 x12=0xfffffdf6 x13=0x00000066 x14=0x00000001 x15=0xfffffdf6 x16=0x00080000 x17=0x800001a0 x18=0x00000001 x19=0x00000000 x20=0x800001a8 x21=0xfffffc20 x22=0x80000204 x23=0x8000031e x24=0x00000000 x25=0x00000000 x26=0x00000000 x27=0x80000000 x28=0x000002be x29=0x00000000 x30=0x00000001 x31=0x00000000
step=0144 retired_pc=0x80000248 debug_pc=0x8000024c inst=0x71d08a93 asm="addi x21,x1,1821" lsu_addr=0x00000000 lsu_addr16=0x0000 lsu_data=0x00000000 lsu_wen=0x0 lsu_ren=0x0 lsu_width=0
x00=0x00000000 x01=0x80000000 x02=0x00000000 x03=0x00000000 x04=0x00000000 x05=0x80000204 x06=0x0000003f x07=0x8d1b6000 x08=0x800000b9 x09=0x00000000 x10=0x00000000 x11=0x800001f8 x12=0xfffffdf6 x13=0x00000066 x14=0x00000001 x15=0xfffffdf6 x16=0x00080000 x17=0x800001a0 x18=0x00000001 x19=0x00000000 x20=0x800001a8 x21=0x8000071d x22=0x80000204 x23=0x8000031e x24=0x00000000 x25=0x00000000 x26=0x00000000 x27=0x80000000 x28=0x000002be x29=0x00000000 x30=0x00000001 x31=0x00000000
step=0145 retired_pc=0x8000024c debug_pc=0x80000250 inst=0x010d2e33 asm="slt x28,x26,x16" lsu_addr=0x00000000 lsu_addr16=0x0000 lsu_data=0x00000000 lsu_wen=0x0 lsu_ren=0x0 lsu_width=0
x00=0x00000000 x01=0x80000000 x02=0x00000000 x03=0x00000000 x04=0x00000000 x05=0x80000204 x06=0x0000003f x07=0x8d1b6000 x08=0x800000b9 x09=0x00000000 x10=0x00000000 x11=0x800001f8 x12=0xfffffdf6 x13=0x00000066 x14=0x00000001 x15=0xfffffdf6 x16=0x00080000 x17=0x800001a0 x18=0x00000001 x19=0x00000000 x20=0x800001a8 x21=0x8000071d x22=0x80000204 x23=0x8000031e x24=0x00000000 x25=0x00000000 x26=0x00000000 x27=0x80000000 x28=0x00000001 x29=0x00000000 x30=0x00000001 x31=0x00000000
step=0146 retired_pc=0x80000250 debug_pc=0x80000254 inst=0x32c08b83 asm="lb x23,812(x1)" lsu_addr=0x8000032c lsu_addr16=0x032c lsu_data=0x00000000 lsu_wen=0x0 lsu_ren=0x1 lsu_width=1
x00=0x00000000 x01=0x80000000 x02=0x00000000 x03=0x00000000 x04=0x00000000 x05=0x80000204 x06=0x0000003f x07=0x8d1b6000 x08=0x800000b9 x09=0x00000000 x10=0x00000000 x11=0x800001f8 x12=0xfffffdf6 x13=0x00000066 x14=0x00000001 x15=0xfffffdf6 x16=0x00080000 x17=0x800001a0 x18=0x00000001 x19=0x00000000 x20=0x800001a8 x21=0x8000071d x22=0x80000204 x23=0x00000000 x24=0x00000000 x25=0x00000000 x26=0x00000000 x27=0x80000000 x28=0x00000001 x29=0x00000000 x30=0x00000001 x31=0x00000000
step=0147 retired_pc=0x80000254 debug_pc=0x80000258 inst=0x00e94263 asm="blt x18,x14,4" lsu_addr=0x00000000 lsu_addr16=0x0000 lsu_data=0x00000000 lsu_wen=0x0 lsu_ren=0x0 lsu_width=0
x00=0x00000000 x01=0x80000000 x02=0x00000000 x03=0x00000000 x04=0x00000000 x05=0x80000204 x06=0x0000003f x07=0x8d1b6000 x08=0x800000b9 x09=0x00000000 x10=0x00000000 x11=0x800001f8 x12=0xfffffdf6 x13=0x00000066 x14=0x00000001 x15=0xfffffdf6 x16=0x00080000 x17=0x800001a0 x18=0x00000001 x19=0x00000000 x20=0x800001a8 x21=0x8000071d x22=0x80000204 x23=0x00000000 x24=0x00000000 x25=0x00000000 x26=0x00000000 x27=0x80000000 x28=0x00000001 x29=0x00000000 x30=0x00000001 x31=0x00000000
step=0148 retired_pc=0x80000258 debug_pc=0x8000025c inst=0x25c087e7 asm="jalr x15,604(x1)" lsu_addr=0x00000000 lsu_addr16=0x0000 lsu_data=0x00000000 lsu_wen=0x0 lsu_ren=0x0 lsu_width=0
x00=0x00000000 x01=0x80000000 x02=0x00000000 x03=0x00000000 x04=0x00000000 x05=0x80000204 x06=0x0000003f x07=0x8d1b6000 x08=0x800000b9 x09=0x00000000 x10=0x00000000 x11=0x800001f8 x12=0xfffffdf6 x13=0x00000066 x14=0x00000001 x15=0x8000025c x16=0x00080000 x17=0x800001a0 x18=0x00000001 x19=0x00000000 x20=0x800001a8 x21=0x8000071d x22=0x80000204 x23=0x00000000 x24=0x00000000 x25=0x00000000 x26=0x00000000 x27=0x80000000 x28=0x00000001 x29=0x00000000 x30=0x00000001 x31=0x00000000
step=0149 retired_pc=0x8000025c debug_pc=0x80000260 inst=0x073088a3 asm="sb x19,113(x1)" lsu_addr=0x80000071 lsu_addr16=0x0071 lsu_data=0x00000000 lsu_wen=0x2 lsu_ren=0x0 lsu_width=1
x00=0x00000000 x01=0x80000000 x02=0x00000000 x03=0x00000000 x04=0x00000000 x05=0x80000204 x06=0x0000003f x07=0x8d1b6000 x08=0x800000b9 x09=0x00000000 x10=0x00000000 x11=0x800001f8 x12=0xfffffdf6 x13=0x00000066 x14=0x00000001 x15=0x8000025c x16=0x00080000 x17=0x800001a0 x18=0x00000001 x19=0x00000000 x20=0x800001a8 x21=0x8000071d x22=0x80000204 x23=0x00000000 x24=0x00000000 x25=0x00000000 x26=0x00000000 x27=0x80000000 x28=0x00000001 x29=0x00000000 x30=0x00000001 x31=0x00000000
step=0150 retired_pc=0x80000260 debug_pc=0x80000264 inst=0x02b0a423 asm="sw x11,40(x1)" lsu_addr=0x80000028 lsu_addr16=0x0028 lsu_data=0x800001f8 lsu_wen=0xf lsu_ren=0x0 lsu_width=4
x00=0x00000000 x01=0x80000000 x02=0x00000000 x03=0x00000000 x04=0x00000000 x05=0x80000204 x06=0x0000003f x07=0x8d1b6000 x08=0x800000b9 x09=0x00000000 x10=0x00000000 x11=0x800001f8 x12=0xfffffdf6 x13=0x00000066 x14=0x00000001 x15=0x8000025c x16=0x00080000 x17=0x800001a0 x18=0x00000001 x19=0x00000000 x20=0x800001a8 x21=0x8000071d x22=0x80000204 x23=0x00000000 x24=0x00000000 x25=0x00000000 x26=0x00000000 x27=0x80000000 x28=0x00000001 x29=0x00000000 x30=0x00000001 x31=0x00000000
step=0151 retired_pc=0x80000264 debug_pc=0x80000268 inst=0x83a43493 asm="sltiu x9,x8,-1990" lsu_addr=0x00000000 lsu_addr16=0x0000 lsu_data=0x00000000 lsu_wen=0x0 lsu_ren=0x0 lsu_width=0
x00=0x00000000 x01=0x80000000 x02=0x00000000 x03=0x00000000 x04=0x00000000 x05=0x80000204 x06=0x0000003f x07=0x8d1b6000 x08=0x800000b9 x09=0x00000001 x10=0x00000000 x11=0x800001f8 x12=0xfffffdf6 x13=0x00000066 x14=0x00000001 x15=0x8000025c x16=0x00080000 x17=0x800001a0 x18=0x00000001 x19=0x00000000 x20=0x800001a8 x21=0x8000071d x22=0x80000204 x23=0x00000000 x24=0x00000000 x25=0x00000000 x26=0x00000000 x27=0x80000000 x28=0x00000001 x29=0x00000000 x30=0x00000001 x31=0x00000000
step=0152 retired_pc=0x80000268 debug_pc=0x8000026c inst=0x416e0eb3 asm="sub x29,x28,x22" lsu_addr=0x00000000 lsu_addr16=0x0000 lsu_data=0x00000000 lsu_wen=0x0 lsu_ren=0x0 lsu_width=0
x00=0x00000000 x01=0x80000000 x02=0x00000000 x03=0x00000000 x04=0x00000000 x05=0x80000204 x06=0x0000003f x07=0x8d1b6000 x08=0x800000b9 x09=0x00000001 x10=0x00000000 x11=0x800001f8 x12=0xfffffdf6 x13=0x00000066 x14=0x00000001 x15=0x8000025c x16=0x00080000 x17=0x800001a0 x18=0x00000001 x19=0x00000000 x20=0x800001a8 x21=0x8000071d x22=0x80000204 x23=0x00000000 x24=0x00000000 x25=0x00000000 x26=0x00000000 x27=0x80000000 x28=0x00000001 x29=0x7ffffdfd x30=0x00000001 x31=0x00000000
step=0153 retired_pc=0x8000026c debug_pc=0x80000270 inst=0x0092bfb3 asm="sltu x31,x5,x9" lsu_addr=0x00000000 lsu_addr16=0x0000 lsu_data=0x00000000 lsu_wen=0x0 lsu_ren=0x0 lsu_width=0
x00=0x00000000 x01=0x80000000 x02=0x00000000 x03=0x00000000 x04=0x00000000 x05=0x80000204 x06=0x0000003f x07=0x8d1b6000 x08=0x800000b9 x09=0x00000001 x10=0x00000000 x11=0x800001f8 x12=0xfffffdf6 x13=0x00000066 x14=0x00000001 x15=0x8000025c x16=0x00080000 x17=0x800001a0 x18=0x00000001 x19=0x00000000 x20=0x800001a8 x21=0x8000071d x22=0x80000204 x23=0x00000000 x24=0x00000000 x25=0x00000000 x26=0x00000000 x27=0x80000000 x28=0x00000001 x29=0x7ffffdfd x30=0x00000001 x31=0x00000000
step=0154 retired_pc=0x80000270 debug_pc=0x80000274 inst=0x01c91e97 asm="auipc x29,0x1c91" lsu_addr=0x00000000 lsu_addr16=0x0000 lsu_data=0x00000000 lsu_wen=0x0 lsu_ren=0x0 lsu_width=0
x00=0x00000000 x01=0x80000000 x02=0x00000000 x03=0x00000000 x04=0x00000000 x05=0x80000204 x06=0x0000003f x07=0x8d1b6000 x08=0x800000b9 x09=0x00000001 x10=0x00000000 x11=0x800001f8 x12=0xfffffdf6 x13=0x00000066 x14=0x00000001 x15=0x8000025c x16=0x00080000 x17=0x800001a0 x18=0x00000001 x19=0x00000000 x20=0x800001a8 x21=0x8000071d x22=0x80000204 x23=0x00000000 x24=0x00000000 x25=0x00000000 x26=0x00000000 x27=0x80000000 x28=0x00000001 x29=0x81c91270 x30=0x00000001 x31=0x00000000
step=0155 retired_pc=0x80000274 debug_pc=0x80000278 inst=0x004007ef asm="jal x15,4" lsu_addr=0x00000000 lsu_addr16=0x0000 lsu_data=0x00000000 lsu_wen=0x0 lsu_ren=0x0 lsu_width=0
x00=0x00000000 x01=0x80000000 x02=0x00000000 x03=0x00000000 x04=0x00000000 x05=0x80000204 x06=0x0000003f x07=0x8d1b6000 x08=0x800000b9 x09=0x00000001 x10=0x00000000 x11=0x800001f8 x12=0xfffffdf6 x13=0x00000066 x14=0x00000001 x15=0x80000278 x16=0x00080000 x17=0x800001a0 x18=0x00000001 x19=0x00000000 x20=0x800001a8 x21=0x8000071d x22=0x80000204 x23=0x00000000 x24=0x00000000 x25=0x00000000 x26=0x00000000 x27=0x80000000 x28=0x00000001 x29=0x81c91270 x30=0x00000001 x31=0x00000000
step=0156 retired_pc=0x80000278 debug_pc=0x8000027c inst=0x01f9f933 asm="and x18,x19,x31" lsu_addr=0x00000000 lsu_addr16=0x0000 lsu_data=0x00000000 lsu_wen=0x0 lsu_ren=0x0 lsu_width=0
x00=0x00000000 x01=0x80000000 x02=0x00000000 x03=0x00000000 x04=0x00000000 x05=0x80000204 x06=0x0000003f x07=0x8d1b6000 x08=0x800000b9 x09=0x00000001 x10=0x00000000 x11=0x800001f8 x12=0xfffffdf6 x13=0x00000066 x14=0x00000001 x15=0x80000278 x16=0x00080000 x17=0x800001a0 x18=0x00000000 x19=0x00000000 x20=0x800001a8 x21=0x8000071d x22=0x80000204 x23=0x00000000 x24=0x00000000 x25=0x00000000 x26=0x00000000 x27=0x80000000 x28=0x00000001 x29=0x81c91270 x30=0x00000001 x31=0x00000000
step=0157 retired_pc=0x8000027c debug_pc=0x80000280 inst=0x015af263 asm="bgeu x21,x21,4" lsu_addr=0x00000000 lsu_addr16=0x0000 lsu_data=0x00000000 lsu_wen=0x0 lsu_ren=0x0 lsu_width=0
x00=0x00000000 x01=0x80000000 x02=0x00000000 x03=0x00000000 x04=0x00000000 x05=0x80000204 x06=0x0000003f x07=0x8d1b6000 x08=0x800000b9 x09=0x00000001 x10=0x00000000 x11=0x800001f8 x12=0xfffffdf6 x13=0x00000066 x14=0x00000001 x15=0x80000278 x16=0x00080000 x17=0x800001a0 x18=0x00000000 x19=0x00000000 x20=0x800001a8 x21=0x8000071d x22=0x80000204 x23=0x00000000 x24=0x00000000 x25=0x00000000 x26=0x00000000 x27=0x80000000 x28=0x00000001 x29=0x81c91270 x30=0x00000001 x31=0x00000000
step=0158 retired_pc=0x80000280 debug_pc=0x80000284 inst=0x011bc263 asm="blt x23,x17,4" lsu_addr=0x00000000 lsu_addr16=0x0000 lsu_data=0x00000000 lsu_wen=0x0 lsu_ren=0x0 lsu_width=0
x00=0x00000000 x01=0x80000000 x02=0x00000000 x03=0x00000000 x04=0x00000000 x05=0x80000204 x06=0x0000003f x07=0x8d1b6000 x08=0x800000b9 x09=0x00000001 x10=0x00000000 x11=0x800001f8 x12=0xfffffdf6 x13=0x00000066 x14=0x00000001 x15=0x80000278 x16=0x00080000 x17=0x800001a0 x18=0x00000000 x19=0x00000000 x20=0x800001a8 x21=0x8000071d x22=0x80000204 x23=0x00000000 x24=0x00000000 x25=0x00000000 x26=0x00000000 x27=0x80000000 x28=0x00000001 x29=0x81c91270 x30=0x00000001 x31=0x00000000
step=0159 retired_pc=0x80000284 debug_pc=0x80000288 inst=0x01155293 asm="srli x5,x10,17" lsu_addr=0x00000000 lsu_addr16=0x0000 lsu_data=0x00000000 lsu_wen=0x0 lsu_ren=0x0 lsu_width=0
x00=0x00000000 x01=0x80000000 x02=0x00000000 x03=0x00000000 x04=0x00000000 x05=0x00000000 x06=0x0000003f x07=0x8d1b6000 x08=0x800000b9 x09=0x00000001 x10=0x00000000 x11=0x800001f8 x12=0xfffffdf6 x13=0x00000066 x14=0x00000001 x15=0x80000278 x16=0x00080000 x17=0x800001a0 x18=0x00000000 x19=0x00000000 x20=0x800001a8 x21=0x8000071d x22=0x80000204 x23=0x00000000 x24=0x00000000 x25=0x00000000 x26=0x00000000 x27=0x80000000 x28=0x00000001 x29=0x81c91270 x30=0x00000001 x31=0x00000000
step=0160 retired_pc=0x80000288 debug_pc=0x8000028c inst=0x00ba3e33 asm="sltu x28,x20,x11" lsu_addr=0x00000000 lsu_addr16=0x0000 lsu_data=0x00000000 lsu_wen=0x0 lsu_ren=0x0 lsu_width=0
x00=0x00000000 x01=0x80000000 x02=0x00000000 x03=0x00000000 x04=0x00000000 x05=0x00000000 x06=0x0000003f x07=0x8d1b6000 x08=0x800000b9 x09=0x00000001 x10=0x00000000 x11=0x800001f8 x12=0xfffffdf6 x13=0x00000066 x14=0x00000001 x15=0x80000278 x16=0x00080000 x17=0x800001a0 x18=0x00000000 x19=0x00000000 x20=0x800001a8 x21=0x8000071d x22=0x80000204 x23=0x00000000 x24=0x00000000 x25=0x00000000 x26=0x00000000 x27=0x80000000 x28=0x00000001 x29=0x81c91270 x30=0x00000001 x31=0x00000000
step=0161 retired_pc=0x8000028c debug_pc=0x80000290 inst=0x7c8da417 asm="auipc x8,0x7c8da" lsu_addr=0x00000000 lsu_addr16=0x0000 lsu_data=0x00000000 lsu_wen=0x0 lsu_ren=0x0 lsu_width=0
x00=0x00000000 x01=0x80000000 x02=0x00000000 x03=0x00000000 x04=0x00000000 x05=0x00000000 x06=0x0000003f x07=0x8d1b6000 x08=0xfc8da28c x09=0x00000001 x10=0x00000000 x11=0x800001f8 x12=0xfffffdf6 x13=0x00000066 x14=0x00000001 x15=0x80000278 x16=0x00080000 x17=0x800001a0 x18=0x00000000 x19=0x00000000 x20=0x800001a8 x21=0x8000071d x22=0x80000204 x23=0x00000000 x24=0x00000000 x25=0x00000000 x26=0x00000000 x27=0x80000000 x28=0x00000001 x29=0x81c91270 x30=0x00000001 x31=0x00000000
step=0162 retired_pc=0x80000290 debug_pc=0x80000294 inst=0x002ee263 asm="bltu x29,x2,4" lsu_addr=0x00000000 lsu_addr16=0x0000 lsu_data=0x00000000 lsu_wen=0x0 lsu_ren=0x0 lsu_width=0
x00=0x00000000 x01=0x80000000 x02=0x00000000 x03=0x00000000 x04=0x00000000 x05=0x00000000 x06=0x0000003f x07=0x8d1b6000 x08=0xfc8da28c x09=0x00000001 x10=0x00000000 x11=0x800001f8 x12=0xfffffdf6 x13=0x00000066 x14=0x00000001 x15=0x80000278 x16=0x00080000 x17=0x800001a0 x18=0x00000000 x19=0x00000000 x20=0x800001a8 x21=0x8000071d x22=0x80000204 x23=0x00000000 x24=0x00000000 x25=0x00000000 x26=0x00000000 x27=0x80000000 x28=0x00000001 x29=0x81c91270 x30=0x00000001 x31=0x00000000
step=0163 retired_pc=0x80000294 debug_pc=0x80000298 inst=0x01d00263 asm="beq x0,x29,4" lsu_addr=0x00000000 lsu_addr16=0x0000 lsu_data=0x00000000 lsu_wen=0x0 lsu_ren=0x0 lsu_width=0
x00=0x00000000 x01=0x80000000 x02=0x00000000 x03=0x00000000 x04=0x00000000 x05=0x00000000 x06=0x0000003f x07=0x8d1b6000 x08=0xfc8da28c x09=0x00000001 x10=0x00000000 x11=0x800001f8 x12=0xfffffdf6 x13=0x00000066 x14=0x00000001 x15=0x80000278 x16=0x00080000 x17=0x800001a0 x18=0x00000000 x19=0x00000000 x20=0x800001a8 x21=0x8000071d x22=0x80000204 x23=0x00000000 x24=0x00000000 x25=0x00000000 x26=0x00000000 x27=0x80000000 x28=0x00000001 x29=0x81c91270 x30=0x00000001 x31=0x00000000
step=0164 retired_pc=0x80000298 debug_pc=0x8000029c inst=0x01d3d263 asm="bge x7,x29,4" lsu_addr=0x00000000 lsu_addr16=0x0000 lsu_data=0x00000000 lsu_wen=0x0 lsu_ren=0x0 lsu_width=0
x00=0x00000000 x01=0x80000000 x02=0x00000000 x03=0x00000000 x04=0x00000000 x05=0x00000000 x06=0x0000003f x07=0x8d1b6000 x08=0xfc8da28c x09=0x00000001 x10=0x00000000 x11=0x800001f8 x12=0xfffffdf6 x13=0x00000066 x14=0x00000001 x15=0x80000278 x16=0x00080000 x17=0x800001a0 x18=0x00000000 x19=0x00000000 x20=0x800001a8 x21=0x8000071d x22=0x80000204 x23=0x00000000 x24=0x00000000 x25=0x00000000 x26=0x00000000 x27=0x80000000 x28=0x00000001 x29=0x81c91270 x30=0x00000001 x31=0x00000000
step=0165 retired_pc=0x8000029c debug_pc=0x800002a0 inst=0x6de52513 asm="slti x10,x10,1758" lsu_addr=0x00000000 lsu_addr16=0x0000 lsu_data=0x00000000 lsu_wen=0x0 lsu_ren=0x0 lsu_width=0
x00=0x00000000 x01=0x80000000 x02=0x00000000 x03=0x00000000 x04=0x00000000 x05=0x00000000 x06=0x0000003f x07=0x8d1b6000 x08=0xfc8da28c x09=0x00000001 x10=0x00000001 x11=0x800001f8 x12=0xfffffdf6 x13=0x00000066 x14=0x00000001 x15=0x80000278 x16=0x00080000 x17=0x800001a0 x18=0x00000000 x19=0x00000000 x20=0x800001a8 x21=0x8000071d x22=0x80000204 x23=0x00000000 x24=0x00000000 x25=0x00000000 x26=0x00000000 x27=0x80000000 x28=0x00000001 x29=0x81c91270 x30=0x00000001 x31=0x00000000
step=0166 retired_pc=0x800002a0 debug_pc=0x800002a4 inst=0x00433033 asm="sltu x0,x6,x4" lsu_addr=0x00000000 lsu_addr16=0x0000 lsu_data=0x00000000 lsu_wen=0x0 lsu_ren=0x0 lsu_width=0
x00=0x00000000 x01=0x80000000 x02=0x00000000 x03=0x00000000 x04=0x00000000 x05=0x00000000 x06=0x0000003f x07=0x8d1b6000 x08=0xfc8da28c x09=0x00000001 x10=0x00000001 x11=0x800001f8 x12=0xfffffdf6 x13=0x00000066 x14=0x00000001 x15=0x80000278 x16=0x00080000 x17=0x800001a0 x18=0x00000000 x19=0x00000000 x20=0x800001a8 x21=0x8000071d x22=0x80000204 x23=0x00000000 x24=0x00000000 x25=0x00000000 x26=0x00000000 x27=0x80000000 x28=0x00000001 x29=0x81c91270 x30=0x00000001 x31=0x00000000
step=0167 retired_pc=0x800002a4 debug_pc=0x800002a8 inst=0x23c0a103 asm="lw x2,572(x1)" lsu_addr=0x8000023c lsu_addr16=0x023c lsu_data=0x00000000 lsu_wen=0x0 lsu_ren=0x1 lsu_width=4
x00=0x00000000 x01=0x80000000 x02=0x00000000 x03=0x00000000 x04=0x00000000 x05=0x00000000 x06=0x0000003f x07=0x8d1b6000 x08=0xfc8da28c x09=0x00000001 x10=0x00000001 x11=0x800001f8 x12=0xfffffdf6 x13=0x00000066 x14=0x00000001 x15=0x80000278 x16=0x00080000 x17=0x800001a0 x18=0x00000000 x19=0x00000000 x20=0x800001a8 x21=0x8000071d x22=0x80000204 x23=0x00000000 x24=0x00000000 x25=0x00000000 x26=0x00000000 x27=0x80000000 x28=0x00000001 x29=0x81c91270 x30=0x00000001 x31=0x00000000
step=0168 retired_pc=0x800002a8 debug_pc=0x800002ac inst=0x2c80a203 asm="lw x4,712(x1)" lsu_addr=0x800002c8 lsu_addr16=0x02c8 lsu_data=0x00000000 lsu_wen=0x0 lsu_ren=0x1 lsu_width=4
x00=0x00000000 x01=0x80000000 x02=0x00000000 x03=0x00000000 x04=0x00000000 x05=0x00000000 x06=0x0000003f x07=0x8d1b6000 x08=0xfc8da28c x09=0x00000001 x10=0x00000001 x11=0x800001f8 x12=0xfffffdf6 x13=0x00000066 x14=0x00000001 x15=0x80000278 x16=0x00080000 x17=0x800001a0 x18=0x00000000 x19=0x00000000 x20=0x800001a8 x21=0x8000071d x22=0x80000204 x23=0x00000000 x24=0x00000000 x25=0x00000000 x26=0x00000000 x27=0x80000000 x28=0x00000001 x29=0x81c91270 x30=0x00000001 x31=0x00000000
step=0169 retired_pc=0x800002ac debug_pc=0x800002b0 inst=0x2b008be7 asm="jalr x23,688(x1)" lsu_addr=0x00000000 lsu_addr16=0x0000 lsu_data=0x00000000 lsu_wen=0x0 lsu_ren=0x0 lsu_width=0
x00=0x00000000 x01=0x80000000 x02=0x00000000 x03=0x00000000 x04=0x00000000 x05=0x00000000 x06=0x0000003f x07=0x8d1b6000 x08=0xfc8da28c x09=0x00000001 x10=0x00000001 x11=0x800001f8 x12=0xfffffdf6 x13=0x00000066 x14=0x00000001 x15=0x80000278 x16=0x00080000 x17=0x800001a0 x18=0x00000000 x19=0x00000000 x20=0x800001a8 x21=0x8000071d x22=0x80000204 x23=0x800002b0 x24=0x00000000 x25=0x00000000 x26=0x00000000 x27=0x80000000 x28=0x00000001 x29=0x81c91270 x30=0x00000001 x31=0x00000000
step=0170 retired_pc=0x800002b0 debug_pc=0x800002b4 inst=0x4163d393 asm="srai x7,x7,22" lsu_addr=0x00000000 lsu_addr16=0x0000 lsu_data=0x00000000 lsu_wen=0x0 lsu_ren=0x0 lsu_width=0
x00=0x00000000 x01=0x80000000 x02=0x00000000 x03=0x00000000 x04=0x00000000 x05=0x00000000 x06=0x0000003f x07=0xfffffe34 x08=0xfc8da28c x09=0x00000001 x10=0x00000001 x11=0x800001f8 x12=0xfffffdf6 x13=0x00000066 x14=0x00000001 x15=0x80000278 x16=0x00080000 x17=0x800001a0 x18=0x00000000 x19=0x00000000 x20=0x800001a8 x21=0x8000071d x22=0x80000204 x23=0x800002b0 x24=0x00000000 x25=0x00000000 x26=0x00000000 x27=0x80000000 x28=0x00000001 x29=0x81c91270 x30=0x00000001 x31=0x00000000
step=0171 retired_pc=0x800002b4 debug_pc=0x800002b8 inst=0xa240e013 asm="ori x0,x1,-1500" lsu_addr=0x00000000 lsu_addr16=0x0000 lsu_data=0x00000000 lsu_wen=0x0 lsu_ren=0x0 lsu_width=0
x00=0x00000000 x01=0x80000000 x02=0x00000000 x03=0x00000000 x04=0x00000000 x05=0x00000000 x06=0x0000003f x07=0xfffffe34 x08=0xfc8da28c x09=0x00000001 x10=0x00000001 x11=0x800001f8 x12=0xfffffdf6 x13=0x00000066 x14=0x00000001 x15=0x80000278 x16=0x00080000 x17=0x800001a0 x18=0x00000000 x19=0x00000000 x20=0x800001a8 x21=0x8000071d x22=0x80000204 x23=0x800002b0 x24=0x00000000 x25=0x00000000 x26=0x00000000 x27=0x80000000 x28=0x00000001 x29=0x81c91270 x30=0x00000001 x31=0x00000000
step=0172 retired_pc=0x800002b8 debug_pc=0x800002bc inst=0xb5530713 asm="addi x14,x6,-1195" lsu_addr=0x00000000 lsu_addr16=0x0000 lsu_data=0x00000000 lsu_wen=0x0 lsu_ren=0x0 lsu_width=0
x00=0x00000000 x01=0x80000000 x02=0x00000000 x03=0x00000000 x04=0x00000000 x05=0x00000000 x06=0x0000003f x07=0xfffffe34 x08=0xfc8da28c x09=0x00000001 x10=0x00000001 x11=0x800001f8 x12=0xfffffdf6 x13=0x00000066 x14=0xfffffb94 x15=0x80000278 x16=0x00080000 x17=0x800001a0 x18=0x00000000 x19=0x00000000 x20=0x800001a8 x21=0x8000071d x22=0x80000204 x23=0x800002b0 x24=0x00000000 x25=0x00000000 x26=0x00000000 x27=0x80000000 x28=0x00000001 x29=0x81c91270 x30=0x00000001 x31=0x00000000
step=0173 retired_pc=0x800002bc debug_pc=0x800002c0 inst=0x00afc533 asm="xor x10,x31,x10" lsu_addr=0x00000000 lsu_addr16=0x0000 lsu_data=0x00000000 lsu_wen=0x0 lsu_ren=0x0 lsu_width=0
x00=0x00000000 x01=0x80000000 x02=0x00000000 x03=0x00000000 x04=0x00000000 x05=0x00000000 x06=0x0000003f x07=0xfffffe34 x08=0xfc8da28c x09=0x00000001 x10=0x00000001 x11=0x800001f8 x12=0xfffffdf6 x13=0x00000066 x14=0xfffffb94 x15=0x80000278 x16=0x00080000 x17=0x800001a0 x18=0x00000000 x19=0x00000000 x20=0x800001a8 x21=0x8000071d x22=0x80000204 x23=0x800002b0 x24=0x00000000 x25=0x00000000 x26=0x00000000 x27=0x80000000 x28=0x00000001 x29=0x81c91270 x30=0x00000001 x31=0x00000000
step=0174 retired_pc=0x800002c0 debug_pc=0x800002c4 inst=0x00ba54b3 asm="srl x9,x20,x11" lsu_addr=0x00000000 lsu_addr16=0x0000 lsu_data=0x00000000 lsu_wen=0x0 lsu_ren=0x0 lsu_width=0
x00=0x00000000 x01=0x80000000 x02=0x00000000 x03=0x00000000 x04=0x00000000 x05=0x00000000 x06=0x0000003f x07=0xfffffe34 x08=0xfc8da28c x09=0x00000080 x10=0x00000001 x11=0x800001f8 x12=0xfffffdf6 x13=0x00000066 x14=0xfffffb94 x15=0x80000278 x16=0x00080000 x17=0x800001a0 x18=0x00000000 x19=0x00000000 x20=0x800001a8 x21=0x8000071d x22=0x80000204 x23=0x800002b0 x24=0x00000000 x25=0x00000000 x26=0x00000000 x27=0x80000000 x28=0x00000001 x29=0x81c91270 x30=0x00000001 x31=0x00000000
step=0175 retired_pc=0x800002c4 debug_pc=0x800002c8 inst=0x017ed693 asm="srli x13,x29,23" lsu_addr=0x00000000 lsu_addr16=0x0000 lsu_data=0x00000000 lsu_wen=0x0 lsu_ren=0x0 lsu_width=0
x00=0x00000000 x01=0x80000000 x02=0x00000000 x03=0x00000000 x04=0x00000000 x05=0x00000000 x06=0x0000003f x07=0xfffffe34 x08=0xfc8da28c x09=0x00000080 x10=0x00000001 x11=0x800001f8 x12=0xfffffdf6 x13=0x00000103 x14=0xfffffb94 x15=0x80000278 x16=0x00080000 x17=0x800001a0 x18=0x00000000 x19=0x00000000 x20=0x800001a8 x21=0x8000071d x22=0x80000204 x23=0x800002b0 x24=0x00000000 x25=0x00000000 x26=0x00000000 x27=0x80000000 x28=0x00000001 x29=0x81c91270 x30=0x00000001 x31=0x00000000
step=0176 retired_pc=0x800002c8 debug_pc=0x800002cc inst=0x866b4b93 asm="xori x23,x22,-1946" lsu_addr=0x00000000 lsu_addr16=0x0000 lsu_data=0x00000000 lsu_wen=0x0 lsu_ren=0x0 lsu_width=0
x00=0x00000000 x01=0x80000000 x02=0x00000000 x03=0x00000000 x04=0x00000000 x05=0x00000000 x06=0x0000003f x07=0xfffffe34 x08=0xfc8da28c x09=0x00000080 x10=0x00000001 x11=0x800001f8 x12=0xfffffdf6 x13=0x00000103 x14=0xfffffb94 x15=0x80000278 x16=0x00080000 x17=0x800001a0 x18=0x00000000 x19=0x00000000 x20=0x800001a8 x21=0x8000071d x22=0x80000204 x23=0x7ffffa62 x24=0x00000000 x25=0x00000000 x26=0x00000000 x27=0x80000000 x28=0x00000001 x29=0x81c91270 x30=0x00000001 x31=0x00000000
step=0177 retired_pc=0x800002cc debug_pc=0x800002d0 inst=0x0189df33 asm="srl x30,x19,x24" lsu_addr=0x00000000 lsu_addr16=0x0000 lsu_data=0x00000000 lsu_wen=0x0 lsu_ren=0x0 lsu_width=0
x00=0x00000000 x01=0x80000000 x02=0x00000000 x03=0x00000000 x04=0x00000000 x05=0x00000000 x06=0x0000003f x07=0xfffffe34 x08=0xfc8da28c x09=0x00000080 x10=0x00000001 x11=0x800001f8 x12=0xfffffdf6 x13=0x00000103 x14=0xfffffb94 x15=0x80000278 x16=0x00080000 x17=0x800001a0 x18=0x00000000 x19=0x00000000 x20=0x800001a8 x21=0x8000071d x22=0x80000204 x23=0x7ffffa62 x24=0x00000000 x25=0x00000000 x26=0x00000000 x27=0x80000000 x28=0x00000001 x29=0x81c91270 x30=0x00000000 x31=0x00000000
step=0178 retired_pc=0x800002d0 debug_pc=0x800002d4 inst=0x007a9493 asm="slli x9,x21,7" lsu_addr=0x00000000 lsu_addr16=0x0000 lsu_data=0x00000000 lsu_wen=0x0 lsu_ren=0x0 lsu_width=0
x00=0x00000000 x01=0x80000000 x02=0x00000000 x03=0x00000000 x04=0x00000000 x05=0x00000000 x06=0x0000003f x07=0xfffffe34 x08=0xfc8da28c x09=0x00038e80 x10=0x00000001 x11=0x800001f8 x12=0xfffffdf6 x13=0x00000103 x14=0xfffffb94 x15=0x80000278 x16=0x00080000 x17=0x800001a0 x18=0x00000000 x19=0x00000000 x20=0x800001a8 x21=0x8000071d x22=0x80000204 x23=0x7ffffa62 x24=0x00000000 x25=0x00000000 x26=0x00000000 x27=0x80000000 x28=0x00000001 x29=0x81c91270 x30=0x00000000 x31=0x00000000
step=0179 retired_pc=0x800002d4 debug_pc=0x800002d8 inst=0x3335ba13 asm="sltiu x20,x11,819" lsu_addr=0x00000000 lsu_addr16=0x0000 lsu_data=0x00000000 lsu_wen=0x0 lsu_ren=0x0 lsu_width=0
x00=0x00000000 x01=0x80000000 x02=0x00000000 x03=0x00000000 x04=0x00000000 x05=0x00000000 x06=0x0000003f x07=0xfffffe34 x08=0xfc8da28c x09=0x00038e80 x10=0x00000001 x11=0x800001f8 x12=0xfffffdf6 x13=0x00000103 x14=0xfffffb94 x15=0x80000278 x16=0x00080000 x17=0x800001a0 x18=0x00000000 x19=0x00000000 x20=0x00000000 x21=0x8000071d x22=0x80000204 x23=0x7ffffa62 x24=0x00000000 x25=0x00000000 x26=0x00000000 x27=0x80000000 x28=0x00000001 x29=0x81c91270 x30=0x00000000 x31=0x00000000
step=0180 retired_pc=0x800002d8 debug_pc=0x800002dc inst=0x00400fef asm="jal x31,4" lsu_addr=0x00000000 lsu_addr16=0x0000 lsu_data=0x00000000 lsu_wen=0x0 lsu_ren=0x0 lsu_width=0
x00=0x00000000 x01=0x80000000 x02=0x00000000 x03=0x00000000 x04=0x00000000 x05=0x00000000 x06=0x0000003f x07=0xfffffe34 x08=0xfc8da28c x09=0x00038e80 x10=0x00000001 x11=0x800001f8 x12=0xfffffdf6 x13=0x00000103 x14=0xfffffb94 x15=0x80000278 x16=0x00080000 x17=0x800001a0 x18=0x00000000 x19=0x00000000 x20=0x00000000 x21=0x8000071d x22=0x80000204 x23=0x7ffffa62 x24=0x00000000 x25=0x00000000 x26=0x00000000 x27=0x80000000 x28=0x00000001 x29=0x81c91270 x30=0x00000000 x31=0x800002dc
step=0181 retired_pc=0x800002dc debug_pc=0x800002e0 inst=0x001f1263 asm="bne x30,x1,4" lsu_addr=0x00000000 lsu_addr16=0x0000 lsu_data=0x00000000 lsu_wen=0x0 lsu_ren=0x0 lsu_width=0
x00=0x00000000 x01=0x80000000 x02=0x00000000 x03=0x00000000 x04=0x00000000 x05=0x00000000 x06=0x0000003f x07=0xfffffe34 x08=0xfc8da28c x09=0x00038e80 x10=0x00000001 x11=0x800001f8 x12=0xfffffdf6 x13=0x00000103 x14=0xfffffb94 x15=0x80000278 x16=0x00080000 x17=0x800001a0 x18=0x00000000 x19=0x00000000 x20=0x00000000 x21=0x8000071d x22=0x80000204 x23=0x7ffffa62 x24=0x00000000 x25=0x00000000 x26=0x00000000 x27=0x80000000 x28=0x00000001 x29=0x81c91270 x30=0x00000000 x31=0x800002dc
step=0182 retired_pc=0x800002e0 debug_pc=0x800002e4 inst=0x00f8f333 asm="and x6,x17,x15" lsu_addr=0x00000000 lsu_addr16=0x0000 lsu_data=0x00000000 lsu_wen=0x0 lsu_ren=0x0 lsu_width=0
x00=0x00000000 x01=0x80000000 x02=0x00000000 x03=0x00000000 x04=0x00000000 x05=0x00000000 x06=0x80000020 x07=0xfffffe34 x08=0xfc8da28c x09=0x00038e80 x10=0x00000001 x11=0x800001f8 x12=0xfffffdf6 x13=0x00000103 x14=0xfffffb94 x15=0x80000278 x16=0x00080000 x17=0x800001a0 x18=0x00000000 x19=0x00000000 x20=0x00000000 x21=0x8000071d x22=0x80000204 x23=0x7ffffa62 x24=0x00000000 x25=0x00000000 x26=0x00000000 x27=0x80000000 x28=0x00000001 x29=0x81c91270 x30=0x00000000 x31=0x800002dc
step=0183 retired_pc=0x800002e4 debug_pc=0x800002e8 inst=0x418fd8b3 asm="sra x17,x31,x24" lsu_addr=0x00000000 lsu_addr16=0x0000 lsu_data=0x00000000 lsu_wen=0x0 lsu_ren=0x0 lsu_width=0
x00=0x00000000 x01=0x80000000 x02=0x00000000 x03=0x00000000 x04=0x00000000 x05=0x00000000 x06=0x80000020 x07=0xfffffe34 x08=0xfc8da28c x09=0x00038e80 x10=0x00000001 x11=0x800001f8 x12=0xfffffdf6 x13=0x00000103 x14=0xfffffb94 x15=0x80000278 x16=0x00080000 x17=0x800002dc x18=0x00000000 x19=0x00000000 x20=0x00000000 x21=0x8000071d x22=0x80000204 x23=0x7ffffa62 x24=0x00000000 x25=0x00000000 x26=0x00000000 x27=0x80000000 x28=0x00000001 x29=0x81c91270 x30=0x00000000 x31=0x800002dc
step=0184 retired_pc=0x800002e8 debug_pc=0x800002ec inst=0x1f42a513 asm="slti x10,x5,500" lsu_addr=0x00000000 lsu_addr16=0x0000 lsu_data=0x00000000 lsu_wen=0x0 lsu_ren=0x0 lsu_width=0
x00=0x00000000 x01=0x80000000 x02=0x00000000 x03=0x00000000 x04=0x00000000 x05=0x00000000 x06=0x80000020 x07=0xfffffe34 x08=0xfc8da28c x09=0x00038e80 x10=0x00000001 x11=0x800001f8 x12=0xfffffdf6 x13=0x00000103 x14=0xfffffb94 x15=0x80000278 x16=0x00080000 x17=0x800002dc x18=0x00000000 x19=0x00000000 x20=0x00000000 x21=0x8000071d x22=0x80000204 x23=0x7ffffa62 x24=0x00000000 x25=0x00000000 x26=0x00000000 x27=0x80000000 x28=0x00000001 x29=0x81c91270 x30=0x00000000 x31=0x800002dc
step=0185 retired_pc=0x800002ec debug_pc=0x800002f0 inst=0x006eeab3 asm="or x21,x29,x6" lsu_addr=0x00000000 lsu_addr16=0x0000 lsu_data=0x00000000 lsu_wen=0x0 lsu_ren=0x0 lsu_width=0
x00=0x00000000 x01=0x80000000 x02=0x00000000 x03=0x00000000 x04=0x00000000 x05=0x00000000 x06=0x80000020 x07=0xfffffe34 x08=0xfc8da28c x09=0x00038e80 x10=0x00000001 x11=0x800001f8 x12=0xfffffdf6 x13=0x00000103 x14=0xfffffb94 x15=0x80000278 x16=0x00080000 x17=0x800002dc x18=0x00000000 x19=0x00000000 x20=0x00000000 x21=0x81c91270 x22=0x80000204 x23=0x7ffffa62 x24=0x00000000 x25=0x00000000 x26=0x00000000 x27=0x80000000 x28=0x00000001 x29=0x81c91270 x30=0x00000000 x31=0x800002dc
step=0186 retired_pc=0x800002f0 debug_pc=0x800002f4 inst=0x3ac0ae23 asm="sw x12,956(x1)" lsu_addr=0x800003bc lsu_addr16=0x03bc lsu_data=0xfffffdf6 lsu_wen=0xf lsu_ren=0x0 lsu_width=4
x00=0x00000000 x01=0x80000000 x02=0x00000000 x03=0x00000000 x04=0x00000000 x05=0x00000000 x06=0x80000020 x07=0xfffffe34 x08=0xfc8da28c x09=0x00038e80 x10=0x00000001 x11=0x800001f8 x12=0xfffffdf6 x13=0x00000103 x14=0xfffffb94 x15=0x80000278 x16=0x00080000 x17=0x800002dc x18=0x00000000 x19=0x00000000 x20=0x00000000 x21=0x81c91270 x22=0x80000204 x23=0x7ffffa62 x24=0x00000000 x25=0x00000000 x26=0x00000000 x27=0x80000000 x28=0x00000001 x29=0x81c91270 x30=0x00000000 x31=0x800002dc
step=0187 retired_pc=0x800002f4 debug_pc=0x800002f8 inst=0xa0ea7937 asm="lui x18,0xa0ea7" lsu_addr=0x00000000 lsu_addr16=0x0000 lsu_data=0x00000000 lsu_wen=0x0 lsu_ren=0x0 lsu_width=0
x00=0x00000000 x01=0x80000000 x02=0x00000000 x03=0x00000000 x04=0x00000000 x05=0x00000000 x06=0x80000020 x07=0xfffffe34 x08=0xfc8da28c x09=0x00038e80 x10=0x00000001 x11=0x800001f8 x12=0xfffffdf6 x13=0x00000103 x14=0xfffffb94 x15=0x80000278 x16=0x00080000 x17=0x800002dc x18=0xa0ea7000 x19=0x00000000 x20=0x00000000 x21=0x81c91270 x22=0x80000204 x23=0x7ffffa62 x24=0x00000000 x25=0x00000000 x26=0x00000000 x27=0x80000000 x28=0x00000001 x29=0x81c91270 x30=0x00000000 x31=0x800002dc
step=0188 retired_pc=0x800002f8 debug_pc=0x800002fc inst=0x403cddb3 asm="sra x27,x25,x3" lsu_addr=0x00000000 lsu_addr16=0x0000 lsu_data=0x00000000 lsu_wen=0x0 lsu_ren=0x0 lsu_width=0
x00=0x00000000 x01=0x80000000 x02=0x00000000 x03=0x00000000 x04=0x00000000 x05=0x00000000 x06=0x80000020 x07=0xfffffe34 x08=0xfc8da28c x09=0x00038e80 x10=0x00000001 x11=0x800001f8 x12=0xfffffdf6 x13=0x00000103 x14=0xfffffb94 x15=0x80000278 x16=0x00080000 x17=0x800002dc x18=0xa0ea7000 x19=0x00000000 x20=0x00000000 x21=0x81c91270 x22=0x80000204 x23=0x7ffffa62 x24=0x00000000 x25=0x00000000 x26=0x00000000 x27=0x00000000 x28=0x00000001 x29=0x81c91270 x30=0x00000000 x31=0x800002dc
step=0189 retired_pc=0x800002fc debug_pc=0x80000300 inst=0x0022d263 asm="bge x5,x2,4" lsu_addr=0x00000000 lsu_addr16=0x0000 lsu_data=0x00000000 lsu_wen=0x0 lsu_ren=0x0 lsu_width=0
x00=0x00000000 x01=0x80000000 x02=0x00000000 x03=0x00000000 x04=0x00000000 x05=0x00000000 x06=0x80000020 x07=0xfffffe34 x08=0xfc8da28c x09=0x00038e80 x10=0x00000001 x11=0x800001f8 x12=0xfffffdf6 x13=0x00000103 x14=0xfffffb94 x15=0x80000278 x16=0x00080000 x17=0x800002dc x18=0xa0ea7000 x19=0x00000000 x20=0x00000000 x21=0x81c91270 x22=0x80000204 x23=0x7ffffa62 x24=0x00000000 x25=0x00000000 x26=0x00000000 x27=0x00000000 x28=0x00000001 x29=0x81c91270 x30=0x00000000 x31=0x800002dc
step=0190 retired_pc=0x80000300 debug_pc=0x80000304 inst=0x0198f263 asm="bgeu x17,x25,4" lsu_addr=0x00000000 lsu_addr16=0x0000 lsu_data=0x00000000 lsu_wen=0x0 lsu_ren=0x0 lsu_width=0
x00=0x00000000 x01=0x80000000 x02=0x00000000 x03=0x00000000 x04=0x00000000 x05=0x00000000 x06=0x80000020 x07=0xfffffe34 x08=0xfc8da28c x09=0x00038e80 x10=0x00000001 x11=0x800001f8 x12=0xfffffdf6 x13=0x00000103 x14=0xfffffb94 x15=0x80000278 x16=0x00080000 x17=0x800002dc x18=0xa0ea7000 x19=0x00000000 x20=0x00000000 x21=0x81c91270 x22=0x80000204 x23=0x7ffffa62 x24=0x00000000 x25=0x00000000 x26=0x00000000 x27=0x00000000 x28=0x00000001 x29=0x81c91270 x30=0x00000000 x31=0x800002dc
step=0191 retired_pc=0x80000304 debug_pc=0x80000308 inst=0xe2844813 asm="xori x16,x8,-472" lsu_addr=0x00000000 lsu_addr16=0x0000 lsu_data=0x00000000 lsu_wen=0x0 lsu_ren=0x0 lsu_width=0
x00=0x00000000 x01=0x80000000 x02=0x00000000 x03=0x00000000 x04=0x00000000 x05=0x00000000 x06=0x80000020 x07=0xfffffe34 x08=0xfc8da28c x09=0x00038e80 x10=0x00000001 x11=0x800001f8 x12=0xfffffdf6 x13=0x00000103 x14=0xfffffb94 x15=0x80000278 x16=0x03725ca4 x17=0x800002dc x18=0xa0ea7000 x19=0x00000000 x20=0x00000000 x21=0x81c91270 x22=0x80000204 x23=0x7ffffa62 x24=0x00000000 x25=0x00000000 x26=0x00000000 x27=0x00000000 x28=0x00000001 x29=0x81c91270 x30=0x00000000 x31=0x800002dc
step=0192 retired_pc=0x80000308 debug_pc=0x8000030c inst=0x01d92e33 asm="slt x28,x18,x29" lsu_addr=0x00000000 lsu_addr16=0x0000 lsu_data=0x00000000 lsu_wen=0x0 lsu_ren=0x0 lsu_width=0
x00=0x00000000 x01=0x80000000 x02=0x00000000 x03=0x00000000 x04=0x00000000 x05=0x00000000 x06=0x80000020 x07=0xfffffe34 x08=0xfc8da28c x09=0x00038e80 x10=0x00000001 x11=0x800001f8 x12=0xfffffdf6 x13=0x00000103 x14=0xfffffb94 x15=0x80000278 x16=0x03725ca4 x17=0x800002dc x18=0xa0ea7000 x19=0x00000000 x20=0x00000000 x21=0x81c91270 x22=0x80000204 x23=0x7ffffa62 x24=0x00000000 x25=0x00000000 x26=0x00000000 x27=0x00000000 x28=0x00000000 x29=0x81c91270 x30=0x00000000 x31=0x800002dc
step=0193 retired_pc=0x8000030c debug_pc=0x80000310 inst=0x0131d263 asm="bge x3,x19,4" lsu_addr=0x00000000 lsu_addr16=0x0000 lsu_data=0x00000000 lsu_wen=0x0 lsu_ren=0x0 lsu_width=0
x00=0x00000000 x01=0x80000000 x02=0x00000000 x03=0x00000000 x04=0x00000000 x05=0x00000000 x06=0x80000020 x07=0xfffffe34 x08=0xfc8da28c x09=0x00038e80 x10=0x00000001 x11=0x800001f8 x12=0xfffffdf6 x13=0x00000103 x14=0xfffffb94 x15=0x80000278 x16=0x03725ca4 x17=0x800002dc x18=0xa0ea7000 x19=0x00000000 x20=0x00000000 x21=0x81c91270 x22=0x80000204 x23=0x7ffffa62 x24=0x00000000 x25=0x00000000 x26=0x00000000 x27=0x00000000 x28=0x00000000 x29=0x81c91270 x30=0x00000000 x31=0x800002dc
step=0194 retired_pc=0x80000310 debug_pc=0x80000314 inst=0x2c1f8013 asm="addi x0,x31,705" lsu_addr=0x00000000 lsu_addr16=0x0000 lsu_data=0x00000000 lsu_wen=0x0 lsu_ren=0x0 lsu_width=0
x00=0x00000000 x01=0x80000000 x02=0x00000000 x03=0x00000000 x04=0x00000000 x05=0x00000000 x06=0x80000020 x07=0xfffffe34 x08=0xfc8da28c x09=0x00038e80 x10=0x00000001 x11=0x800001f8 x12=0xfffffdf6 x13=0x00000103 x14=0xfffffb94 x15=0x80000278 x16=0x03725ca4 x17=0x800002dc x18=0xa0ea7000 x19=0x00000000 x20=0x00000000 x21=0x81c91270 x22=0x80000204 x23=0x7ffffa62 x24=0x00000000 x25=0x00000000 x26=0x00000000 x27=0x00000000 x28=0x00000000 x29=0x81c91270 x30=0x00000000 x31=0x800002dc
step=0195 retired_pc=0x80000314 debug_pc=0x80000318 inst=0x00d361b3 asm="or x3,x6,x13" lsu_addr=0x00000000 lsu_addr16=0x0000 lsu_data=0x00000000 lsu_wen=0x0 lsu_ren=0x0 lsu_width=0
x00=0x00000000 x01=0x80000000 x02=0x00000000 x03=0x80000123 x04=0x00000000 x05=0x00000000 x06=0x80000020 x07=0xfffffe34 x08=0xfc8da28c x09=0x00038e80 x10=0x00000001 x11=0x800001f8 x12=0xfffffdf6 x13=0x00000103 x14=0xfffffb94 x15=0x80000278 x16=0x03725ca4 x17=0x800002dc x18=0xa0ea7000 x19=0x00000000 x20=0x00000000 x21=0x81c91270 x22=0x80000204 x23=0x7ffffa62 x24=0x00000000 x25=0x00000000 x26=0x00000000 x27=0x00000000 x28=0x00000000 x29=0x81c91270 x30=0x00000000 x31=0x800002dc
step=0196 retired_pc=0x80000318 debug_pc=0x8000031c inst=0x00b7e263 asm="bltu x15,x11,4" lsu_addr=0x00000000 lsu_addr16=0x0000 lsu_data=0x00000000 lsu_wen=0x0 lsu_ren=0x0 lsu_width=0
x00=0x00000000 x01=0x80000000 x02=0x00000000 x03=0x80000123 x04=0x00000000 x05=0x00000000 x06=0x80000020 x07=0xfffffe34 x08=0xfc8da28c x09=0x00038e80 x10=0x00000001 x11=0x800001f8 x12=0xfffffdf6 x13=0x00000103 x14=0xfffffb94 x15=0x80000278 x16=0x03725ca4 x17=0x800002dc x18=0xa0ea7000 x19=0x00000000 x20=0x00000000 x21=0x81c91270 x22=0x80000204 x23=0x7ffffa62 x24=0x00000000 x25=0x00000000 x26=0x00000000 x27=0x00000000 x28=0x00000000 x29=0x81c91270 x30=0x00000000 x31=0x800002dc
step=0197 retired_pc=0x8000031c debug_pc=0x8000031c inst=0x00000fef asm="jal x31,0" lsu_addr=0x00000000 lsu_addr16=0x0000 lsu_data=0x00000000 lsu_wen=0x0 lsu_ren=0x0 lsu_width=0
x00=0x00000000 x01=0x80000000 x02=0x00000000 x03=0x80000123 x04=0x00000000 x05=0x00000000 x06=0x80000020 x07=0xfffffe34 x08=0xfc8da28c x09=0x00038e80 x10=0x00000001 x11=0x800001f8 x12=0xfffffdf6 x13=0x00000103 x14=0xfffffb94 x15=0x80000278 x16=0x03725ca4 x17=0x800002dc x18=0xa0ea7000 x19=0x00000000 x20=0x00000000 x21=0x81c91270 x22=0x80000204 x23=0x7ffffa62 x24=0x00000000 x25=0x00000000 x26=0x00000000 x27=0x00000000 x28=0x00000000 x29=0x81c91270 x30=0x00000000 x31=0x80000320
step=0198 retired_pc=0x8000031c debug_pc=0x8000031c inst=0x00000fef asm="jal x31,0" lsu_addr=0x00000000 lsu_addr16=0x0000 lsu_data=0x00000000 lsu_wen=0x0 lsu_ren=0x0 lsu_width=0
x00=0x00000000 x01=0x80000000 x02=0x00000000 x03=0x80000123 x04=0x00000000 x05=0x00000000 x06=0x80000020 x07=0xfffffe34 x08=0xfc8da28c x09=0x00038e80 x10=0x00000001 x11=0x800001f8 x12=0xfffffdf6 x13=0x00000103 x14=0xfffffb94 x15=0x80000278 x16=0x03725ca4 x17=0x800002dc x18=0xa0ea7000 x19=0x00000000 x20=0x00000000 x21=0x81c91270 x22=0x80000204 x23=0x7ffffa62 x24=0x00000000 x25=0x00000000 x26=0x00000000 x27=0x00000000 x28=0x00000000 x29=0x81c91270 x30=0x00000000 x31=0x80000320
step=0199 retired_pc=0x8000031c debug_pc=0x8000031c inst=0x00000fef asm="jal x31,0" lsu_addr=0x00000000 lsu_addr16=0x0000 lsu_data=0x00000000 lsu_wen=0x0 lsu_ren=0x0 lsu_width=0
x00=0x00000000 x01=0x80000000 x02=0x00000000 x03=0x80000123 x04=0x00000000 x05=0x00000000 x06=0x80000020 x07=0xfffffe34 x08=0xfc8da28c x09=0x00038e80 x10=0x00000001 x11=0x800001f8 x12=0xfffffdf6 x13=0x00000103 x14=0xfffffb94 x15=0x80000278 x16=0x03725ca4 x17=0x800002dc x18=0xa0ea7000 x19=0x00000000 x20=0x00000000 x21=0x81c91270 x22=0x80000204 x23=0x7ffffa62 x24=0x00000000 x25=0x00000000 x26=0x00000000 x27=0x00000000 x28=0x00000000 x29=0x81c91270 x30=0x00000000 x31=0x80000320
step=0200 retired_pc=0x8000031c debug_pc=0x8000031c inst=0x00000fef asm="jal x31,0" lsu_addr=0x00000000 lsu_addr16=0x0000 lsu_data=0x00000000 lsu_wen=0x0 lsu_ren=0x0 lsu_width=0
x00=0x00000000 x01=0x80000000 x02=0x00000000 x03=0x80000123 x04=0x00000000 x05=0x00000000 x06=0x80000020 x07=0xfffffe34 x08=0xfc8da28c x09=0x00038e80 x10=0x00000001 x11=0x800001f8 x12=0xfffffdf6 x13=0x00000103 x14=0xfffffb94 x15=0x80000278 x16=0x03725ca4 x17=0x800002dc x18=0xa0ea7000 x19=0x00000000 x20=0x00000000 x21=0x81c91270 x22=0x80000204 x23=0x7ffffa62 x24=0x00000000 x25=0x00000000 x26=0x00000000 x27=0x00000000 x28=0x00000000 x29=0x81c91270 x30=0x00000000 x31=0x80000320
