step=0001 retired_pc=0x80000000 debug_pc=0x80000004 inst=0x800000b7 asm="lui x1,0x80000"
x00=0x00000000 x01=0x80000000 x02=0x00000000 x03=0x00000000 x04=0x00000000 x05=0x00000000 x06=0x00000000 x07=0x00000000 x08=0x00000000 x09=0x00000000 x10=0x00000000 x11=0x00000000 x12=0x00000000 x13=0x00000000 x14=0x00000000 x15=0x00000000 x16=0x00000000 x17=0x00000000 x18=0x00000000 x19=0x00000000 x20=0x00000000 x21=0x00000000 x22=0x00000000 x23=0x00000000 x24=0x00000000 x25=0x00000000 x26=0x00000000 x27=0x00000000 x28=0x00000000 x29=0x00000000 x30=0x00000000 x31=0x00000000
step=0002 retired_pc=0x80000004 debug_pc=0x80000008 inst=0x80010137 asm="lui x2,0x80010"
x00=0x00000000 x01=0x80000000 x02=0x80010000 x03=0x00000000 x04=0x00000000 x05=0x00000000 x06=0x00000000 x07=0x00000000 x08=0x00000000 x09=0x00000000 x10=0x00000000 x11=0x00000000 x12=0x00000000 x13=0x00000000 x14=0x00000000 x15=0x00000000 x16=0x00000000 x17=0x00000000 x18=0x00000000 x19=0x00000000 x20=0x00000000 x21=0x00000000 x22=0x00000000 x23=0x00000000 x24=0x00000000 x25=0x00000000 x26=0x00000000 x27=0x00000000 x28=0x00000000 x29=0x00000000 x30=0x00000000 x31=0x00000000
step=0003 retired_pc=0x80000008 debug_pc=0x8000000c inst=0x00000593 asm="addi x11,x0,0"
x00=0x00000000 x01=0x80000000 x02=0x80010000 x03=0x00000000 x04=0x00000000 x05=0x00000000 x06=0x00000000 x07=0x00000000 x08=0x00000000 x09=0x00000000 x10=0x00000000 x11=0x00000000 x12=0x00000000 x13=0x00000000 x14=0x00000000 x15=0x00000000 x16=0x00000000 x17=0x00000000 x18=0x00000000 x19=0x00000000 x20=0x00000000 x21=0x00000000 x22=0x00000000 x23=0x00000000 x24=0x00000000 x25=0x00000000 x26=0x00000000 x27=0x00000000 x28=0x00000000 x29=0x00000000 x30=0x00000000 x31=0x00000000
step=0004 retired_pc=0x8000000c debug_pc=0x80000010 inst=0x00b12823 asm="sw x11,16(x2)"
x00=0x00000000 x01=0x80000000 x02=0x80010000 x03=0x00000000 x04=0x00000000 x05=0x00000000 x06=0x00000000 x07=0x00000000 x08=0x00000000 x09=0x00000000 x10=0x00000000 x11=0x00000000 x12=0x00000000 x13=0x00000000 x14=0x00000000 x15=0x00000000 x16=0x00000000 x17=0x00000000 x18=0x00000000 x19=0x00000000 x20=0x00000000 x21=0x00000000 x22=0x00000000 x23=0x00000000 x24=0x00000000 x25=0x00000000 x26=0x00000000 x27=0x00000000 x28=0x00000000 x29=0x00000000 x30=0x00000000 x31=0x00000000
step=0005 retired_pc=0x80000010 debug_pc=0x80000014 inst=0xfff00593 asm="addi x11,x0,-1"
x00=0x00000000 x01=0x80000000 x02=0x80010000 x03=0x00000000 x04=0x00000000 x05=0x00000000 x06=0x00000000 x07=0x00000000 x08=0x00000000 x09=0x00000000 x10=0x00000000 x11=0xffffffff x12=0x00000000 x13=0x00000000 x14=0x00000000 x15=0x00000000 x16=0x00000000 x17=0x00000000 x18=0x00000000 x19=0x00000000 x20=0x00000000 x21=0x00000000 x22=0x00000000 x23=0x00000000 x24=0x00000000 x25=0x00000000 x26=0x00000000 x27=0x00000000 x28=0x00000000 x29=0x00000000 x30=0x00000000 x31=0x00000000
step=0006 retired_pc=0x80000014 debug_pc=0x80000018 inst=0x00b10823 asm="sb x11,16(x2)"
x00=0x00000000 x01=0x80000000 x02=0x80010000 x03=0x00000000 x04=0x00000000 x05=0x00000000 x06=0x00000000 x07=0x00000000 x08=0x00000000 x09=0x00000000 x10=0x00000000 x11=0xffffffff x12=0x00000000 x13=0x00000000 x14=0x00000000 x15=0x00000000 x16=0x00000000 x17=0x00000000 x18=0x00000000 x19=0x00000000 x20=0x00000000 x21=0x00000000 x22=0x00000000 x23=0x00000000 x24=0x00000000 x25=0x00000000 x26=0x00000000 x27=0x00000000 x28=0x00000000 x29=0x00000000 x30=0x00000000 x31=0x00000000
step=0007 retired_pc=0x80000018 debug_pc=0x8000001c inst=0x01114603 asm="lbu x12,17(x2)"
x00=0x00000000 x01=0x80000000 x02=0x80010000 x03=0x00000000 x04=0x00000000 x05=0x00000000 x06=0x00000000 x07=0x00000000 x08=0x00000000 x09=0x00000000 x10=0x00000000 x11=0xffffffff x12=0x00000000 x13=0x00000000 x14=0x00000000 x15=0x00000000 x16=0x00000000 x17=0x00000000 x18=0x00000000 x19=0x00000000 x20=0x00000000 x21=0x00000000 x22=0x00000000 x23=0x00000000 x24=0x00000000 x25=0x00000000 x26=0x00000000 x27=0x00000000 x28=0x00000000 x29=0x00000000 x30=0x00000000 x31=0x00000000
step=0008 retired_pc=0x8000001c debug_pc=0x80000020 inst=0x00b12a23 asm="sw x11,20(x2)"
x00=0x00000000 x01=0x80000000 x02=0x80010000 x03=0x00000000 x04=0x00000000 x05=0x00000000 x06=0x00000000 x07=0x00000000 x08=0x00000000 x09=0x00000000 x10=0x00000000 x11=0xffffffff x12=0x00000000 x13=0x00000000 x14=0x00000000 x15=0x00000000 x16=0x00000000 x17=0x00000000 x18=0x00000000 x19=0x00000000 x20=0x00000000 x21=0x00000000 x22=0x00000000 x23=0x00000000 x24=0x00000000 x25=0x00000000 x26=0x00000000 x27=0x00000000 x28=0x00000000 x29=0x00000000 x30=0x00000000 x31=0x00000000
step=0009 retired_pc=0x80000020 debug_pc=0x80000024 inst=0x01412683 asm="lw x13,20(x2)"
x00=0x00000000 x01=0x80000000 x02=0x80010000 x03=0x00000000 x04=0x00000000 x05=0x00000000 x06=0x00000000 x07=0x00000000 x08=0x00000000 x09=0x00000000 x10=0x00000000 x11=0xffffffff x12=0x00000000 x13=0xffffffff x14=0x00000000 x15=0x00000000 x16=0x00000000 x17=0x00000000 x18=0x00000000 x19=0x00000000 x20=0x00000000 x21=0x00000000 x22=0x00000000 x23=0x00000000 x24=0x00000000 x25=0x00000000 x26=0x00000000 x27=0x00000000 x28=0x00000000 x29=0x00000000 x30=0x00000000 x31=0x00000000
step=0010 retired_pc=0x80000024 debug_pc=0x80000028 inst=0x07f00293 asm="addi x5,x0,127"
x00=0x00000000 x01=0x80000000 x02=0x80010000 x03=0x00000000 x04=0x00000000 x05=0x0000007f x06=0x00000000 x07=0x00000000 x08=0x00000000 x09=0x00000000 x10=0x00000000 x11=0xffffffff x12=0x00000000 x13=0xffffffff x14=0x00000000 x15=0x00000000 x16=0x00000000 x17=0x00000000 x18=0x00000000 x19=0x00000000 x20=0x00000000 x21=0x00000000 x22=0x00000000 x23=0x00000000 x24=0x00000000 x25=0x00000000 x26=0x00000000 x27=0x00000000 x28=0x00000000 x29=0x00000000 x30=0x00000000 x31=0x00000000
step=0011 retired_pc=0x80000028 debug_pc=0x8000002c inst=0x00510023 asm="sb x5,0(x2)"
x00=0x00000000 x01=0x80000000 x02=0x80010000 x03=0x00000000 x04=0x00000000 x05=0x0000007f x06=0x00000000 x07=0x00000000 x08=0x00000000 x09=0x00000000 x10=0x00000000 x11=0xffffffff x12=0x00000000 x13=0xffffffff x14=0x00000000 x15=0x00000000 x16=0x00000000 x17=0x00000000 x18=0x00000000 x19=0x00000000 x20=0x00000000 x21=0x00000000 x22=0x00000000 x23=0x00000000 x24=0x00000000 x25=0x00000000 x26=0x00000000 x27=0x00000000 x28=0x00000000 x29=0x00000000 x30=0x00000000 x31=0x00000000
step=0012 retired_pc=0x8000002c debug_pc=0x80000030 inst=0x00010303 asm="lb x6,0(x2)"
x00=0x00000000 x01=0x80000000 x02=0x80010000 x03=0x00000000 x04=0x00000000 x05=0x0000007f x06=0x0000007f x07=0x00000000 x08=0x00000000 x09=0x00000000 x10=0x00000000 x11=0xffffffff x12=0x00000000 x13=0xffffffff x14=0x00000000 x15=0x00000000 x16=0x00000000 x17=0x00000000 x18=0x00000000 x19=0x00000000 x20=0x00000000 x21=0x00000000 x22=0x00000000 x23=0x00000000 x24=0x00000000 x25=0x00000000 x26=0x00000000 x27=0x00000000 x28=0x00000000 x29=0x00000000 x30=0x00000000 x31=0x00000000
step=0013 retired_pc=0x80000030 debug_pc=0x80000034 inst=0xf8000293 asm="addi x5,x0,-128"
x00=0x00000000 x01=0x80000000 x02=0x80010000 x03=0x00000000 x04=0x00000000 x05=0xffffff80 x06=0x0000007f x07=0x00000000 x08=0x00000000 x09=0x00000000 x10=0x00000000 x11=0xffffffff x12=0x00000000 x13=0xffffffff x14=0x00000000 x15=0x00000000 x16=0x00000000 x17=0x00000000 x18=0x00000000 x19=0x00000000 x20=0x00000000 x21=0x00000000 x22=0x00000000 x23=0x00000000 x24=0x00000000 x25=0x00000000 x26=0x00000000 x27=0x00000000 x28=0x00000000 x29=0x00000000 x30=0x00000000 x31=0x00000000
step=0014 retired_pc=0x80000034 debug_pc=0x80000038 inst=0x005100a3 asm="sb x5,1(x2)"
x00=0x00000000 x01=0x80000000 x02=0x80010000 x03=0x00000000 x04=0x00000000 x05=0xffffff80 x06=0x0000007f x07=0x00000000 x08=0x00000000 x09=0x00000000 x10=0x00000000 x11=0xffffffff x12=0x00000000 x13=0xffffffff x14=0x00000000 x15=0x00000000 x16=0x00000000 x17=0x00000000 x18=0x00000000 x19=0x00000000 x20=0x00000000 x21=0x00000000 x22=0x00000000 x23=0x00000000 x24=0x00000000 x25=0x00000000 x26=0x00000000 x27=0x00000000 x28=0x00000000 x29=0x00000000 x30=0x00000000 x31=0x00000000
step=0015 retired_pc=0x80000038 debug_pc=0x8000003c inst=0x00110383 asm="lb x7,1(x2)"
x00=0x00000000 x01=0x80000000 x02=0x80010000 x03=0x00000000 x04=0x00000000 x05=0xffffff80 x06=0x0000007f x07=0xffffff80 x08=0x00000000 x09=0x00000000 x10=0x00000000 x11=0xffffffff x12=0x00000000 x13=0xffffffff x14=0x00000000 x15=0x00000000 x16=0x00000000 x17=0x00000000 x18=0x00000000 x19=0x00000000 x20=0x00000000 x21=0x00000000 x22=0x00000000 x23=0x00000000 x24=0x00000000 x25=0x00000000 x26=0x00000000 x27=0x00000000 x28=0x00000000 x29=0x00000000 x30=0x00000000 x31=0x00000000
step=0016 retired_pc=0x8000003c debug_pc=0x80000040 inst=0xfff00293 asm="addi x5,x0,-1"
x00=0x00000000 x01=0x80000000 x02=0x80010000 x03=0x00000000 x04=0x00000000 x05=0xffffffff x06=0x0000007f x07=0xffffff80 x08=0x00000000 x09=0x00000000 x10=0x00000000 x11=0xffffffff x12=0x00000000 x13=0xffffffff x14=0x00000000 x15=0x00000000 x16=0x00000000 x17=0x00000000 x18=0x00000000 x19=0x00000000 x20=0x00000000 x21=0x00000000 x22=0x00000000 x23=0x00000000 x24=0x00000000 x25=0x00000000 x26=0x00000000 x27=0x00000000 x28=0x00000000 x29=0x00000000 x30=0x00000000 x31=0x00000000
step=0017 retired_pc=0x80000040 debug_pc=0x80000044 inst=0x00510123 asm="sb x5,2(x2)"
x00=0x00000000 x01=0x80000000 x02=0x80010000 x03=0x00000000 x04=0x00000000 x05=0xffffffff x06=0x0000007f x07=0xffffff80 x08=0x00000000 x09=0x00000000 x10=0x00000000 x11=0xffffffff x12=0x00000000 x13=0xffffffff x14=0x00000000 x15=0x00000000 x16=0x00000000 x17=0x00000000 x18=0x00000000 x19=0x00000000 x20=0x00000000 x21=0x00000000 x22=0x00000000 x23=0x00000000 x24=0x00000000 x25=0x00000000 x26=0x00000000 x27=0x00000000 x28=0x00000000 x29=0x00000000 x30=0x00000000 x31=0x00000000
step=0018 retired_pc=0x80000044 debug_pc=0x80000048 inst=0x00210403 asm="lb x8,2(x2)"
x00=0x00000000 x01=0x80000000 x02=0x80010000 x03=0x00000000 x04=0x00000000 x05=0xffffffff x06=0x0000007f x07=0xffffff80 x08=0xffffffff x09=0x00000000 x10=0x00000000 x11=0xffffffff x12=0x00000000 x13=0xffffffff x14=0x00000000 x15=0x00000000 x16=0x00000000 x17=0x00000000 x18=0x00000000 x19=0x00000000 x20=0x00000000 x21=0x00000000 x22=0x00000000 x23=0x00000000 x24=0x00000000 x25=0x00000000 x26=0x00000000 x27=0x00000000 x28=0x00000000 x29=0x00000000 x30=0x00000000 x31=0x00000000
step=0019 retired_pc=0x80000048 debug_pc=0x8000004c inst=0x00100293 asm="addi x5,x0,1"
x00=0x00000000 x01=0x80000000 x02=0x80010000 x03=0x00000000 x04=0x00000000 x05=0x00000001 x06=0x0000007f x07=0xffffff80 x08=0xffffffff x09=0x00000000 x10=0x00000000 x11=0xffffffff x12=0x00000000 x13=0xffffffff x14=0x00000000 x15=0x00000000 x16=0x00000000 x17=0x00000000 x18=0x00000000 x19=0x00000000 x20=0x00000000 x21=0x00000000 x22=0x00000000 x23=0x00000000 x24=0x00000000 x25=0x00000000 x26=0x00000000 x27=0x00000000 x28=0x00000000 x29=0x00000000 x30=0x00000000 x31=0x00000000
step=0020 retired_pc=0x8000004c debug_pc=0x80000050 inst=0x005101a3 asm="sb x5,3(x2)"
x00=0x00000000 x01=0x80000000 x02=0x80010000 x03=0x00000000 x04=0x00000000 x05=0x00000001 x06=0x0000007f x07=0xffffff80 x08=0xffffffff x09=0x00000000 x10=0x00000000 x11=0xffffffff x12=0x00000000 x13=0xffffffff x14=0x00000000 x15=0x00000000 x16=0x00000000 x17=0x00000000 x18=0x00000000 x19=0x00000000 x20=0x00000000 x21=0x00000000 x22=0x00000000 x23=0x00000000 x24=0x00000000 x25=0x00000000 x26=0x00000000 x27=0x00000000 x28=0x00000000 x29=0x00000000 x30=0x00000000 x31=0x00000000
step=0021 retired_pc=0x80000050 debug_pc=0x80000054 inst=0x00310483 asm="lb x9,3(x2)"
x00=0x00000000 x01=0x80000000 x02=0x80010000 x03=0x00000000 x04=0x00000000 x05=0x00000001 x06=0x0000007f x07=0xffffff80 x08=0xffffffff x09=0x00000001 x10=0x00000000 x11=0xffffffff x12=0x00000000 x13=0xffffffff x14=0x00000000 x15=0x00000000 x16=0x00000000 x17=0x00000000 x18=0x00000000 x19=0x00000000 x20=0x00000000 x21=0x00000000 x22=0x00000000 x23=0x00000000 x24=0x00000000 x25=0x00000000 x26=0x00000000 x27=0x00000000 x28=0x00000000 x29=0x00000000 x30=0x00000000 x31=0x00000000
step=0022 retired_pc=0x80000054 debug_pc=0x80000058 inst=0x00012503 asm="lw x10,0(x2)"
x00=0x00000000 x01=0x80000000 x02=0x80010000 x03=0x00000000 x04=0x00000000 x05=0x00000001 x06=0x0000007f x07=0xffffff80 x08=0xffffffff x09=0x00000001 x10=0x01ff807f x11=0xffffffff x12=0x00000000 x13=0xffffffff x14=0x00000000 x15=0x00000000 x16=0x00000000 x17=0x00000000 x18=0x00000000 x19=0x00000000 x20=0x00000000 x21=0x00000000 x22=0x00000000 x23=0x00000000 x24=0x00000000 x25=0x00000000 x26=0x00000000 x27=0x00000000 x28=0x00000000 x29=0x00000000 x30=0x00000000 x31=0x00000000
step=0023 retired_pc=0x80000058 debug_pc=0x8000005c inst=0x00100213 asm="addi x4,x0,1"
x00=0x00000000 x01=0x80000000 x02=0x80010000 x03=0x00000000 x04=0x00000001 x05=0x00000001 x06=0x0000007f x07=0xffffff80 x08=0xffffffff x09=0x00000001 x10=0x01ff807f x11=0xffffffff x12=0x00000000 x13=0xffffffff x14=0x00000000 x15=0x00000000 x16=0x00000000 x17=0x00000000 x18=0x00000000 x19=0x00000000 x20=0x00000000 x21=0x00000000 x22=0x00000000 x23=0x00000000 x24=0x00000000 x25=0x00000000 x26=0x00000000 x27=0x00000000 x28=0x00000000 x29=0x00000000 x30=0x00000000 x31=0x00000000
step=0024 retired_pc=0x8000005c debug_pc=0x80000060 inst=0x00100193 asm="addi x3,x0,1"
x00=0x00000000 x01=0x80000000 x02=0x80010000 x03=0x00000001 x04=0x00000001 x05=0x00000001 x06=0x0000007f x07=0xffffff80 x08=0xffffffff x09=0x00000001 x10=0x01ff807f x11=0xffffffff x12=0x00000000 x13=0xffffffff x14=0x00000000 x15=0x00000000 x16=0x00000000 x17=0x00000000 x18=0x00000000 x19=0x00000000 x20=0x00000000 x21=0x00000000 x22=0x00000000 x23=0x00000000 x24=0x00000000 x25=0x00000000 x26=0x00000000 x27=0x00000000 x28=0x00000000 x29=0x00000000 x30=0x00000000 x31=0x00000000
step=0025 retired_pc=0x80000060 debug_pc=0x8000006c inst=0x00320663 asm="beq x4,x3,12"
x00=0x00000000 x01=0x80000000 x02=0x80010000 x03=0x00000001 x04=0x00000001 x05=0x00000001 x06=0x0000007f x07=0xffffff80 x08=0xffffffff x09=0x00000001 x10=0x01ff807f x11=0xffffffff x12=0x00000000 x13=0xffffffff x14=0x00000000 x15=0x00000000 x16=0x00000000 x17=0x00000000 x18=0x00000000 x19=0x00000000 x20=0x00000000 x21=0x00000000 x22=0x00000000 x23=0x00000000 x24=0x00000000 x25=0x00000000 x26=0x00000000 x27=0x00000000 x28=0x00000000 x29=0x00000000 x30=0x00000000 x31=0x00000000
step=0026 retired_pc=0x8000006c debug_pc=0x80000070 inst=0x01600813 asm="addi x16,x0,22"
x00=0x00000000 x01=0x80000000 x02=0x80010000 x03=0x00000001 x04=0x00000001 x05=0x00000001 x06=0x0000007f x07=0xffffff80 x08=0xffffffff x09=0x00000001 x10=0x01ff807f x11=0xffffffff x12=0x00000000 x13=0xffffffff x14=0x00000000 x15=0x00000000 x16=0x00000016 x17=0x00000000 x18=0x00000000 x19=0x00000000 x20=0x00000000 x21=0x00000000 x22=0x00000000 x23=0x00000000 x24=0x00000000 x25=0x00000000 x26=0x00000000 x27=0x00000000 x28=0x00000000 x29=0x00000000 x30=0x00000000 x31=0x00000000
step=0027 retired_pc=0x80000070 debug_pc=0x80000074 inst=0x00200913 asm="addi x18,x0,2"
x00=0x00000000 x01=0x80000000 x02=0x80010000 x03=0x00000001 x04=0x00000001 x05=0x00000001 x06=0x0000007f x07=0xffffff80 x08=0xffffffff x09=0x00000001 x10=0x01ff807f x11=0xffffffff x12=0x00000000 x13=0xffffffff x14=0x00000000 x15=0x00000000 x16=0x00000016 x17=0x00000000 x18=0x00000002 x19=0x00000000 x20=0x00000000 x21=0x00000000 x22=0x00000000 x23=0x00000000 x24=0x00000000 x25=0x00000000 x26=0x00000000 x27=0x00000000 x28=0x00000000 x29=0x00000000 x30=0x00000000 x31=0x00000000
step=0028 retired_pc=0x80000074 debug_pc=0x80000078 inst=0x00000993 asm="addi x19,x0,0"
x00=0x00000000 x01=0x80000000 x02=0x80010000 x03=0x00000001 x04=0x00000001 x05=0x00000001 x06=0x0000007f x07=0xffffff80 x08=0xffffffff x09=0x00000001 x10=0x01ff807f x11=0xffffffff x12=0x00000000 x13=0xffffffff x14=0x00000000 x15=0x00000000 x16=0x00000016 x17=0x00000000 x18=0x00000002 x19=0x00000000 x20=0x00000000 x21=0x00000000 x22=0x00000000 x23=0x00000000 x24=0x00000000 x25=0x00000000 x26=0x00000000 x27=0x00000000 x28=0x00000000 x29=0x00000000 x30=0x00000000 x31=0x00000000
step=0029 retired_pc=0x80000078 debug_pc=0x8000007c inst=0x00198993 asm="addi x19,x19,1"
x00=0x00000000 x01=0x80000000 x02=0x80010000 x03=0x00000001 x04=0x00000001 x05=0x00000001 x06=0x0000007f x07=0xffffff80 x08=0xffffffff x09=0x00000001 x10=0x01ff807f x11=0xffffffff x12=0x00000000 x13=0xffffffff x14=0x00000000 x15=0x00000000 x16=0x00000016 x17=0x00000000 x18=0x00000002 x19=0x00000001 x20=0x00000000 x21=0x00000000 x22=0x00000000 x23=0x00000000 x24=0x00000000 x25=0x00000000 x26=0x00000000 x27=0x00000000 x28=0x00000000 x29=0x00000000 x30=0x00000000 x31=0x00000000
step=0030 retired_pc=0x8000007c debug_pc=0x80000078 inst=0xff29cee3 asm="blt x19,x18,-4"
x00=0x00000000 x01=0x80000000 x02=0x80010000 x03=0x00000001 x04=0x00000001 x05=0x00000001 x06=0x0000007f x07=0xffffff80 x08=0xffffffff x09=0x00000001 x10=0x01ff807f x11=0xffffffff x12=0x00000000 x13=0xffffffff x14=0x00000000 x15=0x00000000 x16=0x00000016 x17=0x00000000 x18=0x00000002 x19=0x00000001 x20=0x00000000 x21=0x00000000 x22=0x00000000 x23=0x00000000 x24=0x00000000 x25=0x00000000 x26=0x00000000 x27=0x00000000 x28=0x00000000 x29=0x00000000 x30=0x00000000 x31=0x00000000
step=0031 retired_pc=0x80000078 debug_pc=0x8000007c inst=0x00198993 asm="addi x19,x19,1"
x00=0x00000000 x01=0x80000000 x02=0x80010000 x03=0x00000001 x04=0x00000001 x05=0x00000001 x06=0x0000007f x07=0xffffff80 x08=0xffffffff x09=0x00000001 x10=0x01ff807f x11=0xffffffff x12=0x00000000 x13=0xffffffff x14=0x00000000 x15=0x00000000 x16=0x00000016 x17=0x00000000 x18=0x00000002 x19=0x00000002 x20=0x00000000 x21=0x00000000 x22=0x00000000 x23=0x00000000 x24=0x00000000 x25=0x00000000 x26=0x00000000 x27=0x00000000 x28=0x00000000 x29=0x00000000 x30=0x00000000 x31=0x00000000
step=0032 retired_pc=0x8000007c debug_pc=0x80000080 inst=0xff29cee3 asm="blt x19,x18,-4"
x00=0x00000000 x01=0x80000000 x02=0x80010000 x03=0x00000001 x04=0x00000001 x05=0x00000001 x06=0x0000007f x07=0xffffff80 x08=0xffffffff x09=0x00000001 x10=0x01ff807f x11=0xffffffff x12=0x00000000 x13=0xffffffff x14=0x00000000 x15=0x00000000 x16=0x00000016 x17=0x00000000 x18=0x00000002 x19=0x00000002 x20=0x00000000 x21=0x00000000 x22=0x00000000 x23=0x00000000 x24=0x00000000 x25=0x00000000 x26=0x00000000 x27=0x00000000 x28=0x00000000 x29=0x00000000 x30=0x00000000 x31=0x00000000
step=0033 retired_pc=0x80000080 debug_pc=0x80000088 inst=0x0080046f asm="jal x8,8"
x00=0x00000000 x01=0x80000000 x02=0x80010000 x03=0x00000001 x04=0x00000001 x05=0x00000001 x06=0x0000007f x07=0xffffff80 x08=0x80000084 x09=0x00000001 x10=0x01ff807f x11=0xffffffff x12=0x00000000 x13=0xffffffff x14=0x00000000 x15=0x00000000 x16=0x00000016 x17=0x00000000 x18=0x00000002 x19=0x00000002 x20=0x00000000 x21=0x00000000 x22=0x00000000 x23=0x00000000 x24=0x00000000 x25=0x00000000 x26=0x00000000 x27=0x00000000 x28=0x00000000 x29=0x00000000 x30=0x00000000 x31=0x00000000
step=0034 retired_pc=0x80000088 debug_pc=0x8000008c inst=0x06600693 asm="addi x13,x0,102"
x00=0x00000000 x01=0x80000000 x02=0x80010000 x03=0x00000001 x04=0x00000001 x05=0x00000001 x06=0x0000007f x07=0xffffff80 x08=0x80000084 x09=0x00000001 x10=0x01ff807f x11=0xffffffff x12=0x00000000 x13=0x00000066 x14=0x00000000 x15=0x00000000 x16=0x00000016 x17=0x00000000 x18=0x00000002 x19=0x00000002 x20=0x00000000 x21=0x00000000 x22=0x00000000 x23=0x00000000 x24=0x00000000 x25=0x00000000 x26=0x00000000 x27=0x00000000 x28=0x00000000 x29=0x00000000 x30=0x00000000 x31=0x00000000
step=0035 retired_pc=0x8000008c debug_pc=0x80000098 inst=0x09808567 asm="jalr x10,152(x1)"
x00=0x00000000 x01=0x80000000 x02=0x80010000 x03=0x00000001 x04=0x00000001 x05=0x00000001 x06=0x0000007f x07=0xffffff80 x08=0x80000084 x09=0x00000001 x10=0x80000090 x11=0xffffffff x12=0x00000000 x13=0x00000066 x14=0x00000000 x15=0x00000000 x16=0x00000016 x17=0x00000000 x18=0x00000002 x19=0x00000002 x20=0x00000000 x21=0x00000000 x22=0x00000000 x23=0x00000000 x24=0x00000000 x25=0x00000000 x26=0x00000000 x27=0x00000000 x28=0x00000000 x29=0x00000000 x30=0x00000000 x31=0x00000000
step=0036 retired_pc=0x80000098 debug_pc=0x8000009c inst=0x02000a13 asm="addi x20,x0,32"
x00=0x00000000 x01=0x80000000 x02=0x80010000 x03=0x00000001 x04=0x00000001 x05=0x00000001 x06=0x0000007f x07=0xffffff80 x08=0x80000084 x09=0x00000001 x10=0x80000090 x11=0xffffffff x12=0x00000000 x13=0x00000066 x14=0x00000000 x15=0x00000000 x16=0x00000016 x17=0x00000000 x18=0x00000002 x19=0x00000002 x20=0x00000020 x21=0x00000000 x22=0x00000000 x23=0x00000000 x24=0x00000000 x25=0x00000000 x26=0x00000000 x27=0x00000000 x28=0x00000000 x29=0x00000000 x30=0x00000000 x31=0x00000000
step=0037 retired_pc=0x8000009c debug_pc=0x800000a0 inst=0x00400d6f asm="jal x26,4"
x00=0x00000000 x01=0x80000000 x02=0x80010000 x03=0x00000001 x04=0x00000001 x05=0x00000001 x06=0x0000007f x07=0xffffff80 x08=0x80000084 x09=0x00000001 x10=0x80000090 x11=0xffffffff x12=0x00000000 x13=0x00000066 x14=0x00000000 x15=0x00000000 x16=0x00000016 x17=0x00000000 x18=0x00000002 x19=0x00000002 x20=0x00000020 x21=0x00000000 x22=0x00000000 x23=0x00000000 x24=0x00000000 x25=0x00000000 x26=0x800000a0 x27=0x00000000 x28=0x00000000 x29=0x00000000 x30=0x00000000 x31=0x00000000
step=0038 retired_pc=0x800000a0 debug_pc=0x800000a4 inst=0x17437e93 asm="andi x29,x6,372"
x00=0x00000000 x01=0x80000000 x02=0x80010000 x03=0x00000001 x04=0x00000001 x05=0x00000001 x06=0x0000007f x07=0xffffff80 x08=0x80000084 x09=0x00000001 x10=0x80000090 x11=0xffffffff x12=0x00000000 x13=0x00000066 x14=0x00000000 x15=0x00000000 x16=0x00000016 x17=0x00000000 x18=0x00000002 x19=0x00000002 x20=0x00000020 x21=0x00000000 x22=0x00000000 x23=0x00000000 x24=0x00000000 x25=0x00000000 x26=0x800000a0 x27=0x00000000 x28=0x00000000 x29=0x00000074 x30=0x00000000 x31=0x00000000
step=0039 retired_pc=0x800000a4 debug_pc=0x800000a8 inst=0xf3cce913 asm="ori x18,x25,-196"
x00=0x00000000 x01=0x80000000 x02=0x80010000 x03=0x00000001 x04=0x00000001 x05=0x00000001 x06=0x0000007f x07=0xffffff80 x08=0x80000084 x09=0x00000001 x10=0x80000090 x11=0xffffffff x12=0x00000000 x13=0x00000066 x14=0x00000000 x15=0x00000000 x16=0x00000016 x17=0x00000000 x18=0xffffff3c x19=0x00000002 x20=0x00000020 x21=0x00000000 x22=0x00000000 x23=0x00000000 x24=0x00000000 x25=0x00000000 x26=0x800000a0 x27=0x00000000 x28=0x00000000 x29=0x00000074 x30=0x00000000 x31=0x00000000
step=0040 retired_pc=0x800000a8 debug_pc=0x800000ac inst=0x00e949b3 asm="xor x19,x18,x14"
x00=0x00000000 x01=0x80000000 x02=0x80010000 x03=0x00000001 x04=0x00000001 x05=0x00000001 x06=0x0000007f x07=0xffffff80 x08=0x80000084 x09=0x00000001 x10=0x80000090 x11=0xffffffff x12=0x00000000 x13=0x00000066 x14=0x00000000 x15=0x00000000 x16=0x00000016 x17=0x00000000 x18=0xffffff3c x19=0xffffff3c x20=0x00000020 x21=0x00000000 x22=0x00000000 x23=0x00000000 x24=0x00000000 x25=0x00000000 x26=0x800000a0 x27=0x00000000 x28=0x00000000 x29=0x00000074 x30=0x00000000 x31=0x00000000
step=0041 retired_pc=0x800000ac debug_pc=0x800000b0 inst=0x00da7263 asm="bgeu x20,x13,4"
x00=0x00000000 x01=0x80000000 x02=0x80010000 x03=0x00000001 x04=0x00000001 x05=0x00000001 x06=0x0000007f x07=0xffffff80 x08=0x80000084 x09=0x00000001 x10=0x80000090 x11=0xffffffff x12=0x00000000 x13=0x00000066 x14=0x00000000 x15=0x00000000 x16=0x00000016 x17=0x00000000 x18=0xffffff3c x19=0xffffff3c x20=0x00000020 x21=0x00000000 x22=0x00000000 x23=0x00000000 x24=0x00000000 x25=0x00000000 x26=0x800000a0 x27=0x00000000 x28=0x00000000 x29=0x00000074 x30=0x00000000 x31=0x00000000
step=0042 retired_pc=0x800000b0 debug_pc=0x800000b4 inst=0x01a6ff33 asm="and x30,x13,x26"
x00=0x00000000 x01=0x80000000 x02=0x80010000 x03=0x00000001 x04=0x00000001 x05=0x00000001 x06=0x0000007f x07=0xffffff80 x08=0x80000084 x09=0x00000001 x10=0x80000090 x11=0xffffffff x12=0x00000000 x13=0x00000066 x14=0x00000000 x15=0x00000000 x16=0x00000016 x17=0x00000000 x18=0xffffff3c x19=0xffffff3c x20=0x00000020 x21=0x00000000 x22=0x00000000 x23=0x00000000 x24=0x00000000 x25=0x00000000 x26=0x800000a0 x27=0x00000000 x28=0x00000000 x29=0x00000074 x30=0x00000020 x31=0x00000000
step=0043 retired_pc=0x800000b4 debug_pc=0x800000b8 inst=0x2c310023 asm="sb x3,704(x2)"
x00=0x00000000 x01=0x80000000 x02=0x80010000 x03=0x00000001 x04=0x00000001 x05=0x00000001 x06=0x0000007f x07=0xffffff80 x08=0x80000084 x09=0x00000001 x10=0x80000090 x11=0xffffffff x12=0x00000000 x13=0x00000066 x14=0x00000000 x15=0x00000000 x16=0x00000016 x17=0x00000000 x18=0xffffff3c x19=0xffffff3c x20=0x00000020 x21=0x00000000 x22=0x00000000 x23=0x00000000 x24=0x00000000 x25=0x00000000 x26=0x800000a0 x27=0x00000000 x28=0x00000000 x29=0x00000074 x30=0x00000020 x31=0x00000000
step=0044 retired_pc=0x800000b8 debug_pc=0x800000bc inst=0xe36dc637 asm="lui x12,0xe36dc"
x00=0x00000000 x01=0x80000000 x02=0x80010000 x03=0x00000001 x04=0x00000001 x05=0x00000001 x06=0x0000007f x07=0xffffff80 x08=0x80000084 x09=0x00000001 x10=0x80000090 x11=0xffffffff x12=0xe36dc000 x13=0x00000066 x14=0x00000000 x15=0x00000000 x16=0x00000016 x17=0x00000000 x18=0xffffff3c x19=0xffffff3c x20=0x00000020 x21=0x00000000 x22=0x00000000 x23=0x00000000 x24=0x00000000 x25=0x00000000 x26=0x800000a0 x27=0x00000000 x28=0x00000000 x29=0x00000074 x30=0x00000020 x31=0x00000000
step=0045 retired_pc=0x800000bc debug_pc=0x800000c0 inst=0x40108e33 asm="sub x28,x1,x1"
x00=0x00000000 x01=0x80000000 x02=0x80010000 x03=0x00000001 x04=0x00000001 x05=0x00000001 x06=0x0000007f x07=0xffffff80 x08=0x80000084 x09=0x00000001 x10=0x80000090 x11=0xffffffff x12=0xe36dc000 x13=0x00000066 x14=0x00000000 x15=0x00000000 x16=0x00000016 x17=0x00000000 x18=0xffffff3c x19=0xffffff3c x20=0x00000020 x21=0x00000000 x22=0x00000000 x23=0x00000000 x24=0x00000000 x25=0x00000000 x26=0x800000a0 x27=0x00000000 x28=0x00000000 x29=0x00000074 x30=0x00000020 x31=0x00000000
step=0046 retired_pc=0x800000c0 debug_pc=0x800000c4 inst=0x002cd1b3 asm="srl x3,x25,x2"
x00=0x00000000 x01=0x80000000 x02=0x80010000 x03=0x00000000 x04=0x00000001 x05=0x00000001 x06=0x0000007f x07=0xffffff80 x08=0x80000084 x09=0x00000001 x10=0x80000090 x11=0xffffffff x12=0xe36dc000 x13=0x00000066 x14=0x00000000 x15=0x00000000 x16=0x00000016 x17=0x00000000 x18=0xffffff3c x19=0xffffff3c x20=0x00000020 x21=0x00000000 x22=0x00000000 x23=0x00000000 x24=0x00000000 x25=0x00000000 x26=0x800000a0 x27=0x00000000 x28=0x00000000 x29=0x00000074 x30=0x00000020 x31=0x00000000
step=0047 retired_pc=0x800000c4 debug_pc=0x800000c8 inst=0x00d84263 asm="blt x16,x13,4"
x00=0x00000000 x01=0x80000000 x02=0x80010000 x03=0x00000000 x04=0x00000001 x05=0x00000001 x06=0x0000007f x07=0xffffff80 x08=0x80000084 x09=0x00000001 x10=0x80000090 x11=0xffffffff x12=0xe36dc000 x13=0x00000066 x14=0x00000000 x15=0x00000000 x16=0x00000016 x17=0x00000000 x18=0xffffff3c x19=0xffffff3c x20=0x00000020 x21=0x00000000 x22=0x00000000 x23=0x00000000 x24=0x00000000 x25=0x00000000 x26=0x800000a0 x27=0x00000000 x28=0x00000000 x29=0x00000074 x30=0x00000020 x31=0x00000000
step=0048 retired_pc=0x800000c8 debug_pc=0x800000cc inst=0x415b5033 asm="sra x0,x22,x21"
x00=0x00000000 x01=0x80000000 x02=0x80010000 x03=0x00000000 x04=0x00000001 x05=0x00000001 x06=0x0000007f x07=0xffffff80 x08=0x80000084 x09=0x00000001 x10=0x80000090 x11=0xffffffff x12=0xe36dc000 x13=0x00000066 x14=0x00000000 x15=0x00000000 x16=0x00000016 x17=0x00000000 x18=0xffffff3c x19=0xffffff3c x20=0x00000020 x21=0x00000000 x22=0x00000000 x23=0x00000000 x24=0x00000000 x25=0x00000000 x26=0x800000a0 x27=0x00000000 x28=0x00000000 x29=0x00000074 x30=0x00000020 x31=0x00000000
step=0049 retired_pc=0x800000cc debug_pc=0x800000d0 inst=0x00f45e93 asm="srli x29,x8,15"
x00=0x00000000 x01=0x80000000 x02=0x80010000 x03=0x00000000 x04=0x00000001 x05=0x00000001 x06=0x0000007f x07=0xffffff80 x08=0x80000084 x09=0x00000001 x10=0x80000090 x11=0xffffffff x12=0xe36dc000 x13=0x00000066 x14=0x00000000 x15=0x00000000 x16=0x00000016 x17=0x00000000 x18=0xffffff3c x19=0xffffff3c x20=0x00000020 x21=0x00000000 x22=0x00000000 x23=0x00000000 x24=0x00000000 x25=0x00000000 x26=0x800000a0 x27=0x00000000 x28=0x00000000 x29=0x00010000 x30=0x00000020 x31=0x00000000
step=0050 retired_pc=0x800000d0 debug_pc=0x800000d4 inst=0x408c5833 asm="sra x16,x24,x8"
x00=0x00000000 x01=0x80000000 x02=0x80010000 x03=0x00000000 x04=0x00000001 x05=0x00000001 x06=0x0000007f x07=0xffffff80 x08=0x80000084 x09=0x00000001 x10=0x80000090 x11=0xffffffff x12=0xe36dc000 x13=0x00000066 x14=0x00000000 x15=0x00000000 x16=0x00000000 x17=0x00000000 x18=0xffffff3c x19=0xffffff3c x20=0x00000020 x21=0x00000000 x22=0x00000000 x23=0x00000000 x24=0x00000000 x25=0x00000000 x26=0x800000a0 x27=0x00000000 x28=0x00000000 x29=0x00010000 x30=0x00000020 x31=0x00000000
step=0051 retired_pc=0x800000d4 debug_pc=0x800000d8 inst=0x962ee693 asm="ori x13,x29,-1694"
x00=0x00000000 x01=0x80000000 x02=0x80010000 x03=0x00000000 x04=0x00000001 x05=0x00000001 x06=0x0000007f x07=0xffffff80 x08=0x80000084 x09=0x00000001 x10=0x80000090 x11=0xffffffff x12=0xe36dc000 x13=0xfffff962 x14=0x00000000 x15=0x00000000 x16=0x00000000 x17=0x00000000 x18=0xffffff3c x19=0xffffff3c x20=0x00000020 x21=0x00000000 x22=0x00000000 x23=0x00000000 x24=0x00000000 x25=0x00000000 x26=0x800000a0 x27=0x00000000 x28=0x00000000 x29=0x00010000 x30=0x00000020 x31=0x00000000
step=0052 retired_pc=0x800000d8 debug_pc=0x800000dc inst=0x0040006f asm="jal x0,4"
x00=0x00000000 x01=0x80000000 x02=0x80010000 x03=0x00000000 x04=0x00000001 x05=0x00000001 x06=0x0000007f x07=0xffffff80 x08=0x80000084 x09=0x00000001 x10=0x80000090 x11=0xffffffff x12=0xe36dc000 x13=0xfffff962 x14=0x00000000 x15=0x00000000 x16=0x00000000 x17=0x00000000 x18=0xffffff3c x19=0xffffff3c x20=0x00000020 x21=0x00000000 x22=0x00000000 x23=0x00000000 x24=0x00000000 x25=0x00000000 x26=0x800000a0 x27=0x00000000 x28=0x00000000 x29=0x00010000 x30=0x00000020 x31=0x00000000
step=0053 retired_pc=0x800000dc debug_pc=0x800000e0 inst=0x01789263 asm="bne x17,x23,4"
x00=0x00000000 x01=0x80000000 x02=0x80010000 x03=0x00000000 x04=0x00000001 x05=0x00000001 x06=0x0000007f x07=0xffffff80 x08=0x80000084 x09=0x00000001 x10=0x80000090 x11=0xffffffff x12=0xe36dc000 x13=0xfffff962 x14=0x00000000 x15=0x00000000 x16=0x00000000 x17=0x00000000 x18=0xffffff3c x19=0xffffff3c x20=0x00000020 x21=0x00000000 x22=0x00000000 x23=0x00000000 x24=0x00000000 x25=0x00000000 x26=0x800000a0 x27=0x00000000 x28=0x00000000 x29=0x00010000 x30=0x00000020 x31=0x00000000
step=0054 retired_pc=0x800000e0 debug_pc=0x800000e4 inst=0x01106333 asm="or x6,x0,x17"
x00=0x00000000 x01=0x80000000 x02=0x80010000 x03=0x00000000 x04=0x00000001 x05=0x00000001 x06=0x00000000 x07=0xffffff80 x08=0x80000084 x09=0x00000001 x10=0x80000090 x11=0xffffffff x12=0xe36dc000 x13=0xfffff962 x14=0x00000000 x15=0x00000000 x16=0x00000000 x17=0x00000000 x18=0xffffff3c x19=0xffffff3c x20=0x00000020 x21=0x00000000 x22=0x00000000 x23=0x00000000 x24=0x00000000 x25=0x00000000 x26=0x800000a0 x27=0x00000000 x28=0x00000000 x29=0x00010000 x30=0x00000020 x31=0x00000000
step=0055 retired_pc=0x800000e4 debug_pc=0x800000e8 inst=0x403dddb3 asm="sra x27,x27,x3"
x00=0x00000000 x01=0x80000000 x02=0x80010000 x03=0x00000000 x04=0x00000001 x05=0x00000001 x06=0x00000000 x07=0xffffff80 x08=0x80000084 x09=0x00000001 x10=0x80000090 x11=0xffffffff x12=0xe36dc000 x13=0xfffff962 x14=0x00000000 x15=0x00000000 x16=0x00000000 x17=0x00000000 x18=0xffffff3c x19=0xffffff3c x20=0x00000020 x21=0x00000000 x22=0x00000000 x23=0x00000000 x24=0x00000000 x25=0x00000000 x26=0x800000a0 x27=0x00000000 x28=0x00000000 x29=0x00010000 x30=0x00000020 x31=0x00000000
step=0056 retired_pc=0x800000e8 debug_pc=0x800000ec inst=0x12010ba3 asm="sb x0,311(x2)"
x00=0x00000000 x01=0x80000000 x02=0x80010000 x03=0x00000000 x04=0x00000001 x05=0x00000001 x06=0x00000000 x07=0xffffff80 x08=0x80000084 x09=0x00000001 x10=0x80000090 x11=0xffffffff x12=0xe36dc000 x13=0xfffff962 x14=0x00000000 x15=0x00000000 x16=0x00000000 x17=0x00000000 x18=0xffffff3c x19=0xffffff3c x20=0x00000020 x21=0x00000000 x22=0x00000000 x23=0x00000000 x24=0x00000000 x25=0x00000000 x26=0x800000a0 x27=0x00000000 x28=0x00000000 x29=0x00010000 x30=0x00000020 x31=0x00000000
step=0057 retired_pc=0x800000ec debug_pc=0x800000f0 inst=0x01469263 asm="bne x13,x20,4"
x00=0x00000000 x01=0x80000000 x02=0x80010000 x03=0x00000000 x04=0x00000001 x05=0x00000001 x06=0x00000000 x07=0xffffff80 x08=0x80000084 x09=0x00000001 x10=0x80000090 x11=0xffffffff x12=0xe36dc000 x13=0xfffff962 x14=0x00000000 x15=0x00000000 x16=0x00000000 x17=0x00000000 x18=0xffffff3c x19=0xffffff3c x20=0x00000020 x21=0x00000000 x22=0x00000000 x23=0x00000000 x24=0x00000000 x25=0x00000000 x26=0x800000a0 x27=0x00000000 x28=0x00000000 x29=0x00010000 x30=0x00000020 x31=0x00000000
step=0058 retired_pc=0x800000f0 debug_pc=0x800000f4 inst=0x0ae3c793 asm="xori x15,x7,174"
x00=0x00000000 x01=0x80000000 x02=0x80010000 x03=0x00000000 x04=0x00000001 x05=0x00000001 x06=0x00000000 x07=0xffffff80 x08=0x80000084 x09=0x00000001 x10=0x80000090 x11=0xffffffff x12=0xe36dc000 x13=0xfffff962 x14=0x00000000 x15=0xffffff2e x16=0x00000000 x17=0x00000000 x18=0xffffff3c x19=0xffffff3c x20=0x00000020 x21=0x00000000 x22=0x00000000 x23=0x00000000 x24=0x00000000 x25=0x00000000 x26=0x800000a0 x27=0x00000000 x28=0x00000000 x29=0x00010000 x30=0x00000020 x31=0x00000000
step=0059 retired_pc=0x800000f4 debug_pc=0x800000f8 inst=0x48178a13 asm="addi x20,x15,1153"
x00=0x00000000 x01=0x80000000 x02=0x80010000 x03=0x00000000 x04=0x00000001 x05=0x00000001 x06=0x00000000 x07=0xffffff80 x08=0x80000084 x09=0x00000001 x10=0x80000090 x11=0xffffffff x12=0xe36dc000 x13=0xfffff962 x14=0x00000000 x15=0xffffff2e x16=0x00000000 x17=0x00000000 x18=0xffffff3c x19=0xffffff3c x20=0x000003af x21=0x00000000 x22=0x00000000 x23=0x00000000 x24=0x00000000 x25=0x00000000 x26=0x800000a0 x27=0x00000000 x28=0x00000000 x29=0x00010000 x30=0x00000020 x31=0x00000000
step=0060 retired_pc=0x800000f8 debug_pc=0x800000fc inst=0x00b6f033 asm="and x0,x13,x11"
x00=0x00000000 x01=0x80000000 x02=0x80010000 x03=0x00000000 x04=0x00000001 x05=0x00000001 x06=0x00000000 x07=0xffffff80 x08=0x80000084 x09=0x00000001 x10=0x80000090 x11=0xffffffff x12=0xe36dc000 x13=0xfffff962 x14=0x00000000 x15=0xffffff2e x16=0x00000000 x17=0x00000000 x18=0xffffff3c x19=0xffffff3c x20=0x000003af x21=0x00000000 x22=0x00000000 x23=0x00000000 x24=0x00000000 x25=0x00000000 x26=0x800000a0 x27=0x00000000 x28=0x00000000 x29=0x00010000 x30=0x00000020 x31=0x00000000
step=0061 retired_pc=0x800000fc debug_pc=0x80000100 inst=0x00954533 asm="xor x10,x10,x9"
x00=0x00000000 x01=0x80000000 x02=0x80010000 x03=0x00000000 x04=0x00000001 x05=0x00000001 x06=0x00000000 x07=0xffffff80 x08=0x80000084 x09=0x00000001 x10=0x80000091 x11=0xffffffff x12=0xe36dc000 x13=0xfffff962 x14=0x00000000 x15=0xffffff2e x16=0x00000000 x17=0x00000000 x18=0xffffff3c x19=0xffffff3c x20=0x000003af x21=0x00000000 x22=0x00000000 x23=0x00000000 x24=0x00000000 x25=0x00000000 x26=0x800000a0 x27=0x00000000 x28=0x00000000 x29=0x00010000 x30=0x00000020 x31=0x00000000
step=0062 retired_pc=0x80000100 debug_pc=0x80000104 inst=0x269103a3 asm="sb x9,615(x2)"
x00=0x00000000 x01=0x80000000 x02=0x80010000 x03=0x00000000 x04=0x00000001 x05=0x00000001 x06=0x00000000 x07=0xffffff80 x08=0x80000084 x09=0x00000001 x10=0x80000091 x11=0xffffffff x12=0xe36dc000 x13=0xfffff962 x14=0x00000000 x15=0xffffff2e x16=0x00000000 x17=0x00000000 x18=0xffffff3c x19=0xffffff3c x20=0x000003af x21=0x00000000 x22=0x00000000 x23=0x00000000 x24=0x00000000 x25=0x00000000 x26=0x800000a0 x27=0x00000000 x28=0x00000000 x29=0x00010000 x30=0x00000020 x31=0x00000000
step=0063 retired_pc=0x80000104 debug_pc=0x80000108 inst=0xcdb63017 asm="auipc x0,0xcdb63"
x00=0x00000000 x01=0x80000000 x02=0x80010000 x03=0x00000000 x04=0x00000001 x05=0x00000001 x06=0x00000000 x07=0xffffff80 x08=0x80000084 x09=0x00000001 x10=0x80000091 x11=0xffffffff x12=0xe36dc000 x13=0xfffff962 x14=0x00000000 x15=0xffffff2e x16=0x00000000 x17=0x00000000 x18=0xffffff3c x19=0xffffff3c x20=0x000003af x21=0x00000000 x22=0x00000000 x23=0x00000000 x24=0x00000000 x25=0x00000000 x26=0x800000a0 x27=0x00000000 x28=0x00000000 x29=0x00010000 x30=0x00000020 x31=0x00000000
step=0064 retired_pc=0x80000108 debug_pc=0x8000010c inst=0x00cdd033 asm="srl x0,x27,x12"
x00=0x00000000 x01=0x80000000 x02=0x80010000 x03=0x00000000 x04=0x00000001 x05=0x00000001 x06=0x00000000 x07=0xffffff80 x08=0x80000084 x09=0x00000001 x10=0x80000091 x11=0xffffffff x12=0xe36dc000 x13=0xfffff962 x14=0x00000000 x15=0xffffff2e x16=0x00000000 x17=0x00000000 x18=0xffffff3c x19=0xffffff3c x20=0x000003af x21=0x00000000 x22=0x00000000 x23=0x00000000 x24=0x00000000 x25=0x00000000 x26=0x800000a0 x27=0x00000000 x28=0x00000000 x29=0x00010000 x30=0x00000020 x31=0x00000000
step=0065 retired_pc=0x8000010c debug_pc=0x80000110 inst=0xfbc25f97 asm="auipc x31,0xfbc25"
x00=0x00000000 x01=0x80000000 x02=0x80010000 x03=0x00000000 x04=0x00000001 x05=0x00000001 x06=0x00000000 x07=0xffffff80 x08=0x80000084 x09=0x00000001 x10=0x80000091 x11=0xffffffff x12=0xe36dc000 x13=0xfffff962 x14=0x00000000 x15=0xffffff2e x16=0x00000000 x17=0x00000000 x18=0xffffff3c x19=0xffffff3c x20=0x000003af x21=0x00000000 x22=0x00000000 x23=0x00000000 x24=0x00000000 x25=0x00000000 x26=0x800000a0 x27=0x00000000 x28=0x00000000 x29=0x00010000 x30=0x00000020 x31=0x7bc2510c
step=0066 retired_pc=0x80000110 debug_pc=0x80000114 inst=0x19412b83 asm="lw x23,404(x2)"
x00=0x00000000 x01=0x80000000 x02=0x80010000 x03=0x00000000 x04=0x00000001 x05=0x00000001 x06=0x00000000 x07=0xffffff80 x08=0x80000084 x09=0x00000001 x10=0x80000091 x11=0xffffffff x12=0xe36dc000 x13=0xfffff962 x14=0x00000000 x15=0xffffff2e x16=0x00000000 x17=0x00000000 x18=0xffffff3c x19=0xffffff3c x20=0x000003af x21=0x00000000 x22=0x00000000 x23=0x00000000 x24=0x00000000 x25=0x00000000 x26=0x800000a0 x27=0x00000000 x28=0x00000000 x29=0x00010000 x30=0x00000020 x31=0x7bc2510c
step=0067 retired_pc=0x80000114 debug_pc=0x80000118 inst=0x01f4af33 asm="slt x30,x9,x31"
x00=0x00000000 x01=0x80000000 x02=0x80010000 x03=0x00000000 x04=0x00000001 x05=0x00000001 x06=0x00000000 x07=0xffffff80 x08=0x80000084 x09=0x00000001 x10=0x80000091 x11=0xffffffff x12=0xe36dc000 x13=0xfffff962 x14=0x00000000 x15=0xffffff2e x16=0x00000000 x17=0x00000000 x18=0xffffff3c x19=0xffffff3c x20=0x000003af x21=0x00000000 x22=0x00000000 x23=0x00000000 x24=0x00000000 x25=0x00000000 x26=0x800000a0 x27=0x00000000 x28=0x00000000 x29=0x00010000 x30=0x00000001 x31=0x7bc2510c
step=0068 retired_pc=0x80000118 debug_pc=0x8000011c inst=0x015afab3 asm="and x21,x21,x21"
x00=0x00000000 x01=0x80000000 x02=0x80010000 x03=0x00000000 x04=0x00000001 x05=0x00000001 x06=0x00000000 x07=0xffffff80 x08=0x80000084 x09=0x00000001 x10=0x80000091 x11=0xffffffff x12=0xe36dc000 x13=0xfffff962 x14=0x00000000 x15=0xffffff2e x16=0x00000000 x17=0x00000000 x18=0xffffff3c x19=0xffffff3c x20=0x000003af x21=0x00000000 x22=0x00000000 x23=0x00000000 x24=0x00000000 x25=0x00000000 x26=0x800000a0 x27=0x00000000 x28=0x00000000 x29=0x00010000 x30=0x00000001 x31=0x7bc2510c
step=0069 retired_pc=0x8000011c debug_pc=0x80000120 inst=0x41860033 asm="sub x0,x12,x24"
x00=0x00000000 x01=0x80000000 x02=0x80010000 x03=0x00000000 x04=0x00000001 x05=0x00000001 x06=0x00000000 x07=0xffffff80 x08=0x80000084 x09=0x00000001 x10=0x80000091 x11=0xffffffff x12=0xe36dc000 x13=0xfffff962 x14=0x00000000 x15=0xffffff2e x16=0x00000000 x17=0x00000000 x18=0xffffff3c x19=0xffffff3c x20=0x000003af x21=0x00000000 x22=0x00000000 x23=0x00000000 x24=0x00000000 x25=0x00000000 x26=0x800000a0 x27=0x00000000 x28=0x00000000 x29=0x00010000 x30=0x00000001 x31=0x7bc2510c
step=0070 retired_pc=0x80000120 debug_pc=0x80000124 inst=0x0071f833 asm="and x16,x3,x7"
x00=0x00000000 x01=0x80000000 x02=0x80010000 x03=0x00000000 x04=0x00000001 x05=0x00000001 x06=0x00000000 x07=0xffffff80 x08=0x80000084 x09=0x00000001 x10=0x80000091 x11=0xffffffff x12=0xe36dc000 x13=0xfffff962 x14=0x00000000 x15=0xffffff2e x16=0x00000000 x17=0x00000000 x18=0xffffff3c x19=0xffffff3c x20=0x000003af x21=0x00000000 x22=0x00000000 x23=0x00000000 x24=0x00000000 x25=0x00000000 x26=0x800000a0 x27=0x00000000 x28=0x00000000 x29=0x00010000 x30=0x00000001 x31=0x7bc2510c
step=0071 retired_pc=0x80000124 debug_pc=0x80000128 inst=0x8d945737 asm="lui x14,0x8d945"
x00=0x00000000 x01=0x80000000 x02=0x80010000 x03=0x00000000 x04=0x00000001 x05=0x00000001 x06=0x00000000 x07=0xffffff80 x08=0x80000084 x09=0x00000001 x10=0x80000091 x11=0xffffffff x12=0xe36dc000 x13=0xfffff962 x14=0x8d945000 x15=0xffffff2e x16=0x00000000 x17=0x00000000 x18=0xffffff3c x19=0xffffff3c x20=0x000003af x21=0x00000000 x22=0x00000000 x23=0x00000000 x24=0x00000000 x25=0x00000000 x26=0x800000a0 x27=0x00000000 x28=0x00000000 x29=0x00010000 x30=0x00000001 x31=0x7bc2510c
step=0072 retired_pc=0x80000128 debug_pc=0x8000012c inst=0x019c0d33 asm="add x26,x24,x25"
x00=0x00000000 x01=0x80000000 x02=0x80010000 x03=0x00000000 x04=0x00000001 x05=0x00000001 x06=0x00000000 x07=0xffffff80 x08=0x80000084 x09=0x00000001 x10=0x80000091 x11=0xffffffff x12=0xe36dc000 x13=0xfffff962 x14=0x8d945000 x15=0xffffff2e x16=0x00000000 x17=0x00000000 x18=0xffffff3c x19=0xffffff3c x20=0x000003af x21=0x00000000 x22=0x00000000 x23=0x00000000 x24=0x00000000 x25=0x00000000 x26=0x00000000 x27=0x00000000 x28=0x00000000 x29=0x00010000 x30=0x00000001 x31=0x7bc2510c
step=0073 retired_pc=0x8000012c debug_pc=0x80000130 inst=0x40545213 asm="srai x4,x8,5"
x00=0x00000000 x01=0x80000000 x02=0x80010000 x03=0x00000000 x04=0xfc000004 x05=0x00000001 x06=0x00000000 x07=0xffffff80 x08=0x80000084 x09=0x00000001 x10=0x80000091 x11=0xffffffff x12=0xe36dc000 x13=0xfffff962 x14=0x8d945000 x15=0xffffff2e x16=0x00000000 x17=0x00000000 x18=0xffffff3c x19=0xffffff3c x20=0x000003af x21=0x00000000 x22=0x00000000 x23=0x00000000 x24=0x00000000 x25=0x00000000 x26=0x00000000 x27=0x00000000 x28=0x00000000 x29=0x00010000 x30=0x00000001 x31=0x7bc2510c
step=0074 retired_pc=0x80000130 debug_pc=0x80000134 inst=0x01519a33 asm="sll x20,x3,x21"
x00=0x00000000 x01=0x80000000 x02=0x80010000 x03=0x00000000 x04=0xfc000004 x05=0x00000001 x06=0x00000000 x07=0xffffff80 x08=0x80000084 x09=0x00000001 x10=0x80000091 x11=0xffffffff x12=0xe36dc000 x13=0xfffff962 x14=0x8d945000 x15=0xffffff2e x16=0x00000000 x17=0x00000000 x18=0xffffff3c x19=0xffffff3c x20=0x00000000 x21=0x00000000 x22=0x00000000 x23=0x00000000 x24=0x00000000 x25=0x00000000 x26=0x00000000 x27=0x00000000 x28=0x00000000 x29=0x00010000 x30=0x00000001 x31=0x7bc2510c
step=0075 retired_pc=0x80000134 debug_pc=0x80000138 inst=0xf5257d93 asm="andi x27,x10,-174"
x00=0x00000000 x01=0x80000000 x02=0x80010000 x03=0x00000000 x04=0xfc000004 x05=0x00000001 x06=0x00000000 x07=0xffffff80 x08=0x80000084 x09=0x00000001 x10=0x80000091 x11=0xffffffff x12=0xe36dc000 x13=0xfffff962 x14=0x8d945000 x15=0xffffff2e x16=0x00000000 x17=0x00000000 x18=0xffffff3c x19=0xffffff3c x20=0x00000000 x21=0x00000000 x22=0x00000000 x23=0x00000000 x24=0x00000000 x25=0x00000000 x26=0x00000000 x27=0x80000010 x28=0x00000000 x29=0x00010000 x30=0x00000001 x31=0x7bc2510c
step=0076 retired_pc=0x80000138 debug_pc=0x8000013c inst=0x0143e263 asm="bltu x7,x20,4"
x00=0x00000000 x01=0x80000000 x02=0x80010000 x03=0x00000000 x04=0xfc000004 x05=0x00000001 x06=0x00000000 x07=0xffffff80 x08=0x80000084 x09=0x00000001 x10=0x80000091 x11=0xffffffff x12=0xe36dc000 x13=0xfffff962 x14=0x8d945000 x15=0xffffff2e x16=0x00000000 x17=0x00000000 x18=0xffffff3c x19=0xffffff3c x20=0x00000000 x21=0x00000000 x22=0x00000000 x23=0x00000000 x24=0x00000000 x25=0x00000000 x26=0x00000000 x27=0x80000010 x28=0x00000000 x29=0x00010000 x30=0x00000001 x31=0x7bc2510c
step=0077 retired_pc=0x8000013c debug_pc=0x80000140 inst=0x6990f613 asm="andi x12,x1,1689"
x00=0x00000000 x01=0x80000000 x02=0x80010000 x03=0x00000000 x04=0xfc000004 x05=0x00000001 x06=0x00000000 x07=0xffffff80 x08=0x80000084 x09=0x00000001 x10=0x80000091 x11=0xffffffff x12=0x00000000 x13=0xfffff962 x14=0x8d945000 x15=0xffffff2e x16=0x00000000 x17=0x00000000 x18=0xffffff3c x19=0xffffff3c x20=0x00000000 x21=0x00000000 x22=0x00000000 x23=0x00000000 x24=0x00000000 x25=0x00000000 x26=0x00000000 x27=0x80000010 x28=0x00000000 x29=0x00010000 x30=0x00000001 x31=0x7bc2510c
step=0078 retired_pc=0x80000140 debug_pc=0x80000144 inst=0x0040096f asm="jal x18,4"
x00=0x00000000 x01=0x80000000 x02=0x80010000 x03=0x00000000 x04=0xfc000004 x05=0x00000001 x06=0x00000000 x07=0xffffff80 x08=0x80000084 x09=0x00000001 x10=0x80000091 x11=0xffffffff x12=0x00000000 x13=0xfffff962 x14=0x8d945000 x15=0xffffff2e x16=0x00000000 x17=0x00000000 x18=0x80000144 x19=0xffffff3c x20=0x00000000 x21=0x00000000 x22=0x00000000 x23=0x00000000 x24=0x00000000 x25=0x00000000 x26=0x00000000 x27=0x80000010 x28=0x00000000 x29=0x00010000 x30=0x00000001 x31=0x7bc2510c
step=0079 retired_pc=0x80000144 debug_pc=0x80000148 inst=0x148085e7 asm="jalr x11,328(x1)"
x00=0x00000000 x01=0x80000000 x02=0x80010000 x03=0x00000000 x04=0xfc000004 x05=0x00000001 x06=0x00000000 x07=0xffffff80 x08=0x80000084 x09=0x00000001 x10=0x80000091 x11=0x80000148 x12=0x00000000 x13=0xfffff962 x14=0x8d945000 x15=0xffffff2e x16=0x00000000 x17=0x00000000 x18=0x80000144 x19=0xffffff3c x20=0x00000000 x21=0x00000000 x22=0x00000000 x23=0x00000000 x24=0x00000000 x25=0x00000000 x26=0x00000000 x27=0x80000010 x28=0x00000000 x29=0x00010000 x30=0x00000001 x31=0x7bc2510c
step=0080 retired_pc=0x80000148 debug_pc=0x8000014c inst=0x00c26263 asm="bltu x4,x12,4"
x00=0x00000000 x01=0x80000000 x02=0x80010000 x03=0x00000000 x04=0xfc000004 x05=0x00000001 x06=0x00000000 x07=0xffffff80 x08=0x80000084 x09=0x00000001 x10=0x80000091 x11=0x80000148 x12=0x00000000 x13=0xfffff962 x14=0x8d945000 x15=0xffffff2e x16=0x00000000 x17=0x00000000 x18=0x80000144 x19=0xffffff3c x20=0x00000000 x21=0x00000000 x22=0x00000000 x23=0x00000000 x24=0x00000000 x25=0x00000000 x26=0x00000000 x27=0x80000010 x28=0x00000000 x29=0x00010000 x30=0x00000001 x31=0x7bc2510c
step=0081 retired_pc=0x8000014c debug_pc=0x80000150 inst=0x004f6263 asm="bltu x30,x4,4"
x00=0x00000000 x01=0x80000000 x02=0x80010000 x03=0x00000000 x04=0xfc000004 x05=0x00000001 x06=0x00000000 x07=0xffffff80 x08=0x80000084 x09=0x00000001 x10=0x80000091 x11=0x80000148 x12=0x00000000 x13=0xfffff962 x14=0x8d945000 x15=0xffffff2e x16=0x00000000 x17=0x00000000 x18=0x80000144 x19=0xffffff3c x20=0x00000000 x21=0x00000000 x22=0x00000000 x23=0x00000000 x24=0x00000000 x25=0x00000000 x26=0x00000000 x27=0x80000010 x28=0x00000000 x29=0x00010000 x30=0x00000001 x31=0x7bc2510c
step=0082 retired_pc=0x80000150 debug_pc=0x80000154 inst=0x0062eeb3 asm="or x29,x5,x6"
x00=0x00000000 x01=0x80000000 x02=0x80010000 x03=0x00000000 x04=0xfc000004 x05=0x00000001 x06=0x00000000 x07=0xffffff80 x08=0x80000084 x09=0x00000001 x10=0x80000091 x11=0x80000148 x12=0x00000000 x13=0xfffff962 x14=0x8d945000 x15=0xffffff2e x16=0x00000000 x17=0x00000000 x18=0x80000144 x19=0xffffff3c x20=0x00000000 x21=0x00000000 x22=0x00000000 x23=0x00000000 x24=0x00000000 x25=0x00000000 x26=0x00000000 x27=0x80000010 x28=0x00000000 x29=0x00000001 x30=0x00000001 x31=0x7bc2510c
step=0083 retired_pc=0x80000154 debug_pc=0x80000158 inst=0x00400f6f asm="jal x30,4"
x00=0x00000000 x01=0x80000000 x02=0x80010000 x03=0x00000000 x04=0xfc000004 x05=0x00000001 x06=0x00000000 x07=0xffffff80 x08=0x80000084 x09=0x00000001 x10=0x80000091 x11=0x80000148 x12=0x00000000 x13=0xfffff962 x14=0x8d945000 x15=0xffffff2e x16=0x00000000 x17=0x00000000 x18=0x80000144 x19=0xffffff3c x20=0x00000000 x21=0x00000000 x22=0x00000000 x23=0x00000000 x24=0x00000000 x25=0x00000000 x26=0x00000000 x27=0x80000010 x28=0x00000000 x29=0x00000001 x30=0x80000158 x31=0x7bc2510c
step=0084 retired_pc=0x80000158 debug_pc=0x8000015c inst=0x016e0b33 asm="add x22,x28,x22"
x00=0x00000000 x01=0x80000000 x02=0x80010000 x03=0x00000000 x04=0xfc000004 x05=0x00000001 x06=0x00000000 x07=0xffffff80 x08=0x80000084 x09=0x00000001 x10=0x80000091 x11=0x80000148 x12=0x00000000 x13=0xfffff962 x14=0x8d945000 x15=0xffffff2e x16=0x00000000 x17=0x00000000 x18=0x80000144 x19=0xffffff3c x20=0x00000000 x21=0x00000000 x22=0x00000000 x23=0x00000000 x24=0x00000000 x25=0x00000000 x26=0x00000000 x27=0x80000010 x28=0x00000000 x29=0x00000001 x30=0x80000158 x31=0x7bc2510c
step=0085 retired_pc=0x8000015c debug_pc=0x80000160 inst=0xa5068917 asm="auipc x18,0xa5068"
x00=0x00000000 x01=0x80000000 x02=0x80010000 x03=0x00000000 x04=0xfc000004 x05=0x00000001 x06=0x00000000 x07=0xffffff80 x08=0x80000084 x09=0x00000001 x10=0x80000091 x11=0x80000148 x12=0x00000000 x13=0xfffff962 x14=0x8d945000 x15=0xffffff2e x16=0x00000000 x17=0x00000000 x18=0x2506815c x19=0xffffff3c x20=0x00000000 x21=0x00000000 x22=0x00000000 x23=0x00000000 x24=0x00000000 x25=0x00000000 x26=0x00000000 x27=0x80000010 x28=0x00000000 x29=0x00000001 x30=0x80000158 x31=0x7bc2510c
step=0086 retired_pc=0x80000160 debug_pc=0x80000164 inst=0x07b10d23 asm="sb x27,122(x2)"
x00=0x00000000 x01=0x80000000 x02=0x80010000 x03=0x00000000 x04=0xfc000004 x05=0x00000001 x06=0x00000000 x07=0xffffff80 x08=0x80000084 x09=0x00000001 x10=0x80000091 x11=0x80000148 x12=0x00000000 x13=0xfffff962 x14=0x8d945000 x15=0xffffff2e x16=0x00000000 x17=0x00000000 x18=0x2506815c x19=0xffffff3c x20=0x00000000 x21=0x00000000 x22=0x00000000 x23=0x00000000 x24=0x00000000 x25=0x00000000 x26=0x00000000 x27=0x80000010 x28=0x00000000 x29=0x00000001 x30=0x80000158 x31=0x7bc2510c
step=0087 retired_pc=0x80000164 debug_pc=0x80000168 inst=0x26014883 asm="lbu x17,608(x2)"
x00=0x00000000 x01=0x80000000 x02=0x80010000 x03=0x00000000 x04=0xfc000004 x05=0x00000001 x06=0x00000000 x07=0xffffff80 x08=0x80000084 x09=0x00000001 x10=0x80000091 x11=0x80000148 x12=0x00000000 x13=0xfffff962 x14=0x8d945000 x15=0xffffff2e x16=0x00000000 x17=0x00000000 x18=0x2506815c x19=0xffffff3c x20=0x00000000 x21=0x00000000 x22=0x00000000 x23=0x00000000 x24=0x00000000 x25=0x00000000 x26=0x00000000 x27=0x80000010 x28=0x00000000 x29=0x00000001 x30=0x80000158 x31=0x7bc2510c
step=0088 retired_pc=0x80000168 debug_pc=0x8000016c inst=0x016bf263 asm="bgeu x23,x22,4"
x00=0x00000000 x01=0x80000000 x02=0x80010000 x03=0x00000000 x04=0xfc000004 x05=0x00000001 x06=0x00000000 x07=0xffffff80 x08=0x80000084 x09=0x00000001 x10=0x80000091 x11=0x80000148 x12=0x00000000 x13=0xfffff962 x14=0x8d945000 x15=0xffffff2e x16=0x00000000 x17=0x00000000 x18=0x2506815c x19=0xffffff3c x20=0x00000000 x21=0x00000000 x22=0x00000000 x23=0x00000000 x24=0x00000000 x25=0x00000000 x26=0x00000000 x27=0x80000010 x28=0x00000000 x29=0x00000001 x30=0x80000158 x31=0x7bc2510c
step=0089 retired_pc=0x8000016c debug_pc=0x80000170 inst=0x26a10b03 asm="lb x22,618(x2)"
x00=0x00000000 x01=0x80000000 x02=0x80010000 x03=0x00000000 x04=0xfc000004 x05=0x00000001 x06=0x00000000 x07=0xffffff80 x08=0x80000084 x09=0x00000001 x10=0x80000091 x11=0x80000148 x12=0x00000000 x13=0xfffff962 x14=0x8d945000 x15=0xffffff2e x16=0x00000000 x17=0x00000000 x18=0x2506815c x19=0xffffff3c x20=0x00000000 x21=0x00000000 x22=0x00000000 x23=0x00000000 x24=0x00000000 x25=0x00000000 x26=0x00000000 x27=0x80000010 x28=0x00000000 x29=0x00000001 x30=0x80000158 x31=0x7bc2510c
step=0090 retired_pc=0x80000170 debug_pc=0x80000174 inst=0x41cd0033 asm="sub x0,x26,x28"
x00=0x00000000 x01=0x80000000 x02=0x80010000 x03=0x00000000 x04=0xfc000004 x05=0x00000001 x06=0x00000000 x07=0xffffff80 x08=0x80000084 x09=0x00000001 x10=0x80000091 x11=0x80000148 x12=0x00000000 x13=0xfffff962 x14=0x8d945000 x15=0xffffff2e x16=0x00000000 x17=0x00000000 x18=0x2506815c x19=0xffffff3c x20=0x00000000 x21=0x00000000 x22=0x00000000 x23=0x00000000 x24=0x00000000 x25=0x00000000 x26=0x00000000 x27=0x80000010 x28=0x00000000 x29=0x00000001 x30=0x80000158 x31=0x7bc2510c
step=0091 retired_pc=0x80000174 debug_pc=0x80000178 inst=0x018ae263 asm="bltu x21,x24,4"
x00=0x00000000 x01=0x80000000 x02=0x80010000 x03=0x00000000 x04=0xfc000004 x05=0x00000001 x06=0x00000000 x07=0xffffff80 x08=0x80000084 x09=0x00000001 x10=0x80000091 x11=0x80000148 x12=0x00000000 x13=0xfffff962 x14=0x8d945000 x15=0xffffff2e x16=0x00000000 x17=0x00000000 x18=0x2506815c x19=0xffffff3c x20=0x00000000 x21=0x00000000 x22=0x00000000 x23=0x00000000 x24=0x00000000 x25=0x00000000 x26=0x00000000 x27=0x80000010 x28=0x00000000 x29=0x00000001 x30=0x80000158 x31=0x7bc2510c
step=0092 retired_pc=0x80000178 debug_pc=0x8000017c inst=0x03c26193 asm="ori x3,x4,60"
x00=0x00000000 x01=0x80000000 x02=0x80010000 x03=0xfc00003c x04=0xfc000004 x05=0x00000001 x06=0x00000000 x07=0xffffff80 x08=0x80000084 x09=0x00000001 x10=0x80000091 x11=0x80000148 x12=0x00000000 x13=0xfffff962 x14=0x8d945000 x15=0xffffff2e x16=0x00000000 x17=0x00000000 x18=0x2506815c x19=0xffffff3c x20=0x00000000 x21=0x00000000 x22=0x00000000 x23=0x00000000 x24=0x00000000 x25=0x00000000 x26=0x00000000 x27=0x80000010 x28=0x00000000 x29=0x00000001 x30=0x80000158 x31=0x7bc2510c
step=0093 retired_pc=0x8000017c debug_pc=0x80000180 inst=0x00144263 asm="blt x8,x1,4"
x00=0x00000000 x01=0x80000000 x02=0x80010000 x03=0xfc00003c x04=0xfc000004 x05=0x00000001 x06=0x00000000 x07=0xffffff80 x08=0x80000084 x09=0x00000001 x10=0x80000091 x11=0x80000148 x12=0x00000000 x13=0xfffff962 x14=0x8d945000 x15=0xffffff2e x16=0x00000000 x17=0x00000000 x18=0x2506815c x19=0xffffff3c x20=0x00000000 x21=0x00000000 x22=0x00000000 x23=0x00000000 x24=0x00000000 x25=0x00000000 x26=0x00000000 x27=0x80000010 x28=0x00000000 x29=0x00000001 x30=0x80000158 x31=0x7bc2510c
step=0094 retired_pc=0x80000180 debug_pc=0x80000184 inst=0x40eddab3 asm="sra x21,x27,x14"
x00=0x00000000 x01=0x80000000 x02=0x80010000 x03=0xfc00003c x04=0xfc000004 x05=0x00000001 x06=0x00000000 x07=0xffffff80 x08=0x80000084 x09=0x00000001 x10=0x80000091 x11=0x80000148 x12=0x00000000 x13=0xfffff962 x14=0x8d945000 x15=0xffffff2e x16=0x00000000 x17=0x00000000 x18=0x2506815c x19=0xffffff3c x20=0x00000000 x21=0x80000010 x22=0x00000000 x23=0x00000000 x24=0x00000000 x25=0x00000000 x26=0x00000000 x27=0x80000010 x28=0x00000000 x29=0x00000001 x30=0x80000158 x31=0x7bc2510c
step=0095 retired_pc=0x80000184 debug_pc=0x80000188 inst=0x006f4263 asm="blt x30,x6,4"
x00=0x00000000 x01=0x80000000 x02=0x80010000 x03=0xfc00003c x04=0xfc000004 x05=0x00000001 x06=0x00000000 x07=0xffffff80 x08=0x80000084 x09=0x00000001 x10=0x80000091 x11=0x80000148 x12=0x00000000 x13=0xfffff962 x14=0x8d945000 x15=0xffffff2e x16=0x00000000 x17=0x00000000 x18=0x2506815c x19=0xffffff3c x20=0x00000000 x21=0x80000010 x22=0x00000000 x23=0x00000000 x24=0x00000000 x25=0x00000000 x26=0x00000000 x27=0x80000010 x28=0x00000000 x29=0x00000001 x30=0x80000158 x31=0x7bc2510c
step=0096 retired_pc=0x80000188 debug_pc=0x8000018c inst=0x3879ee13 asm="ori x28,x19,903"
x00=0x00000000 x01=0x80000000 x02=0x80010000 x03=0xfc00003c x04=0xfc000004 x05=0x00000001 x06=0x00000000 x07=0xffffff80 x08=0x80000084 x09=0x00000001 x10=0x80000091 x11=0x80000148 x12=0x00000000 x13=0xfffff962 x14=0x8d945000 x15=0xffffff2e x16=0x00000000 x17=0x00000000 x18=0x2506815c x19=0xffffff3c x20=0x00000000 x21=0x80000010 x22=0x00000000 x23=0x00000000 x24=0x00000000 x25=0x00000000 x26=0x00000000 x27=0x80000010 x28=0xffffffbf x29=0x00000001 x30=0x80000158 x31=0x7bc2510c
step=0097 retired_pc=0x8000018c debug_pc=0x80000190 inst=0x190085e7 asm="jalr x11,400(x1)"
x00=0x00000000 x01=0x80000000 x02=0x80010000 x03=0xfc00003c x04=0xfc000004 x05=0x00000001 x06=0x00000000 x07=0xffffff80 x08=0x80000084 x09=0x00000001 x10=0x80000091 x11=0x80000190 x12=0x00000000 x13=0xfffff962 x14=0x8d945000 x15=0xffffff2e x16=0x00000000 x17=0x00000000 x18=0x2506815c x19=0xffffff3c x20=0x00000000 x21=0x80000010 x22=0x00000000 x23=0x00000000 x24=0x00000000 x25=0x00000000 x26=0x00000000 x27=0x80000010 x28=0xffffffbf x29=0x00000001 x30=0x80000158 x31=0x7bc2510c
step=0098 retired_pc=0x80000190 debug_pc=0x80000194 inst=0x405ad493 asm="srai x9,x21,5"
x00=0x00000000 x01=0x80000000 x02=0x80010000 x03=0xfc00003c x04=0xfc000004 x05=0x00000001 x06=0x00000000 x07=0xffffff80 x08=0x80000084 x09=0xfc000000 x10=0x80000091 x11=0x80000190 x12=0x00000000 x13=0xfffff962 x14=0x8d945000 x15=0xffffff2e x16=0x00000000 x17=0x00000000 x18=0x2506815c x19=0xffffff3c x20=0x00000000 x21=0x80000010 x22=0x00000000 x23=0x00000000 x24=0x00000000 x25=0x00000000 x26=0x00000000 x27=0x80000010 x28=0xffffffbf x29=0x00000001 x30=0x80000158 x31=0x7bc2510c
step=0099 retired_pc=0x80000194 debug_pc=0x80000198 inst=0x00781533 asm="sll x10,x16,x7"
x00=0x00000000 x01=0x80000000 x02=0x80010000 x03=0xfc00003c x04=0xfc000004 x05=0x00000001 x06=0x00000000 x07=0xffffff80 x08=0x80000084 x09=0xfc000000 x10=0x00000000 x11=0x80000190 x12=0x00000000 x13=0xfffff962 x14=0x8d945000 x15=0xffffff2e x16=0x00000000 x17=0x00000000 x18=0x2506815c x19=0xffffff3c x20=0x00000000 x21=0x80000010 x22=0x00000000 x23=0x00000000 x24=0x00000000 x25=0x00000000 x26=0x00000000 x27=0x80000010 x28=0xffffffbf x29=0x00000001 x30=0x80000158 x31=0x7bc2510c
step=0100 retired_pc=0x80000198 debug_pc=0x8000019c inst=0x0196e263 asm="bltu x13,x25,4"
x00=0x00000000 x01=0x80000000 x02=0x80010000 x03=0xfc00003c x04=0xfc000004 x05=0x00000001 x06=0x00000000 x07=0xffffff80 x08=0x80000084 x09=0xfc000000 x10=0x00000000 x11=0x80000190 x12=0x00000000 x13=0xfffff962 x14=0x8d945000 x15=0xffffff2e x16=0x00000000 x17=0x00000000 x18=0x2506815c x19=0xffffff3c x20=0x00000000 x21=0x80000010 x22=0x00000000 x23=0x00000000 x24=0x00000000 x25=0x00000000 x26=0x00000000 x27=0x80000010 x28=0xffffffbf x29=0x00000001 x30=0x80000158 x31=0x7bc2510c
step=0101 retired_pc=0x8000019c debug_pc=0x800001a0 inst=0x01a5d933 asm="srl x18,x11,x26"
x00=0x00000000 x01=0x80000000 x02=0x80010000 x03=0xfc00003c x04=0xfc000004 x05=0x00000001 x06=0x00000000 x07=0xffffff80 x08=0x80000084 x09=0xfc000000 x10=0x00000000 x11=0x80000190 x12=0x00000000 x13=0xfffff962 x14=0x8d945000 x15=0xffffff2e x16=0x00000000 x17=0x00000000 x18=0x80000190 x19=0xffffff3c x20=0x00000000 x21=0x80000010 x22=0x00000000 x23=0x00000000 x24=0x00000000 x25=0x00000000 x26=0x00000000 x27=0x80000010 x28=0xffffffbf x29=0x00000001 x30=0x80000158 x31=0x7bc2510c
step=0102 retired_pc=0x800001a0 debug_pc=0x800001a4 inst=0x40bddf33 asm="sra x30,x27,x11"
x00=0x00000000 x01=0x80000000 x02=0x80010000 x03=0xfc00003c x04=0xfc000004 x05=0x00000001 x06=0x00000000 x07=0xffffff80 x08=0x80000084 x09=0xfc000000 x10=0x00000000 x11=0x80000190 x12=0x00000000 x13=0xfffff962 x14=0x8d945000 x15=0xffffff2e x16=0x00000000 x17=0x00000000 x18=0x80000190 x19=0xffffff3c x20=0x00000000 x21=0x80000010 x22=0x00000000 x23=0x00000000 x24=0x00000000 x25=0x00000000 x26=0x00000000 x27=0x80000010 x28=0xffffffbf x29=0x00000001 x30=0xffff8000 x31=0x7bc2510c
step=0103 retired_pc=0x800001a4 debug_pc=0x800001a8 inst=0x74fbe293 asm="ori x5,x23,1871"
x00=0x00000000 x01=0x80000000 x02=0x80010000 x03=0xfc00003c x04=0xfc000004 x05=0x0000074f x06=0x00000000 x07=0xffffff80 x08=0x80000084 x09=0xfc000000 x10=0x00000000 x11=0x80000190 x12=0x00000000 x13=0xfffff962 x14=0x8d945000 x15=0xffffff2e x16=0x00000000 x17=0x00000000 x18=0x80000190 x19=0xffffff3c x20=0x00000000 x21=0x80000010 x22=0x00000000 x23=0x00000000 x24=0x00000000 x25=0x00000000 x26=0x00000000 x27=0x80000010 x28=0xffffffbf x29=0x00000001 x30=0xffff8000 x31=0x7bc2510c
step=0104 retired_pc=0x800001a8 debug_pc=0x800001ac inst=0x1ec12f83 asm="lw x31,492(x2)"
x00=0x00000000 x01=0x80000000 x02=0x80010000 x03=0xfc00003c x04=0xfc000004 x05=0x0000074f x06=0x00000000 x07=0xffffff80 x08=0x80000084 x09=0xfc000000 x10=0x00000000 x11=0x80000190 x12=0x00000000 x13=0xfffff962 x14=0x8d945000 x15=0xffffff2e x16=0x00000000 x17=0x00000000 x18=0x80000190 x19=0xffffff3c x20=0x00000000 x21=0x80000010 x22=0x00000000 x23=0x00000000 x24=0x00000000 x25=0x00000000 x26=0x00000000 x27=0x80000010 x28=0xffffffbf x29=0x00000001 x30=0xffff8000 x31=0x00000000
step=0105 retired_pc=0x800001ac debug_pc=0x800001b0 inst=0x93e58593 asm="addi x11,x11,-1730"
x00=0x00000000 x01=0x80000000 x02=0x80010000 x03=0xfc00003c x04=0xfc000004 x05=0x0000074f x06=0x00000000 x07=0xffffff80 x08=0x80000084 x09=0xfc000000 x10=0x00000000 x11=0x7fffface x12=0x00000000 x13=0xfffff962 x14=0x8d945000 x15=0xffffff2e x16=0x00000000 x17=0x00000000 x18=0x80000190 x19=0xffffff3c x20=0x00000000 x21=0x80000010 x22=0x00000000 x23=0x00000000 x24=0x00000000 x25=0x00000000 x26=0x00000000 x27=0x80000010 x28=0xffffffbf x29=0x00000001 x30=0xffff8000 x31=0x00000000
step=0106 retired_pc=0x800001b0 debug_pc=0x800001b4 inst=0x0a812423 asm="sw x8,168(x2)"
x00=0x00000000 x01=0x80000000 x02=0x80010000 x03=0xfc00003c x04=0xfc000004 x05=0x0000074f x06=0x00000000 x07=0xffffff80 x08=0x80000084 x09=0xfc000000 x10=0x00000000 x11=0x7fffface x12=0x00000000 x13=0xfffff962 x14=0x8d945000 x15=0xffffff2e x16=0x00000000 x17=0x00000000 x18=0x80000190 x19=0xffffff3c x20=0x00000000 x21=0x80000010 x22=0x00000000 x23=0x00000000 x24=0x00000000 x25=0x00000000 x26=0x00000000 x27=0x80000010 x28=0xffffffbf x29=0x00000001 x30=0xffff8000 x31=0x00000000
step=0107 retired_pc=0x800001b4 debug_pc=0x800001b8 inst=0x0036f263 asm="bgeu x13,x3,4"
x00=0x00000000 x01=0x80000000 x02=0x80010000 x03=0xfc00003c x04=0xfc000004 x05=0x0000074f x06=0x00000000 x07=0xffffff80 x08=0x80000084 x09=0xfc000000 x10=0x00000000 x11=0x7fffface x12=0x00000000 x13=0xfffff962 x14=0x8d945000 x15=0xffffff2e x16=0x00000000 x17=0x00000000 x18=0x80000190 x19=0xffffff3c x20=0x00000000 x21=0x80000010 x22=0x00000000 x23=0x00000000 x24=0x00000000 x25=0x00000000 x26=0x00000000 x27=0x80000010 x28=0xffffffbf x29=0x00000001 x30=0xffff8000 x31=0x00000000
step=0108 retired_pc=0x800001b8 debug_pc=0x800001bc inst=0x00950263 asm="beq x10,x9,4"
x00=0x00000000 x01=0x80000000 x02=0x80010000 x03=0xfc00003c x04=0xfc000004 x05=0x0000074f x06=0x00000000 x07=0xffffff80 x08=0x80000084 x09=0xfc000000 x10=0x00000000 x11=0x7fffface x12=0x00000000 x13=0xfffff962 x14=0x8d945000 x15=0xffffff2e x16=0x00000000 x17=0x00000000 x18=0x80000190 x19=0xffffff3c x20=0x00000000 x21=0x80000010 x22=0x00000000 x23=0x00000000 x24=0x00000000 x25=0x00000000 x26=0x00000000 x27=0x80000010 x28=0xffffffbf x29=0x00000001 x30=0xffff8000 x31=0x00000000
step=0109 retired_pc=0x800001bc debug_pc=0x800001c0 inst=0x06f12a23 asm="sw x15,116(x2)"
x00=0x00000000 x01=0x80000000 x02=0x80010000 x03=0xfc00003c x04=0xfc000004 x05=0x0000074f x06=0x00000000 x07=0xffffff80 x08=0x80000084 x09=0xfc000000 x10=0x00000000 x11=0x7fffface x12=0x00000000 x13=0xfffff962 x14=0x8d945000 x15=0xffffff2e x16=0x00000000 x17=0x00000000 x18=0x80000190 x19=0xffffff3c x20=0x00000000 x21=0x80000010 x22=0x00000000 x23=0x00000000 x24=0x00000000 x25=0x00000000 x26=0x00000000 x27=0x80000010 x28=0xffffffbf x29=0x00000001 x30=0xffff8000 x31=0x00000000
step=0110 retired_pc=0x800001c0 debug_pc=0x800001c4 inst=0x006f0bb3 asm="add x23,x30,x6"
x00=0x00000000 x01=0x80000000 x02=0x80010000 x03=0xfc00003c x04=0xfc000004 x05=0x0000074f x06=0x00000000 x07=0xffffff80 x08=0x80000084 x09=0xfc000000 x10=0x00000000 x11=0x7fffface x12=0x00000000 x13=0xfffff962 x14=0x8d945000 x15=0xffffff2e x16=0x00000000 x17=0x00000000 x18=0x80000190 x19=0xffffff3c x20=0x00000000 x21=0x80000010 x22=0x00000000 x23=0xffff8000 x24=0x00000000 x25=0x00000000 x26=0x00000000 x27=0x80000010 x28=0xffffffbf x29=0x00000001 x30=0xffff8000 x31=0x00000000
step=0111 retired_pc=0x800001c4 debug_pc=0x800001c8 inst=0x0013d513 asm="srli x10,x7,1"
x00=0x00000000 x01=0x80000000 x02=0x80010000 x03=0xfc00003c x04=0xfc000004 x05=0x0000074f x06=0x00000000 x07=0xffffff80 x08=0x80000084 x09=0xfc000000 x10=0x7fffffc0 x11=0x7fffface x12=0x00000000 x13=0xfffff962 x14=0x8d945000 x15=0xffffff2e x16=0x00000000 x17=0x00000000 x18=0x80000190 x19=0xffffff3c x20=0x00000000 x21=0x80000010 x22=0x00000000 x23=0xffff8000 x24=0x00000000 x25=0x00000000 x26=0x00000000 x27=0x80000010 x28=0xffffffbf x29=0x00000001 x30=0xffff8000 x31=0x00000000
step=0112 retired_pc=0x800001c8 debug_pc=0x800001cc inst=0x00cd9263 asm="bne x27,x12,4"
x00=0x00000000 x01=0x80000000 x02=0x80010000 x03=0xfc00003c x04=0xfc000004 x05=0x0000074f x06=0x00000000 x07=0xffffff80 x08=0x80000084 x09=0xfc000000 x10=0x7fffffc0 x11=0x7fffface x12=0x00000000 x13=0xfffff962 x14=0x8d945000 x15=0xffffff2e x16=0x00000000 x17=0x00000000 x18=0x80000190 x19=0xffffff3c x20=0x00000000 x21=0x80000010 x22=0x00000000 x23=0xffff8000 x24=0x00000000 x25=0x00000000 x26=0x00000000 x27=0x80000010 x28=0xffffffbf x29=0x00000001 x30=0xffff8000 x31=0x00000000
step=0113 retired_pc=0x800001cc debug_pc=0x800001d0 inst=0x00bc3033 asm="sltu x0,x24,x11"
x00=0x00000000 x01=0x80000000 x02=0x80010000 x03=0xfc00003c x04=0xfc000004 x05=0x0000074f x06=0x00000000 x07=0xffffff80 x08=0x80000084 x09=0xfc000000 x10=0x7fffffc0 x11=0x7fffface x12=0x00000000 x13=0xfffff962 x14=0x8d945000 x15=0xffffff2e x16=0x00000000 x17=0x00000000 x18=0x80000190 x19=0xffffff3c x20=0x00000000 x21=0x80000010 x22=0x00000000 x23=0xffff8000 x24=0x00000000 x25=0x00000000 x26=0x00000000 x27=0x80000010 x28=0xffffffbf x29=0x00000001 x30=0xffff8000 x31=0x00000000
step=0114 retired_pc=0x800001d0 debug_pc=0x800001d4 inst=0x8b564193 asm="xori x3,x12,-1867"
x00=0x00000000 x01=0x80000000 x02=0x80010000 x03=0xfffff8b5 x04=0xfc000004 x05=0x0000074f x06=0x00000000 x07=0xffffff80 x08=0x80000084 x09=0xfc000000 x10=0x7fffffc0 x11=0x7fffface x12=0x00000000 x13=0xfffff962 x14=0x8d945000 x15=0xffffff2e x16=0x00000000 x17=0x00000000 x18=0x80000190 x19=0xffffff3c x20=0x00000000 x21=0x80000010 x22=0x00000000 x23=0xffff8000 x24=0x00000000 x25=0x00000000 x26=0x00000000 x27=0x80000010 x28=0xffffffbf x29=0x00000001 x30=0xffff8000 x31=0x00000000
step=0115 retired_pc=0x800001d4 debug_pc=0x800001d8 inst=0x00d0d263 asm="bge x1,x13,4"
x00=0x00000000 x01=0x80000000 x02=0x80010000 x03=0xfffff8b5 x04=0xfc000004 x05=0x0000074f x06=0x00000000 x07=0xffffff80 x08=0x80000084 x09=0xfc000000 x10=0x7fffffc0 x11=0x7fffface x12=0x00000000 x13=0xfffff962 x14=0x8d945000 x15=0xffffff2e x16=0x00000000 x17=0x00000000 x18=0x80000190 x19=0xffffff3c x20=0x00000000 x21=0x80000010 x22=0x00000000 x23=0xffff8000 x24=0x00000000 x25=0x00000000 x26=0x00000000 x27=0x80000010 x28=0xffffffbf x29=0x00000001 x30=0xffff8000 x31=0x00000000
step=0116 retired_pc=0x800001d8 debug_pc=0x800001dc inst=0x00ee1263 asm="bne x28,x14,4"
x00=0x00000000 x01=0x80000000 x02=0x80010000 x03=0xfffff8b5 x04=0xfc000004 x05=0x0000074f x06=0x00000000 x07=0xffffff80 x08=0x80000084 x09=0xfc000000 x10=0x7fffffc0 x11=0x7fffface x12=0x00000000 x13=0xfffff962 x14=0x8d945000 x15=0xffffff2e x16=0x00000000 x17=0x00000000 x18=0x80000190 x19=0xffffff3c x20=0x00000000 x21=0x80000010 x22=0x00000000 x23=0xffff8000 x24=0x00000000 x25=0x00000000 x26=0x00000000 x27=0x80000010 x28=0xffffffbf x29=0x00000001 x30=0xffff8000 x31=0x00000000
step=0117 retired_pc=0x800001dc debug_pc=0x800001e0 inst=0x78537613 asm="andi x12,x6,1925"
x00=0x00000000 x01=0x80000000 x02=0x80010000 x03=0xfffff8b5 x04=0xfc000004 x05=0x0000074f x06=0x00000000 x07=0xffffff80 x08=0x80000084 x09=0xfc000000 x10=0x7fffffc0 x11=0x7fffface x12=0x00000000 x13=0xfffff962 x14=0x8d945000 x15=0xffffff2e x16=0x00000000 x17=0x00000000 x18=0x80000190 x19=0xffffff3c x20=0x00000000 x21=0x80000010 x22=0x00000000 x23=0xffff8000 x24=0x00000000 x25=0x00000000 x26=0x00000000 x27=0x80000010 x28=0xffffffbf x29=0x00000001 x30=0xffff8000 x31=0x00000000
step=0118 retired_pc=0x800001e0 debug_pc=0x800001e4 inst=0x0093c263 asm="blt x7,x9,4"
x00=0x00000000 x01=0x80000000 x02=0x80010000 x03=0xfffff8b5 x04=0xfc000004 x05=0x0000074f x06=0x00000000 x07=0xffffff80 x08=0x80000084 x09=0xfc000000 x10=0x7fffffc0 x11=0x7fffface x12=0x00000000 x13=0xfffff962 x14=0x8d945000 x15=0xffffff2e x16=0x00000000 x17=0x00000000 x18=0x80000190 x19=0xffffff3c x20=0x00000000 x21=0x80000010 x22=0x00000000 x23=0xffff8000 x24=0x00000000 x25=0x00000000 x26=0x00000000 x27=0x80000010 x28=0xffffffbf x29=0x00000001 x30=0xffff8000 x31=0x00000000
step=0119 retired_pc=0x800001e4 debug_pc=0x800001e8 inst=0xd4c0a693 asm="slti x13,x1,-692"
x00=0x00000000 x01=0x80000000 x02=0x80010000 x03=0xfffff8b5 x04=0xfc000004 x05=0x0000074f x06=0x00000000 x07=0xffffff80 x08=0x80000084 x09=0xfc000000 x10=0x7fffffc0 x11=0x7fffface x12=0x00000000 x13=0x00000001 x14=0x8d945000 x15=0xffffff2e x16=0x00000000 x17=0x00000000 x18=0x80000190 x19=0xffffff3c x20=0x00000000 x21=0x80000010 x22=0x00000000 x23=0xffff8000 x24=0x00000000 x25=0x00000000 x26=0x00000000 x27=0x80000010 x28=0xffffffbf x29=0x00000001 x30=0xffff8000 x31=0x00000000
step=0120 retired_pc=0x800001e8 debug_pc=0x800001ec inst=0x016fd933 asm="srl x18,x31,x22"
x00=0x00000000 x01=0x80000000 x02=0x80010000 x03=0xfffff8b5 x04=0xfc000004 x05=0x0000074f x06=0x00000000 x07=0xffffff80 x08=0x80000084 x09=0xfc000000 x10=0x7fffffc0 x11=0x7fffface x12=0x00000000 x13=0x00000001 x14=0x8d945000 x15=0xffffff2e x16=0x00000000 x17=0x00000000 x18=0x00000000 x19=0xffffff3c x20=0x00000000 x21=0x80000010 x22=0x00000000 x23=0xffff8000 x24=0x00000000 x25=0x00000000 x26=0x00000000 x27=0x80000010 x28=0xffffffbf x29=0x00000001 x30=0xffff8000 x31=0x00000000
step=0121 retired_pc=0x800001ec debug_pc=0x800001f0 inst=0x697ca737 asm="lui x14,0x697ca"
x00=0x00000000 x01=0x80000000 x02=0x80010000 x03=0xfffff8b5 x04=0xfc000004 x05=0x0000074f x06=0x00000000 x07=0xffffff80 x08=0x80000084 x09=0xfc000000 x10=0x7fffffc0 x11=0x7fffface x12=0x00000000 x13=0x00000001 x14=0x697ca000 x15=0xffffff2e x16=0x00000000 x17=0x00000000 x18=0x00000000 x19=0xffffff3c x20=0x00000000 x21=0x80000010 x22=0x00000000 x23=0xffff8000 x24=0x00000000 x25=0x00000000 x26=0x00000000 x27=0x80000010 x28=0xffffffbf x29=0x00000001 x30=0xffff8000 x31=0x00000000
step=0122 retired_pc=0x800001f0 debug_pc=0x800001f4 inst=0x67adc713 asm="xori x14,x27,1658"
x00=0x00000000 x01=0x80000000 x02=0x80010000 x03=0xfffff8b5 x04=0xfc000004 x05=0x0000074f x06=0x00000000 x07=0xffffff80 x08=0x80000084 x09=0xfc000000 x10=0x7fffffc0 x11=0x7fffface x12=0x00000000 x13=0x00000001 x14=0x8000066a x15=0xffffff2e x16=0x00000000 x17=0x00000000 x18=0x00000000 x19=0xffffff3c x20=0x00000000 x21=0x80000010 x22=0x00000000 x23=0xffff8000 x24=0x00000000 x25=0x00000000 x26=0x00000000 x27=0x80000010 x28=0xffffffbf x29=0x00000001 x30=0xffff8000 x31=0x00000000
step=0123 retired_pc=0x800001f4 debug_pc=0x800001f8 inst=0x40010e33 asm="sub x28,x2,x0"
x00=0x00000000 x01=0x80000000 x02=0x80010000 x03=0xfffff8b5 x04=0xfc000004 x05=0x0000074f x06=0x00000000 x07=0xffffff80 x08=0x80000084 x09=0xfc000000 x10=0x7fffffc0 x11=0x7fffface x12=0x00000000 x13=0x00000001 x14=0x8000066a x15=0xffffff2e x16=0x00000000 x17=0x00000000 x18=0x00000000 x19=0xffffff3c x20=0x00000000 x21=0x80000010 x22=0x00000000 x23=0xffff8000 x24=0x00000000 x25=0x00000000 x26=0x00000000 x27=0x80000010 x28=0x80010000 x29=0x00000001 x30=0xffff8000 x31=0x00000000
step=0124 retired_pc=0x800001f8 debug_pc=0x800001fc inst=0x00400def asm="jal x27,4"
x00=0x00000000 x01=0x80000000 x02=0x80010000 x03=0xfffff8b5 x04=0xfc000004 x05=0x0000074f x06=0x00000000 x07=0xffffff80 x08=0x80000084 x09=0xfc000000 x10=0x7fffffc0 x11=0x7fffface x12=0x00000000 x13=0x00000001 x14=0x8000066a x15=0xffffff2e x16=0x00000000 x17=0x00000000 x18=0x00000000 x19=0xffffff3c x20=0x00000000 x21=0x80000010 x22=0x00000000 x23=0xffff8000 x24=0x00000000 x25=0x00000000 x26=0x00000000 x27=0x800001fc x28=0x80010000 x29=0x00000001 x30=0xffff8000 x31=0x00000000
step=0125 retired_pc=0x800001fc debug_pc=0x80000200 inst=0x879f2013 asm="slti x0,x30,-1927"
x00=0x00000000 x01=0x80000000 x02=0x80010000 x03=0xfffff8b5 x04=0xfc000004 x05=0x0000074f x06=0x00000000 x07=0xffffff80 x08=0x80000084 x09=0xfc000000 x10=0x7fffffc0 x11=0x7fffface x12=0x00000000 x13=0x00000001 x14=0x8000066a x15=0xffffff2e x16=0x00000000 x17=0x00000000 x18=0x00000000 x19=0xffffff3c x20=0x00000000 x21=0x80000010 x22=0x00000000 x23=0xffff8000 x24=0x00000000 x25=0x00000000 x26=0x00000000 x27=0x800001fc x28=0x80010000 x29=0x00000001 x30=0xffff8000 x31=0x00000000
step=0126 retired_pc=0x80000200 debug_pc=0x80000204 inst=0x75fb4b93 asm="xori x23,x22,1887"
x00=0x00000000 x01=0x80000000 x02=0x80010000 x03=0xfffff8b5 x04=0xfc000004 x05=0x0000074f x06=0x00000000 x07=0xffffff80 x08=0x80000084 x09=0xfc000000 x10=0x7fffffc0 x11=0x7fffface x12=0x00000000 x13=0x00000001 x14=0x8000066a x15=0xffffff2e x16=0x00000000 x17=0x00000000 x18=0x00000000 x19=0xffffff3c x20=0x00000000 x21=0x80000010 x22=0x00000000 x23=0x0000075f x24=0x00000000 x25=0x00000000 x26=0x00000000 x27=0x800001fc x28=0x80010000 x29=0x00000001 x30=0xffff8000 x31=0x00000000
step=0127 retired_pc=0x80000204 debug_pc=0x80000208 inst=0x01efe533 asm="or x10,x31,x30"
x00=0x00000000 x01=0x80000000 x02=0x80010000 x03=0xfffff8b5 x04=0xfc000004 x05=0x0000074f x06=0x00000000 x07=0xffffff80 x08=0x80000084 x09=0xfc000000 x10=0xffff8000 x11=0x7fffface x12=0x00000000 x13=0x00000001 x14=0x8000066a x15=0xffffff2e x16=0x00000000 x17=0x00000000 x18=0x00000000 x19=0xffffff3c x20=0x00000000 x21=0x80000010 x22=0x00000000 x23=0x0000075f x24=0x00000000 x25=0x00000000 x26=0x00000000 x27=0x800001fc x28=0x80010000 x29=0x00000001 x30=0xffff8000 x31=0x00000000
step=0128 retired_pc=0x80000208 debug_pc=0x8000020c inst=0x00dc33b3 asm="sltu x7,x24,x13"
x00=0x00000000 x01=0x80000000 x02=0x80010000 x03=0xfffff8b5 x04=0xfc000004 x05=0x0000074f x06=0x00000000 x07=0x00000001 x08=0x80000084 x09=0xfc000000 x10=0xffff8000 x11=0x7fffface x12=0x00000000 x13=0x00000001 x14=0x8000066a x15=0xffffff2e x16=0x00000000 x17=0x00000000 x18=0x00000000 x19=0xffffff3c x20=0x00000000 x21=0x80000010 x22=0x00000000 x23=0x0000075f x24=0x00000000 x25=0x00000000 x26=0x00000000 x27=0x800001fc x28=0x80010000 x29=0x00000001 x30=0xffff8000 x31=0x00000000
step=0129 retired_pc=0x8000020c debug_pc=0x80000210 inst=0x478d0a93 asm="addi x21,x26,1144"
x00=0x00000000 x01=0x80000000 x02=0x80010000 x03=0xfffff8b5 x04=0xfc000004 x05=0x0000074f x06=0x00000000 x07=0x00000001 x08=0x80000084 x09=0xfc000000 x10=0xffff8000 x11=0x7fffface x12=0x00000000 x13=0x00000001 x14=0x8000066a x15=0xffffff2e x16=0x00000000 x17=0x00000000 x18=0x00000000 x19=0xffffff3c x20=0x00000000 x21=0x00000478 x22=0x00000000 x23=0x0000075f x24=0x00000000 x25=0x00000000 x26=0x00000000 x27=0x800001fc x28=0x80010000 x29=0x00000001 x30=0xffff8000 x31=0x00000000
step=0130 retired_pc=0x80000210 debug_pc=0x80000214 inst=0x1c812283 asm="lw x5,456(x2)"
x00=0x00000000 x01=0x80000000 x02=0x80010000 x03=0xfffff8b5 x04=0xfc000004 x05=0x00000000 x06=0x00000000 x07=0x00000001 x08=0x80000084 x09=0xfc000000 x10=0xffff8000 x11=0x7fffface x12=0x00000000 x13=0x00000001 x14=0x8000066a x15=0xffffff2e x16=0x00000000 x17=0x00000000 x18=0x00000000 x19=0xffffff3c x20=0x00000000 x21=0x00000478 x22=0x00000000 x23=0x0000075f x24=0x00000000 x25=0x00000000 x26=0x00000000 x27=0x800001fc x28=0x80010000 x29=0x00000001 x30=0xffff8000 x31=0x00000000
step=0131 retired_pc=0x80000214 debug_pc=0x80000218 inst=0x00978263 asm="beq x15,x9,4"
x00=0x00000000 x01=0x80000000 x02=0x80010000 x03=0xfffff8b5 x04=0xfc000004 x05=0x00000000 x06=0x00000000 x07=0x00000001 x08=0x80000084 x09=0xfc000000 x10=0xffff8000 x11=0x7fffface x12=0x00000000 x13=0x00000001 x14=0x8000066a x15=0xffffff2e x16=0x00000000 x17=0x00000000 x18=0x00000000 x19=0xffffff3c x20=0x00000000 x21=0x00000478 x22=0x00000000 x23=0x0000075f x24=0x00000000 x25=0x00000000 x26=0x00000000 x27=0x800001fc x28=0x80010000 x29=0x00000001 x30=0xffff8000 x31=0x00000000
step=0132 retired_pc=0x80000218 debug_pc=0x8000021c inst=0xb2ad0793 asm="addi x15,x26,-1238"
x00=0x00000000 x01=0x80000000 x02=0x80010000 x03=0xfffff8b5 x04=0xfc000004 x05=0x00000000 x06=0x00000000 x07=0x00000001 x08=0x80000084 x09=0xfc000000 x10=0xffff8000 x11=0x7fffface x12=0x00000000 x13=0x00000001 x14=0x8000066a x15=0xfffffb2a x16=0x00000000 x17=0x00000000 x18=0x00000000 x19=0xffffff3c x20=0x00000000 x21=0x00000478 x22=0x00000000 x23=0x0000075f x24=0x00000000 x25=0x00000000 x26=0x00000000 x27=0x800001fc x28=0x80010000 x29=0x00000001 x30=0xffff8000 x31=0x00000000
step=0133 retired_pc=0x8000021c debug_pc=0x80000220 inst=0x22008f67 asm="jalr x30,544(x1)"
x00=0x00000000 x01=0x80000000 x02=0x80010000 x03=0xfffff8b5 x04=0xfc000004 x05=0x00000000 x06=0x00000000 x07=0x00000001 x08=0x80000084 x09=0xfc000000 x10=0xffff8000 x11=0x7fffface x12=0x00000000 x13=0x00000001 x14=0x8000066a x15=0xfffffb2a x16=0x00000000 x17=0x00000000 x18=0x00000000 x19=0xffffff3c x20=0x00000000 x21=0x00000478 x22=0x00000000 x23=0x0000075f x24=0x00000000 x25=0x00000000 x26=0x00000000 x27=0x800001fc x28=0x80010000 x29=0x00000001 x30=0x80000220 x31=0x00000000
step=0134 retired_pc=0x80000220 debug_pc=0x80000224 inst=0x01215263 asm="bge x2,x18,4"
x00=0x00000000 x01=0x80000000 x02=0x80010000 x03=0xfffff8b5 x04=0xfc000004 x05=0x00000000 x06=0x00000000 x07=0x00000001 x08=0x80000084 x09=0xfc000000 x10=0xffff8000 x11=0x7fffface x12=0x00000000 x13=0x00000001 x14=0x8000066a x15=0xfffffb2a x16=0x00000000 x17=0x00000000 x18=0x00000000 x19=0xffffff3c x20=0x00000000 x21=0x00000478 x22=0x00000000 x23=0x0000075f x24=0x00000000 x25=0x00000000 x26=0x00000000 x27=0x800001fc x28=0x80010000 x29=0x00000001 x30=0x80000220 x31=0x00000000
step=0135 retired_pc=0x80000224 debug_pc=0x80000228 inst=0x009b7433 asm="and x8,x22,x9"
x00=0x00000000 x01=0x80000000 x02=0x80010000 x03=0xfffff8b5 x04=0xfc000004 x05=0x00000000 x06=0x00000000 x07=0x00000001 x08=0x00000000 x09=0xfc000000 x10=0xffff8000 x11=0x7fffface x12=0x00000000 x13=0x00000001 x14=0x8000066a x15=0xfffffb2a x16=0x00000000 x17=0x00000000 x18=0x00000000 x19=0xffffff3c x20=0x00000000 x21=0x00000478 x22=0x00000000 x23=0x0000075f x24=0x00000000 x25=0x00000000 x26=0x00000000 x27=0x800001fc x28=0x80010000 x29=0x00000001 x30=0x80000220 x31=0x00000000
step=0136 retired_pc=0x80000228 debug_pc=0x8000022c inst=0x523b2493 asm="slti x9,x22,1315"
x00=0x00000000 x01=0x80000000 x02=0x80010000 x03=0xfffff8b5 x04=0xfc000004 x05=0x00000000 x06=0x00000000 x07=0x00000001 x08=0x00000000 x09=0x00000001 x10=0xffff8000 x11=0x7fffface x12=0x00000000 x13=0x00000001 x14=0x8000066a x15=0xfffffb2a x16=0x00000000 x17=0x00000000 x18=0x00000000 x19=0xffffff3c x20=0x00000000 x21=0x00000478 x22=0x00000000 x23=0x0000075f x24=0x00000000 x25=0x00000000 x26=0x00000000 x27=0x800001fc x28=0x80010000 x29=0x00000001 x30=0x80000220 x31=0x00000000
step=0137 retired_pc=0x8000022c debug_pc=0x80000230 inst=0x01705c13 asm="srli x24,x0,23"
x00=0x00000000 x01=0x80000000 x02=0x80010000 x03=0xfffff8b5 x04=0xfc000004 x05=0x00000000 x06=0x00000000 x07=0x00000001 x08=0x00000000 x09=0x00000001 x10=0xffff8000 x11=0x7fffface x12=0x00000000 x13=0x00000001 x14=0x8000066a x15=0xfffffb2a x16=0x00000000 x17=0x00000000 x18=0x00000000 x19=0xffffff3c x20=0x00000000 x21=0x00000478 x22=0x00000000 x23=0x0000075f x24=0x00000000 x25=0x00000000 x26=0x00000000 x27=0x800001fc x28=0x80010000 x29=0x00000001 x30=0x80000220 x31=0x00000000
step=0138 retired_pc=0x80000230 debug_pc=0x80000234 inst=0x40cc86b3 asm="sub x13,x25,x12"
x00=0x00000000 x01=0x80000000 x02=0x80010000 x03=0xfffff8b5 x04=0xfc000004 x05=0x00000000 x06=0x00000000 x07=0x00000001 x08=0x00000000 x09=0x00000001 x10=0xffff8000 x11=0x7fffface x12=0x00000000 x13=0x00000000 x14=0x8000066a x15=0xfffffb2a x16=0x00000000 x17=0x00000000 x18=0x00000000 x19=0xffffff3c x20=0x00000000 x21=0x00000478 x22=0x00000000 x23=0x0000075f x24=0x00000000 x25=0x00000000 x26=0x00000000 x27=0x800001fc x28=0x80010000 x29=0x00000001 x30=0x80000220 x31=0x00000000
step=0139 retired_pc=0x80000234 debug_pc=0x80000238 inst=0x02110583 asm="lb x11,33(x2)"
x00=0x00000000 x01=0x80000000 x02=0x80010000 x03=0xfffff8b5 x04=0xfc000004 x05=0x00000000 x06=0x00000000 x07=0x00000001 x08=0x00000000 x09=0x00000001 x10=0xffff8000 x11=0x00000000 x12=0x00000000 x13=0x00000000 x14=0x8000066a x15=0xfffffb2a x16=0x00000000 x17=0x00000000 x18=0x00000000 x19=0xffffff3c x20=0x00000000 x21=0x00000478 x22=0x00000000 x23=0x0000075f x24=0x00000000 x25=0x00000000 x26=0x00000000 x27=0x800001fc x28=0x80010000 x29=0x00000001 x30=0x80000220 x31=0x00000000
step=0140 retired_pc=0x80000238 debug_pc=0x8000023c inst=0x404ddb93 asm="srai x23,x27,4"
x00=0x00000000 x01=0x80000000 x02=0x80010000 x03=0xfffff8b5 x04=0xfc000004 x05=0x00000000 x06=0x00000000 x07=0x00000001 x08=0x00000000 x09=0x00000001 x10=0xffff8000 x11=0x00000000 x12=0x00000000 x13=0x00000000 x14=0x8000066a x15=0xfffffb2a x16=0x00000000 x17=0x00000000 x18=0x00000000 x19=0xffffff3c x20=0x00000000 x21=0x00000478 x22=0x00000000 x23=0xf800001f x24=0x00000000 x25=0x00000000 x26=0x00000000 x27=0x800001fc x28=0x80010000 x29=0x00000001 x30=0x80000220 x31=0x00000000
step=0141 retired_pc=0x8000023c debug_pc=0x80000240 inst=0x014c5e93 asm="srli x29,x24,20"
x00=0x00000000 x01=0x80000000 x02=0x80010000 x03=0xfffff8b5 x04=0xfc000004 x05=0x00000000 x06=0x00000000 x07=0x00000001 x08=0x00000000 x09=0x00000001 x10=0xffff8000 x11=0x00000000 x12=0x00000000 x13=0x00000000 x14=0x8000066a x15=0xfffffb2a x16=0x00000000 x17=0x00000000 x18=0x00000000 x19=0xffffff3c x20=0x00000000 x21=0x00000478 x22=0x00000000 x23=0xf800001f x24=0x00000000 x25=0x00000000 x26=0x00000000 x27=0x800001fc x28=0x80010000 x29=0x00000000 x30=0x80000220 x31=0x00000000
step=0142 retired_pc=0x80000240 debug_pc=0x80000244 inst=0x0130a7b3 asm="slt x15,x1,x19"
x00=0x00000000 x01=0x80000000 x02=0x80010000 x03=0xfffff8b5 x04=0xfc000004 x05=0x00000000 x06=0x00000000 x07=0x00000001 x08=0x00000000 x09=0x00000001 x10=0xffff8000 x11=0x00000000 x12=0x00000000 x13=0x00000000 x14=0x8000066a x15=0x00000001 x16=0x00000000 x17=0x00000000 x18=0x00000000 x19=0xffffff3c x20=0x00000000 x21=0x00000478 x22=0x00000000 x23=0xf800001f x24=0x00000000 x25=0x00000000 x26=0x00000000 x27=0x800001fc x28=0x80010000 x29=0x00000000 x30=0x80000220 x31=0x00000000
step=0143 retired_pc=0x80000244 debug_pc=0x80000248 inst=0x08683013 asm="sltiu x0,x16,134"
x00=0x00000000 x01=0x80000000 x02=0x80010000 x03=0xfffff8b5 x04=0xfc000004 x05=0x00000000 x06=0x00000000 x07=0x00000001 x08=0x00000000 x09=0x00000001 x10=0xffff8000 x11=0x00000000 x12=0x00000000 x13=0x00000000 x14=0x8000066a x15=0x00000001 x16=0x00000000 x17=0x00000000 x18=0x00000000 x19=0xffffff3c x20=0x00000000 x21=0x00000478 x22=0x00000000 x23=0xf800001f x24=0x00000000 x25=0x00000000 x26=0x00000000 x27=0x800001fc x28=0x80010000 x29=0x00000000 x30=0x80000220 x31=0x00000000
step=0144 retired_pc=0x80000248 debug_pc=0x8000024c inst=0xe4c3b193 asm="sltiu x3,x7,-436"
x00=0x00000000 x01=0x80000000 x02=0x80010000 x03=0x00000001 x04=0xfc000004 x05=0x00000000 x06=0x00000000 x07=0x00000001 x08=0x00000000 x09=0x00000001 x10=0xffff8000 x11=0x00000000 x12=0x00000000 x13=0x00000000 x14=0x8000066a x15=0x00000001 x16=0x00000000 x17=0x00000000 x18=0x00000000 x19=0xffffff3c x20=0x00000000 x21=0x00000478 x22=0x00000000 x23=0xf800001f x24=0x00000000 x25=0x00000000 x26=0x00000000 x27=0x800001fc x28=0x80010000 x29=0x00000000 x30=0x80000220 x31=0x00000000
step=0145 retired_pc=0x8000024c debug_pc=0x80000250 inst=0x000b0263 asm="beq x22,x0,4"
x00=0x00000000 x01=0x80000000 x02=0x80010000 x03=0x00000001 x04=0xfc000004 x05=0x00000000 x06=0x00000000 x07=0x00000001 x08=0x00000000 x09=0x00000001 x10=0xffff8000 x11=0x00000000 x12=0x00000000 x13=0x00000000 x14=0x8000066a x15=0x00000001 x16=0x00000000 x17=0x00000000 x18=0x00000000 x19=0xffffff3c x20=0x00000000 x21=0x00000478 x22=0x00000000 x23=0xf800001f x24=0x00000000 x25=0x00000000 x26=0x00000000 x27=0x800001fc x28=0x80010000 x29=0x00000000 x30=0x80000220 x31=0x00000000
step=0146 retired_pc=0x80000250 debug_pc=0x80000254 inst=0x3c412b03 asm="lw x22,964(x2)"
x00=0x00000000 x01=0x80000000 x02=0x80010000 x03=0x00000001 x04=0xfc000004 x05=0x00000000 x06=0x00000000 x07=0x00000001 x08=0x00000000 x09=0x00000001 x10=0xffff8000 x11=0x00000000 x12=0x00000000 x13=0x00000000 x14=0x8000066a x15=0x00000001 x16=0x00000000 x17=0x00000000 x18=0x00000000 x19=0xffffff3c x20=0x00000000 x21=0x00000478 x22=0x00000000 x23=0xf800001f x24=0x00000000 x25=0x00000000 x26=0x00000000 x27=0x800001fc x28=0x80010000 x29=0x00000000 x30=0x80000220 x31=0x00000000
step=0147 retired_pc=0x80000254 debug_pc=0x80000258 inst=0x010d4eb3 asm="xor x29,x26,x16"
x00=0x00000000 x01=0x80000000 x02=0x80010000 x03=0x00000001 x04=0xfc000004 x05=0x00000000 x06=0x00000000 x07=0x00000001 x08=0x00000000 x09=0x00000001 x10=0xffff8000 x11=0x00000000 x12=0x00000000 x13=0x00000000 x14=0x8000066a x15=0x00000001 x16=0x00000000 x17=0x00000000 x18=0x00000000 x19=0xffffff3c x20=0x00000000 x21=0x00000478 x22=0x00000000 x23=0xf800001f x24=0x00000000 x25=0x00000000 x26=0x00000000 x27=0x800001fc x28=0x80010000 x29=0x00000000 x30=0x80000220 x31=0x00000000
step=0148 retired_pc=0x80000258 debug_pc=0x8000025c inst=0x32c10c03 asm="lb x24,812(x2)"
x00=0x00000000 x01=0x80000000 x02=0x80010000 x03=0x00000001 x04=0xfc000004 x05=0x00000000 x06=0x00000000 x07=0x00000001 x08=0x00000000 x09=0x00000001 x10=0xffff8000 x11=0x00000000 x12=0x00000000 x13=0x00000000 x14=0x8000066a x15=0x00000001 x16=0x00000000 x17=0x00000000 x18=0x00000000 x19=0xffffff3c x20=0x00000000 x21=0x00000478 x22=0x00000000 x23=0xf800001f x24=0x00000000 x25=0x00000000 x26=0x00000000 x27=0x800001fc x28=0x80010000 x29=0x00000000 x30=0x80000220 x31=0x00000000
step=0149 retired_pc=0x8000025c debug_pc=0x80000260 inst=0x00e94263 asm="blt x18,x14,4"
x00=0x00000000 x01=0x80000000 x02=0x80010000 x03=0x00000001 x04=0xfc000004 x05=0x00000000 x06=0x00000000 x07=0x00000001 x08=0x00000000 x09=0x00000001 x10=0xffff8000 x11=0x00000000 x12=0x00000000 x13=0x00000000 x14=0x8000066a x15=0x00000001 x16=0x00000000 x17=0x00000000 x18=0x00000000 x19=0xffffff3c x20=0x00000000 x21=0x00000478 x22=0x00000000 x23=0xf800001f x24=0x00000000 x25=0x00000000 x26=0x00000000 x27=0x800001fc x28=0x80010000 x29=0x00000000 x30=0x80000220 x31=0x00000000
step=0150 retired_pc=0x80000260 debug_pc=0x80000264 inst=0x01347833 asm="and x16,x8,x19"
x00=0x00000000 x01=0x80000000 x02=0x80010000 x03=0x00000001 x04=0xfc000004 x05=0x00000000 x06=0x00000000 x07=0x00000001 x08=0x00000000 x09=0x00000001 x10=0xffff8000 x11=0x00000000 x12=0x00000000 x13=0x00000000 x14=0x8000066a x15=0x00000001 x16=0x00000000 x17=0x00000000 x18=0x00000000 x19=0xffffff3c x20=0x00000000 x21=0x00000478 x22=0x00000000 x23=0xf800001f x24=0x00000000 x25=0x00000000 x26=0x00000000 x27=0x800001fc x28=0x80010000 x29=0x00000000 x30=0x80000220 x31=0x00000000
step=0151 retired_pc=0x80000264 debug_pc=0x80000268 inst=0x0040096f asm="jal x18,4"
x00=0x00000000 x01=0x80000000 x02=0x80010000 x03=0x00000001 x04=0xfc000004 x05=0x00000000 x06=0x00000000 x07=0x00000001 x08=0x00000000 x09=0x00000001 x10=0xffff8000 x11=0x00000000 x12=0x00000000 x13=0x00000000 x14=0x8000066a x15=0x00000001 x16=0x00000000 x17=0x00000000 x18=0x80000268 x19=0xffffff3c x20=0x00000000 x21=0x00000478 x22=0x00000000 x23=0xf800001f x24=0x00000000 x25=0x00000000 x26=0x00000000 x27=0x800001fc x28=0x80010000 x29=0x00000000 x30=0x80000220 x31=0x00000000
step=0152 retired_pc=0x80000268 debug_pc=0x8000026c inst=0x20114003 asm="lbu x0,513(x2)"
x00=0x00000000 x01=0x80000000 x02=0x80010000 x03=0x00000001 x04=0xfc000004 x05=0x00000000 x06=0x00000000 x07=0x00000001 x08=0x00000000 x09=0x00000001 x10=0xffff8000 x11=0x00000000 x12=0x00000000 x13=0x00000000 x14=0x8000066a x15=0x00000001 x16=0x00000000 x17=0x00000000 x18=0x80000268 x19=0xffffff3c x20=0x00000000 x21=0x00000478 x22=0x00000000 x23=0xf800001f x24=0x00000000 x25=0x00000000 x26=0x00000000 x27=0x800001fc x28=0x80010000 x29=0x00000000 x30=0x80000220 x31=0x00000000
step=0153 retired_pc=0x8000026c debug_pc=0x80000270 inst=0xf170a693 asm="slti x13,x1,-233"
x00=0x00000000 x01=0x80000000 x02=0x80010000 x03=0x00000001 x04=0xfc000004 x05=0x00000000 x06=0x00000000 x07=0x00000001 x08=0x00000000 x09=0x00000001 x10=0xffff8000 x11=0x00000000 x12=0x00000000 x13=0x00000001 x14=0x8000066a x15=0x00000001 x16=0x00000000 x17=0x00000000 x18=0x80000268 x19=0xffffff3c x20=0x00000000 x21=0x00000478 x22=0x00000000 x23=0xf800001f x24=0x00000000 x25=0x00000000 x26=0x00000000 x27=0x800001fc x28=0x80010000 x29=0x00000000 x30=0x80000220 x31=0x00000000
step=0154 retired_pc=0x80000270 debug_pc=0x80000274 inst=0x005066b3 asm="or x13,x0,x5"
x00=0x00000000 x01=0x80000000 x02=0x80010000 x03=0x00000001 x04=0xfc000004 x05=0x00000000 x06=0x00000000 x07=0x00000001 x08=0x00000000 x09=0x00000001 x10=0xffff8000 x11=0x00000000 x12=0x00000000 x13=0x00000000 x14=0x8000066a x15=0x00000001 x16=0x00000000 x17=0x00000000 x18=0x80000268 x19=0xffffff3c x20=0x00000000 x21=0x00000478 x22=0x00000000 x23=0xf800001f x24=0x00000000 x25=0x00000000 x26=0x00000000 x27=0x800001fc x28=0x80010000 x29=0x00000000 x30=0x80000220 x31=0x00000000
step=0155 retired_pc=0x80000274 debug_pc=0x80000278 inst=0xcefb4713 asm="xori x14,x22,-785"
x00=0x00000000 x01=0x80000000 x02=0x80010000 x03=0x00000001 x04=0xfc000004 x05=0x00000000 x06=0x00000000 x07=0x00000001 x08=0x00000000 x09=0x00000001 x10=0xffff8000 x11=0x00000000 x12=0x00000000 x13=0x00000000 x14=0xfffffcef x15=0x00000001 x16=0x00000000 x17=0x00000000 x18=0x80000268 x19=0xffffff3c x20=0x00000000 x21=0x00000478 x22=0x00000000 x23=0xf800001f x24=0x00000000 x25=0x00000000 x26=0x00000000 x27=0x800001fc x28=0x80010000 x29=0x00000000 x30=0x80000220 x31=0x00000000
step=0156 retired_pc=0x80000278 debug_pc=0x8000027c inst=0x81c43f13 asm="sltiu x30,x8,-2020"
x00=0x00000000 x01=0x80000000 x02=0x80010000 x03=0x00000001 x04=0xfc000004 x05=0x00000000 x06=0x00000000 x07=0x00000001 x08=0x00000000 x09=0x00000001 x10=0xffff8000 x11=0x00000000 x12=0x00000000 x13=0x00000000 x14=0xfffffcef x15=0x00000001 x16=0x00000000 x17=0x00000000 x18=0x80000268 x19=0xffffff3c x20=0x00000000 x21=0x00000478 x22=0x00000000 x23=0xf800001f x24=0x00000000 x25=0x00000000 x26=0x00000000 x27=0x800001fc x28=0x80010000 x29=0x00000000 x30=0x00000001 x31=0x00000000
step=0157 retired_pc=0x8000027c debug_pc=0x80000280 inst=0x13010803 asm="lb x16,304(x2)"
x00=0x00000000 x01=0x80000000 x02=0x80010000 x03=0x00000001 x04=0xfc000004 x05=0x00000000 x06=0x00000000 x07=0x00000001 x08=0x00000000 x09=0x00000001 x10=0xffff8000 x11=0x00000000 x12=0x00000000 x13=0x00000000 x14=0xfffffcef x15=0x00000001 x16=0x00000000 x17=0x00000000 x18=0x80000268 x19=0xffffff3c x20=0x00000000 x21=0x00000478 x22=0x00000000 x23=0xf800001f x24=0x00000000 x25=0x00000000 x26=0x00000000 x27=0x800001fc x28=0x80010000 x29=0x00000000 x30=0x00000001 x31=0x00000000
step=0158 retired_pc=0x80000280 debug_pc=0x80000284 inst=0x00eba933 asm="slt x18,x23,x14"
x00=0x00000000 x01=0x80000000 x02=0x80010000 x03=0x00000001 x04=0xfc000004 x05=0x00000000 x06=0x00000000 x07=0x00000001 x08=0x00000000 x09=0x00000001 x10=0xffff8000 x11=0x00000000 x12=0x00000000 x13=0x00000000 x14=0xfffffcef x15=0x00000001 x16=0x00000000 x17=0x00000000 x18=0x00000001 x19=0xffffff3c x20=0x00000000 x21=0x00000478 x22=0x00000000 x23=0xf800001f x24=0x00000000 x25=0x00000000 x26=0x00000000 x27=0x800001fc x28=0x80010000 x29=0x00000000 x30=0x00000001 x31=0x00000000
step=0159 retired_pc=0x80000284 debug_pc=0x80000288 inst=0x0136f263 asm="bgeu x13,x19,4"
x00=0x00000000 x01=0x80000000 x02=0x80010000 x03=0x00000001 x04=0xfc000004 x05=0x00000000 x06=0x00000000 x07=0x00000001 x08=0x00000000 x09=0x00000001 x10=0xffff8000 x11=0x00000000 x12=0x00000000 x13=0x00000000 x14=0xfffffcef x15=0x00000001 x16=0x00000000 x17=0x00000000 x18=0x00000001 x19=0xffffff3c x20=0x00000000 x21=0x00000478 x22=0x00000000 x23=0xf800001f x24=0x00000000 x25=0x00000000 x26=0x00000000 x27=0x800001fc x28=0x80010000 x29=0x00000000 x30=0x00000001 x31=0x00000000
step=0160 retired_pc=0x80000288 debug_pc=0x8000028c inst=0x00a51593 asm="slli x11,x10,10"
x00=0x00000000 x01=0x80000000 x02=0x80010000 x03=0x00000001 x04=0xfc000004 x05=0x00000000 x06=0x00000000 x07=0x00000001 x08=0x00000000 x09=0x00000001 x10=0xffff8000 x11=0xfe000000 x12=0x00000000 x13=0x00000000 x14=0xfffffcef x15=0x00000001 x16=0x00000000 x17=0x00000000 x18=0x00000001 x19=0xffffff3c x20=0x00000000 x21=0x00000478 x22=0x00000000 x23=0xf800001f x24=0x00000000 x25=0x00000000 x26=0x00000000 x27=0x800001fc x28=0x80010000 x29=0x00000000 x30=0x00000001 x31=0x00000000
step=0161 retired_pc=0x8000028c debug_pc=0x80000290 inst=0x17c10aa3 asm="sb x28,373(x2)"
x00=0x00000000 x01=0x80000000 x02=0x80010000 x03=0x00000001 x04=0xfc000004 x05=0x00000000 x06=0x00000000 x07=0x00000001 x08=0x00000000 x09=0x00000001 x10=0xffff8000 x11=0xfe000000 x12=0x00000000 x13=0x00000000 x14=0xfffffcef x15=0x00000001 x16=0x00000000 x17=0x00000000 x18=0x00000001 x19=0xffffff3c x20=0x00000000 x21=0x00000478 x22=0x00000000 x23=0xf800001f x24=0x00000000 x25=0x00000000 x26=0x00000000 x27=0x800001fc x28=0x80010000 x29=0x00000000 x30=0x00000001 x31=0x00000000
step=0162 retired_pc=0x80000290 debug_pc=0x80000294 inst=0x1f512823 asm="sw x21,496(x2)"
x00=0x00000000 x01=0x80000000 x02=0x80010000 x03=0x00000001 x04=0xfc000004 x05=0x00000000 x06=0x00000000 x07=0x00000001 x08=0x00000000 x09=0x00000001 x10=0xffff8000 x11=0xfe000000 x12=0x00000000 x13=0x00000000 x14=0xfffffcef x15=0x00000001 x16=0x00000000 x17=0x00000000 x18=0x00000001 x19=0xffffff3c x20=0x00000000 x21=0x00000478 x22=0x00000000 x23=0xf800001f x24=0x00000000 x25=0x00000000 x26=0x00000000 x27=0x800001fc x28=0x80010000 x29=0x00000000 x30=0x00000001 x31=0x00000000
step=0163 retired_pc=0x80000294 debug_pc=0x80000298 inst=0x10714203 asm="lbu x4,263(x2)"
x00=0x00000000 x01=0x80000000 x02=0x80010000 x03=0x00000001 x04=0x00000000 x05=0x00000000 x06=0x00000000 x07=0x00000001 x08=0x00000000 x09=0x00000001 x10=0xffff8000 x11=0xfe000000 x12=0x00000000 x13=0x00000000 x14=0xfffffcef x15=0x00000001 x16=0x00000000 x17=0x00000000 x18=0x00000001 x19=0xffffff3c x20=0x00000000 x21=0x00000478 x22=0x00000000 x23=0xf800001f x24=0x00000000 x25=0x00000000 x26=0x00000000 x27=0x800001fc x28=0x80010000 x29=0x00000000 x30=0x00000001 x31=0x00000000
step=0164 retired_pc=0x80000298 debug_pc=0x8000029c inst=0x409e8033 asm="sub x0,x29,x9"
x00=0x00000000 x01=0x80000000 x02=0x80010000 x03=0x00000001 x04=0x00000000 x05=0x00000000 x06=0x00000000 x07=0x00000001 x08=0x00000000 x09=0x00000001 x10=0xffff8000 x11=0xfe000000 x12=0x00000000 x13=0x00000000 x14=0xfffffcef x15=0x00000001 x16=0x00000000 x17=0x00000000 x18=0x00000001 x19=0xffffff3c x20=0x00000000 x21=0x00000478 x22=0x00000000 x23=0xf800001f x24=0x00000000 x25=0x00000000 x26=0x00000000 x27=0x800001fc x28=0x80010000 x29=0x00000000 x30=0x00000001 x31=0x00000000
step=0165 retired_pc=0x8000029c debug_pc=0x800002a0 inst=0x012eb333 asm="sltu x6,x29,x18"
x00=0x00000000 x01=0x80000000 x02=0x80010000 x03=0x00000001 x04=0x00000000 x05=0x00000000 x06=0x00000001 x07=0x00000001 x08=0x00000000 x09=0x00000001 x10=0xffff8000 x11=0xfe000000 x12=0x00000000 x13=0x00000000 x14=0xfffffcef x15=0x00000001 x16=0x00000000 x17=0x00000000 x18=0x00000001 x19=0xffffff3c x20=0x00000000 x21=0x00000478 x22=0x00000000 x23=0xf800001f x24=0x00000000 x25=0x00000000 x26=0x00000000 x27=0x800001fc x28=0x80010000 x29=0x00000000 x30=0x00000001 x31=0x00000000
step=0166 retired_pc=0x800002a0 debug_pc=0x800002a4 inst=0x9553b413 asm="sltiu x8,x7,-1707"
x00=0x00000000 x01=0x80000000 x02=0x80010000 x03=0x00000001 x04=0x00000000 x05=0x00000000 x06=0x00000001 x07=0x00000001 x08=0x00000001 x09=0x00000001 x10=0xffff8000 x11=0xfe000000 x12=0x00000000 x13=0x00000000 x14=0xfffffcef x15=0x00000001 x16=0x00000000 x17=0x00000000 x18=0x00000001 x19=0xffffff3c x20=0x00000000 x21=0x00000478 x22=0x00000000 x23=0xf800001f x24=0x00000000 x25=0x00000000 x26=0x00000000 x27=0x800001fc x28=0x80010000 x29=0x00000000 x30=0x00000001 x31=0x00000000
step=0167 retired_pc=0x800002a4 debug_pc=0x800002a8 inst=0xe4f002b7 asm="lui x5,0xe4f00"
x00=0x00000000 x01=0x80000000 x02=0x80010000 x03=0x00000001 x04=0x00000000 x05=0xe4f00000 x06=0x00000001 x07=0x00000001 x08=0x00000001 x09=0x00000001 x10=0xffff8000 x11=0xfe000000 x12=0x00000000 x13=0x00000000 x14=0xfffffcef x15=0x00000001 x16=0x00000000 x17=0x00000000 x18=0x00000001 x19=0xffffff3c x20=0x00000000 x21=0x00000478 x22=0x00000000 x23=0xf800001f x24=0x00000000 x25=0x00000000 x26=0x00000000 x27=0x800001fc x28=0x80010000 x29=0x00000000 x30=0x00000001 x31=0x00000000
step=0168 retired_pc=0x800002a8 debug_pc=0x800002ac inst=0x404755b3 asm="sra x11,x14,x4"
x00=0x00000000 x01=0x80000000 x02=0x80010000 x03=0x00000001 x04=0x00000000 x05=0xe4f00000 x06=0x00000001 x07=0x00000001 x08=0x00000001 x09=0x00000001 x10=0xffff8000 x11=0xfffffcef x12=0x00000000 x13=0x00000000 x14=0xfffffcef x15=0x00000001 x16=0x00000000 x17=0x00000000 x18=0x00000001 x19=0xffffff3c x20=0x00000000 x21=0x00000478 x22=0x00000000 x23=0xf800001f x24=0x00000000 x25=0x00000000 x26=0x00000000 x27=0x800001fc x28=0x80010000 x29=0x00000000 x30=0x00000001 x31=0x00000000
step=0169 retired_pc=0x800002ac debug_pc=0x800002b0 inst=0xe5eb2a93 asm="slti x21,x22,-418"
x00=0x00000000 x01=0x80000000 x02=0x80010000 x03=0x00000001 x04=0x00000000 x05=0xe4f00000 x06=0x00000001 x07=0x00000001 x08=0x00000001 x09=0x00000001 x10=0xffff8000 x11=0xfffffcef x12=0x00000000 x13=0x00000000 x14=0xfffffcef x15=0x00000001 x16=0x00000000 x17=0x00000000 x18=0x00000001 x19=0xffffff3c x20=0x00000000 x21=0x00000000 x22=0x00000000 x23=0xf800001f x24=0x00000000 x25=0x00000000 x26=0x00000000 x27=0x800001fc x28=0x80010000 x29=0x00000000 x30=0x00000001 x31=0x00000000
step=0170 retired_pc=0x800002b0 debug_pc=0x800002b4 inst=0x0171f263 asm="bgeu x3,x23,4"
x00=0x00000000 x01=0x80000000 x02=0x80010000 x03=0x00000001 x04=0x00000000 x05=0xe4f00000 x06=0x00000001 x07=0x00000001 x08=0x00000001 x09=0x00000001 x10=0xffff8000 x11=0xfffffcef x12=0x00000000 x13=0x00000000 x14=0xfffffcef x15=0x00000001 x16=0x00000000 x17=0x00000000 x18=0x00000001 x19=0xffffff3c x20=0x00000000 x21=0x00000000 x22=0x00000000 x23=0xf800001f x24=0x00000000 x25=0x00000000 x26=0x00000000 x27=0x800001fc x28=0x80010000 x29=0x00000000 x30=0x00000001 x31=0x00000000
step=0171 retired_pc=0x800002b4 debug_pc=0x800002b8 inst=0x01609333 asm="sll x6,x1,x22"
x00=0x00000000 x01=0x80000000 x02=0x80010000 x03=0x00000001 x04=0x00000000 x05=0xe4f00000 x06=0x80000000 x07=0x00000001 x08=0x00000001 x09=0x00000001 x10=0xffff8000 x11=0xfffffcef x12=0x00000000 x13=0x00000000 x14=0xfffffcef x15=0x00000001 x16=0x00000000 x17=0x00000000 x18=0x00000001 x19=0xffffff3c x20=0x00000000 x21=0x00000000 x22=0x00000000 x23=0xf800001f x24=0x00000000 x25=0x00000000 x26=0x00000000 x27=0x800001fc x28=0x80010000 x29=0x00000000 x30=0x00000001 x31=0x00000000
step=0172 retired_pc=0x800002b8 debug_pc=0x800002bc inst=0x0a412423 asm="sw x4,168(x2)"
x00=0x00000000 x01=0x80000000 x02=0x80010000 x03=0x00000001 x04=0x00000000 x05=0xe4f00000 x06=0x80000000 x07=0x00000001 x08=0x00000001 x09=0x00000001 x10=0xffff8000 x11=0xfffffcef x12=0x00000000 x13=0x00000000 x14=0xfffffcef x15=0x00000001 x16=0x00000000 x17=0x00000000 x18=0x00000001 x19=0xffffff3c x20=0x00000000 x21=0x00000000 x22=0x00000000 x23=0xf800001f x24=0x00000000 x25=0x00000000 x26=0x00000000 x27=0x800001fc x28=0x80010000 x29=0x00000000 x30=0x00000001 x31=0x00000000
step=0173 retired_pc=0x800002bc debug_pc=0x800002c0 inst=0x006e3333 asm="sltu x6,x28,x6"
x00=0x00000000 x01=0x80000000 x02=0x80010000 x03=0x00000001 x04=0x00000000 x05=0xe4f00000 x06=0x00000000 x07=0x00000001 x08=0x00000001 x09=0x00000001 x10=0xffff8000 x11=0xfffffcef x12=0x00000000 x13=0x00000000 x14=0xfffffcef x15=0x00000001 x16=0x00000000 x17=0x00000000 x18=0x00000001 x19=0xffffff3c x20=0x00000000 x21=0x00000000 x22=0x00000000 x23=0xf800001f x24=0x00000000 x25=0x00000000 x26=0x00000000 x27=0x800001fc x28=0x80010000 x29=0x00000000 x30=0x00000001 x31=0x00000000
step=0174 retired_pc=0x800002c0 debug_pc=0x800002c4 inst=0x0ecff593 asm="andi x11,x31,236"
x00=0x00000000 x01=0x80000000 x02=0x80010000 x03=0x00000001 x04=0x00000000 x05=0xe4f00000 x06=0x00000000 x07=0x00000001 x08=0x00000001 x09=0x00000001 x10=0xffff8000 x11=0x00000000 x12=0x00000000 x13=0x00000000 x14=0xfffffcef x15=0x00000001 x16=0x00000000 x17=0x00000000 x18=0x00000001 x19=0xffffff3c x20=0x00000000 x21=0x00000000 x22=0x00000000 x23=0xf800001f x24=0x00000000 x25=0x00000000 x26=0x00000000 x27=0x800001fc x28=0x80010000 x29=0x00000000 x30=0x00000001 x31=0x00000000
step=0175 retired_pc=0x800002c4 debug_pc=0x800002c8 inst=0x60990c17 asm="auipc x24,0x60990"
x00=0x00000000 x01=0x80000000 x02=0x80010000 x03=0x00000001 x04=0x00000000 x05=0xe4f00000 x06=0x00000000 x07=0x00000001 x08=0x00000001 x09=0x00000001 x10=0xffff8000 x11=0x00000000 x12=0x00000000 x13=0x00000000 x14=0xfffffcef x15=0x00000001 x16=0x00000000 x17=0x00000000 x18=0x00000001 x19=0xffffff3c x20=0x00000000 x21=0x00000000 x22=0x00000000 x23=0xf800001f x24=0xe09902c4 x25=0x00000000 x26=0x00000000 x27=0x800001fc x28=0x80010000 x29=0x00000000 x30=0x00000001 x31=0x00000000
step=0176 retired_pc=0x800002c8 debug_pc=0x800002cc inst=0x3aee8d13 asm="addi x26,x29,942"
x00=0x00000000 x01=0x80000000 x02=0x80010000 x03=0x00000001 x04=0x00000000 x05=0xe4f00000 x06=0x00000000 x07=0x00000001 x08=0x00000001 x09=0x00000001 x10=0xffff8000 x11=0x00000000 x12=0x00000000 x13=0x00000000 x14=0xfffffcef x15=0x00000001 x16=0x00000000 x17=0x00000000 x18=0x00000001 x19=0xffffff3c x20=0x00000000 x21=0x00000000 x22=0x00000000 x23=0xf800001f x24=0xe09902c4 x25=0x00000000 x26=0x000003ae x27=0x800001fc x28=0x80010000 x29=0x00000000 x30=0x00000001 x31=0x00000000
step=0177 retired_pc=0x800002cc debug_pc=0x800002d0 inst=0x014b4c33 asm="xor x24,x22,x20"
x00=0x00000000 x01=0x80000000 x02=0x80010000 x03=0x00000001 x04=0x00000000 x05=0xe4f00000 x06=0x00000000 x07=0x00000001 x08=0x00000001 x09=0x00000001 x10=0xffff8000 x11=0x00000000 x12=0x00000000 x13=0x00000000 x14=0xfffffcef x15=0x00000001 x16=0x00000000 x17=0x00000000 x18=0x00000001 x19=0xffffff3c x20=0x00000000 x21=0x00000000 x22=0x00000000 x23=0xf800001f x24=0x00000000 x25=0x00000000 x26=0x000003ae x27=0x800001fc x28=0x80010000 x29=0x00000000 x30=0x00000001 x31=0x00000000
step=0178 retired_pc=0x800002d0 debug_pc=0x800002d4 inst=0x013cd263 asm="bge x25,x19,4"
x00=0x00000000 x01=0x80000000 x02=0x80010000 x03=0x00000001 x04=0x00000000 x05=0xe4f00000 x06=0x00000000 x07=0x00000001 x08=0x00000001 x09=0x00000001 x10=0xffff8000 x11=0x00000000 x12=0x00000000 x13=0x00000000 x14=0xfffffcef x15=0x00000001 x16=0x00000000 x17=0x00000000 x18=0x00000001 x19=0xffffff3c x20=0x00000000 x21=0x00000000 x22=0x00000000 x23=0xf800001f x24=0x00000000 x25=0x00000000 x26=0x000003ae x27=0x800001fc x28=0x80010000 x29=0x00000000 x30=0x00000001 x31=0x00000000
step=0179 retired_pc=0x800002d4 debug_pc=0x800002d8 inst=0x00e9e263 asm="bltu x19,x14,4"
x00=0x00000000 x01=0x80000000 x02=0x80010000 x03=0x00000001 x04=0x00000000 x05=0xe4f00000 x06=0x00000000 x07=0x00000001 x08=0x00000001 x09=0x00000001 x10=0xffff8000 x11=0x00000000 x12=0x00000000 x13=0x00000000 x14=0xfffffcef x15=0x00000001 x16=0x00000000 x17=0x00000000 x18=0x00000001 x19=0xffffff3c x20=0x00000000 x21=0x00000000 x22=0x00000000 x23=0xf800001f x24=0x00000000 x25=0x00000000 x26=0x000003ae x27=0x800001fc x28=0x80010000 x29=0x00000000 x30=0x00000001 x31=0x00000000
step=0180 retired_pc=0x800002d8 debug_pc=0x800002dc inst=0x009e1a13 asm="slli x20,x28,9"
x00=0x00000000 x01=0x80000000 x02=0x80010000 x03=0x00000001 x04=0x00000000 x05=0xe4f00000 x06=0x00000000 x07=0x00000001 x08=0x00000001 x09=0x00000001 x10=0xffff8000 x11=0x00000000 x12=0x00000000 x13=0x00000000 x14=0xfffffcef x15=0x00000001 x16=0x00000000 x17=0x00000000 x18=0x00000001 x19=0xffffff3c x20=0x02000000 x21=0x00000000 x22=0x00000000 x23=0xf800001f x24=0x00000000 x25=0x00000000 x26=0x000003ae x27=0x800001fc x28=0x80010000 x29=0x00000000 x30=0x00000001 x31=0x00000000
step=0181 retired_pc=0x800002dc debug_pc=0x800002e0 inst=0x014b12b3 asm="sll x5,x22,x20"
x00=0x00000000 x01=0x80000000 x02=0x80010000 x03=0x00000001 x04=0x00000000 x05=0x00000000 x06=0x00000000 x07=0x00000001 x08=0x00000001 x09=0x00000001 x10=0xffff8000 x11=0x00000000 x12=0x00000000 x13=0x00000000 x14=0xfffffcef x15=0x00000001 x16=0x00000000 x17=0x00000000 x18=0x00000001 x19=0xffffff3c x20=0x02000000 x21=0x00000000 x22=0x00000000 x23=0xf800001f x24=0x00000000 x25=0x00000000 x26=0x000003ae x27=0x800001fc x28=0x80010000 x29=0x00000000 x30=0x00000001 x31=0x00000000
step=0182 retired_pc=0x800002e0 debug_pc=0x800002e4 inst=0x41ef5e13 asm="srai x28,x30,30"
x00=0x00000000 x01=0x80000000 x02=0x80010000 x03=0x00000001 x04=0x00000000 x05=0x00000000 x06=0x00000000 x07=0x00000001 x08=0x00000001 x09=0x00000001 x10=0xffff8000 x11=0x00000000 x12=0x00000000 x13=0x00000000 x14=0xfffffcef x15=0x00000001 x16=0x00000000 x17=0x00000000 x18=0x00000001 x19=0xffffff3c x20=0x02000000 x21=0x00000000 x22=0x00000000 x23=0xf800001f x24=0x00000000 x25=0x00000000 x26=0x000003ae x27=0x800001fc x28=0x00000000 x29=0x00000000 x30=0x00000001 x31=0x00000000
step=0183 retired_pc=0x800002e4 debug_pc=0x800002e8 inst=0x011a1013 asm="slli x0,x20,17"
x00=0x00000000 x01=0x80000000 x02=0x80010000 x03=0x00000001 x04=0x00000000 x05=0x00000000 x06=0x00000000 x07=0x00000001 x08=0x00000001 x09=0x00000001 x10=0xffff8000 x11=0x00000000 x12=0x00000000 x13=0x00000000 x14=0xfffffcef x15=0x00000001 x16=0x00000000 x17=0x00000000 x18=0x00000001 x19=0xffffff3c x20=0x02000000 x21=0x00000000 x22=0x00000000 x23=0xf800001f x24=0x00000000 x25=0x00000000 x26=0x000003ae x27=0x800001fc x28=0x00000000 x29=0x00000000 x30=0x00000001 x31=0x00000000
step=0184 retired_pc=0x800002e8 debug_pc=0x800002ec inst=0x01ff5263 asm="bge x30,x31,4"
x00=0x00000000 x01=0x80000000 x02=0x80010000 x03=0x00000001 x04=0x00000000 x05=0x00000000 x06=0x00000000 x07=0x00000001 x08=0x00000001 x09=0x00000001 x10=0xffff8000 x11=0x00000000 x12=0x00000000 x13=0x00000000 x14=0xfffffcef x15=0x00000001 x16=0x00000000 x17=0x00000000 x18=0x00000001 x19=0xffffff3c x20=0x02000000 x21=0x00000000 x22=0x00000000 x23=0xf800001f x24=0x00000000 x25=0x00000000 x26=0x000003ae x27=0x800001fc x28=0x00000000 x29=0x00000000 x30=0x00000001 x31=0x00000000
step=0185 retired_pc=0x800002ec debug_pc=0x800002f0 inst=0x0b712423 asm="sw x23,168(x2)"
x00=0x00000000 x01=0x80000000 x02=0x80010000 x03=0x00000001 x04=0x00000000 x05=0x00000000 x06=0x00000000 x07=0x00000001 x08=0x00000001 x09=0x00000001 x10=0xffff8000 x11=0x00000000 x12=0x00000000 x13=0x00000000 x14=0xfffffcef x15=0x00000001 x16=0x00000000 x17=0x00000000 x18=0x00000001 x19=0xffffff3c x20=0x02000000 x21=0x00000000 x22=0x00000000 x23=0xf800001f x24=0x00000000 x25=0x00000000 x26=0x000003ae x27=0x800001fc x28=0x00000000 x29=0x00000000 x30=0x00000001 x31=0x00000000
step=0186 retired_pc=0x800002f0 debug_pc=0x800002f4 inst=0x4064d613 asm="srai x12,x9,6"
x00=0x00000000 x01=0x80000000 x02=0x80010000 x03=0x00000001 x04=0x00000000 x05=0x00000000 x06=0x00000000 x07=0x00000001 x08=0x00000001 x09=0x00000001 x10=0xffff8000 x11=0x00000000 x12=0x00000000 x13=0x00000000 x14=0xfffffcef x15=0x00000001 x16=0x00000000 x17=0x00000000 x18=0x00000001 x19=0xffffff3c x20=0x02000000 x21=0x00000000 x22=0x00000000 x23=0xf800001f x24=0x00000000 x25=0x00000000 x26=0x000003ae x27=0x800001fc x28=0x00000000 x29=0x00000000 x30=0x00000001 x31=0x00000000
step=0187 retired_pc=0x800002f4 debug_pc=0x800002f8 inst=0x00400a6f asm="jal x20,4"
x00=0x00000000 x01=0x80000000 x02=0x80010000 x03=0x00000001 x04=0x00000000 x05=0x00000000 x06=0x00000000 x07=0x00000001 x08=0x00000001 x09=0x00000001 x10=0xffff8000 x11=0x00000000 x12=0x00000000 x13=0x00000000 x14=0xfffffcef x15=0x00000001 x16=0x00000000 x17=0x00000000 x18=0x00000001 x19=0xffffff3c x20=0x800002f8 x21=0x00000000 x22=0x00000000 x23=0xf800001f x24=0x00000000 x25=0x00000000 x26=0x000003ae x27=0x800001fc x28=0x00000000 x29=0x00000000 x30=0x00000001 x31=0x00000000
step=0188 retired_pc=0x800002f8 debug_pc=0x800002fc inst=0x01e68263 asm="beq x13,x30,4"
x00=0x00000000 x01=0x80000000 x02=0x80010000 x03=0x00000001 x04=0x00000000 x05=0x00000000 x06=0x00000000 x07=0x00000001 x08=0x00000001 x09=0x00000001 x10=0xffff8000 x11=0x00000000 x12=0x00000000 x13=0x00000000 x14=0xfffffcef x15=0x00000001 x16=0x00000000 x17=0x00000000 x18=0x00000001 x19=0xffffff3c x20=0x800002f8 x21=0x00000000 x22=0x00000000 x23=0xf800001f x24=0x00000000 x25=0x00000000 x26=0x000003ae x27=0x800001fc x28=0x00000000 x29=0x00000000 x30=0x00000001 x31=0x00000000
step=0189 retired_pc=0x800002fc debug_pc=0x80000300 inst=0x019ca6b3 asm="slt x13,x25,x25"
x00=0x00000000 x01=0x80000000 x02=0x80010000 x03=0x00000001 x04=0x00000000 x05=0x00000000 x06=0x00000000 x07=0x00000001 x08=0x00000001 x09=0x00000001 x10=0xffff8000 x11=0x00000000 x12=0x00000000 x13=0x00000000 x14=0xfffffcef x15=0x00000001 x16=0x00000000 x17=0x00000000 x18=0x00000001 x19=0xffffff3c x20=0x800002f8 x21=0x00000000 x22=0x00000000 x23=0xf800001f x24=0x00000000 x25=0x00000000 x26=0x000003ae x27=0x800001fc x28=0x00000000 x29=0x00000000 x30=0x00000001 x31=0x00000000
step=0190 retired_pc=0x80000300 debug_pc=0x80000304 inst=0x01158033 asm="add x0,x11,x17"
x00=0x00000000 x01=0x80000000 x02=0x80010000 x03=0x00000001 x04=0x00000000 x05=0x00000000 x06=0x00000000 x07=0x00000001 x08=0x00000001 x09=0x00000001 x10=0xffff8000 x11=0x00000000 x12=0x00000000 x13=0x00000000 x14=0xfffffcef x15=0x00000001 x16=0x00000000 x17=0x00000000 x18=0x00000001 x19=0xffffff3c x20=0x800002f8 x21=0x00000000 x22=0x00000000 x23=0xf800001f x24=0x00000000 x25=0x00000000 x26=0x000003ae x27=0x800001fc x28=0x00000000 x29=0x00000000 x30=0x00000001 x31=0x00000000
step=0191 retired_pc=0x80000304 debug_pc=0x80000308 inst=0x22610203 asm="lb x4,550(x2)"
x00=0x00000000 x01=0x80000000 x02=0x80010000 x03=0x00000001 x04=0x00000000 x05=0x00000000 x06=0x00000000 x07=0x00000001 x08=0x00000001 x09=0x00000001 x10=0xffff8000 x11=0x00000000 x12=0x00000000 x13=0x00000000 x14=0xfffffcef x15=0x00000001 x16=0x00000000 x17=0x00000000 x18=0x00000001 x19=0xffffff3c x20=0x800002f8 x21=0x00000000 x22=0x00000000 x23=0xf800001f x24=0x00000000 x25=0x00000000 x26=0x000003ae x27=0x800001fc x28=0x00000000 x29=0x00000000 x30=0x00000001 x31=0x00000000
step=0192 retired_pc=0x80000308 debug_pc=0x8000030c inst=0x11e14f83 asm="lbu x31,286(x2)"
x00=0x00000000 x01=0x80000000 x02=0x80010000 x03=0x00000001 x04=0x00000000 x05=0x00000000 x06=0x00000000 x07=0x00000001 x08=0x00000001 x09=0x00000001 x10=0xffff8000 x11=0x00000000 x12=0x00000000 x13=0x00000000 x14=0xfffffcef x15=0x00000001 x16=0x00000000 x17=0x00000000 x18=0x00000001 x19=0xffffff3c x20=0x800002f8 x21=0x00000000 x22=0x00000000 x23=0xf800001f x24=0x00000000 x25=0x00000000 x26=0x000003ae x27=0x800001fc x28=0x00000000 x29=0x00000000 x30=0x00000001 x31=0x00000000
step=0193 retired_pc=0x8000030c debug_pc=0x80000310 inst=0x31008d67 asm="jalr x26,784(x1)"
x00=0x00000000 x01=0x80000000 x02=0x80010000 x03=0x00000001 x04=0x00000000 x05=0x00000000 x06=0x00000000 x07=0x00000001 x08=0x00000001 x09=0x00000001 x10=0xffff8000 x11=0x00000000 x12=0x00000000 x13=0x00000000 x14=0xfffffcef x15=0x00000001 x16=0x00000000 x17=0x00000000 x18=0x00000001 x19=0xffffff3c x20=0x800002f8 x21=0x00000000 x22=0x00000000 x23=0xf800001f x24=0x00000000 x25=0x00000000 x26=0x80000310 x27=0x800001fc x28=0x00000000 x29=0x00000000 x30=0x00000001 x31=0x00000000
step=0194 retired_pc=0x80000310 debug_pc=0x80000314 inst=0x00371893 asm="slli x17,x14,3"
x00=0x00000000 x01=0x80000000 x02=0x80010000 x03=0x00000001 x04=0x00000000 x05=0x00000000 x06=0x00000000 x07=0x00000001 x08=0x00000001 x09=0x00000001 x10=0xffff8000 x11=0x00000000 x12=0x00000000 x13=0x00000000 x14=0xfffffcef x15=0x00000001 x16=0x00000000 x17=0xffffe778 x18=0x00000001 x19=0xffffff3c x20=0x800002f8 x21=0x00000000 x22=0x00000000 x23=0xf800001f x24=0x00000000 x25=0x00000000 x26=0x80000310 x27=0x800001fc x28=0x00000000 x29=0x00000000 x30=0x00000001 x31=0x00000000
step=0195 retired_pc=0x80000314 debug_pc=0x80000318 inst=0x91a04e13 asm="xori x28,x0,-1766"
x00=0x00000000 x01=0x80000000 x02=0x80010000 x03=0x00000001 x04=0x00000000 x05=0x00000000 x06=0x00000000 x07=0x00000001 x08=0x00000001 x09=0x00000001 x10=0xffff8000 x11=0x00000000 x12=0x00000000 x13=0x00000000 x14=0xfffffcef x15=0x00000001 x16=0x00000000 x17=0xffffe778 x18=0x00000001 x19=0xffffff3c x20=0x800002f8 x21=0x00000000 x22=0x00000000 x23=0xf800001f x24=0x00000000 x25=0x00000000 x26=0x80000310 x27=0x800001fc x28=0xfffff91a x29=0x00000000 x30=0x00000001 x31=0x00000000
step=0196 retired_pc=0x80000318 debug_pc=0x8000031c inst=0x003e5b33 asm="srl x22,x28,x3"
x00=0x00000000 x01=0x80000000 x02=0x80010000 x03=0x00000001 x04=0x00000000 x05=0x00000000 x06=0x00000000 x07=0x00000001 x08=0x00000001 x09=0x00000001 x10=0xffff8000 x11=0x00000000 x12=0x00000000 x13=0x00000000 x14=0xfffffcef x15=0x00000001 x16=0x00000000 x17=0xffffe778 x18=0x00000001 x19=0xffffff3c x20=0x800002f8 x21=0x00000000 x22=0x7ffffc8d x23=0xf800001f x24=0x00000000 x25=0x00000000 x26=0x80000310 x27=0x800001fc x28=0xfffff91a x29=0x00000000 x30=0x00000001 x31=0x00000000
step=0197 retired_pc=0x8000031c debug_pc=0x8000031c inst=0x00000fef asm="jal x31,0"
x00=0x00000000 x01=0x80000000 x02=0x80010000 x03=0x00000001 x04=0x00000000 x05=0x00000000 x06=0x00000000 x07=0x00000001 x08=0x00000001 x09=0x00000001 x10=0xffff8000 x11=0x00000000 x12=0x00000000 x13=0x00000000 x14=0xfffffcef x15=0x00000001 x16=0x00000000 x17=0xffffe778 x18=0x00000001 x19=0xffffff3c x20=0x800002f8 x21=0x00000000 x22=0x7ffffc8d x23=0xf800001f x24=0x00000000 x25=0x00000000 x26=0x80000310 x27=0x800001fc x28=0xfffff91a x29=0x00000000 x30=0x00000001 x31=0x80000320
step=0198 retired_pc=0x8000031c debug_pc=0x8000031c inst=0x00000fef asm="jal x31,0"
x00=0x00000000 x01=0x80000000 x02=0x80010000 x03=0x00000001 x04=0x00000000 x05=0x00000000 x06=0x00000000 x07=0x00000001 x08=0x00000001 x09=0x00000001 x10=0xffff8000 x11=0x00000000 x12=0x00000000 x13=0x00000000 x14=0xfffffcef x15=0x00000001 x16=0x00000000 x17=0xffffe778 x18=0x00000001 x19=0xffffff3c x20=0x800002f8 x21=0x00000000 x22=0x7ffffc8d x23=0xf800001f x24=0x00000000 x25=0x00000000 x26=0x80000310 x27=0x800001fc x28=0xfffff91a x29=0x00000000 x30=0x00000001 x31=0x80000320
step=0199 retired_pc=0x8000031c debug_pc=0x8000031c inst=0x00000fef asm="jal x31,0"
x00=0x00000000 x01=0x80000000 x02=0x80010000 x03=0x00000001 x04=0x00000000 x05=0x00000000 x06=0x00000000 x07=0x00000001 x08=0x00000001 x09=0x00000001 x10=0xffff8000 x11=0x00000000 x12=0x00000000 x13=0x00000000 x14=0xfffffcef x15=0x00000001 x16=0x00000000 x17=0xffffe778 x18=0x00000001 x19=0xffffff3c x20=0x800002f8 x21=0x00000000 x22=0x7ffffc8d x23=0xf800001f x24=0x00000000 x25=0x00000000 x26=0x80000310 x27=0x800001fc x28=0xfffff91a x29=0x00000000 x30=0x00000001 x31=0x80000320
step=0200 retired_pc=0x8000031c debug_pc=0x8000031c inst=0x00000fef asm="jal x31,0"
x00=0x00000000 x01=0x80000000 x02=0x80010000 x03=0x00000001 x04=0x00000000 x05=0x00000000 x06=0x00000000 x07=0x00000001 x08=0x00000001 x09=0x00000001 x10=0xffff8000 x11=0x00000000 x12=0x00000000 x13=0x00000000 x14=0xfffffcef x15=0x00000001 x16=0x00000000 x17=0xffffe778 x18=0x00000001 x19=0xffffff3c x20=0x800002f8 x21=0x00000000 x22=0x7ffffc8d x23=0xf800001f x24=0x00000000 x25=0x00000000 x26=0x80000310 x27=0x800001fc x28=0xfffff91a x29=0x00000000 x30=0x00000001 x31=0x80000320
